date       time     [thread name/id ]                   file:line    v |
2026-02-04 10:51:04 [MainThread     ]                log.cpp:279   INFO| Opened log file Hades.log
2026-02-04 10:51:04 [MainThread     ]            program.cpp:1461   DBG| Previous stack guard size was 0 bytes
2026-02-04 10:51:04 [MainThread     ]    platformservice.cpp:387    DBG| Processor Count : 16
2026-02-04 10:51:04 [MainThread     ]            program.cpp:1701   DBG| TotalRam: 15901696000
2026-02-04 10:51:04 [MainThread     ]            program.cpp:1702   DBG| Running Hades in 64-bit
2026-02-04 10:51:04 [MainThread     ]            program.cpp:1756   ERR| mismatched file EncounterData.lua
2026-02-04 10:51:04 [MainThread     ]       pcsavedevice.cpp:249   INFO| Opening save file for reading: activeProfile
2026-02-04 10:51:04 [MainThread     ]     binaryloaddata.cpp:12    INFO| Reading 16 bytes
2026-02-04 10:51:04 [MainThread     ]     profilemanager.cpp:40    INFO| Loading default profile C:\users\steamuser\Documents\Saved Games\Hades Profile1
2026-02-04 10:51:04 [MainThread     ]     profilemanager.cpp:187   INFO| ProfileManager::Load(): Profile1.sjson 
2026-02-04 10:51:04 [MainThread     ]       pcsavedevice.cpp:249   INFO| Opening save file for reading: Profile1.sjson
2026-02-04 10:51:04 [MainThread     ]      configoptions.cpp:1567  INFO| ConfigOption: WindowHeight = 1080
2026-02-04 10:51:04 [MainThread     ]      configoptions.cpp:1560  INFO| ConfigOption: UseMouse = true
2026-02-04 10:51:04 [MainThread     ]      configoptions.cpp:1567  INFO| ConfigOption: NewUpdateSoundRevisionViewed = 38290
2026-02-04 10:51:04 [MainThread     ]      configoptions.cpp:1567  INFO| ConfigOption: BackupSaveCount = 2
2026-02-04 10:51:04 [MainThread     ]      configoptions.cpp:1567  INFO| ConfigOption: LastRoadmapRevisionViewed = 38290
2026-02-04 10:51:04 [MainThread     ]      configoptions.cpp:1567  INFO| ConfigOption: SwapInterval = 0
2026-02-04 10:51:04 [MainThread     ]      configoptions.cpp:1567  INFO| ConfigOption: DisplayIndex = 0
2026-02-04 10:51:04 [MainThread     ]      configoptions.cpp:1560  INFO| ConfigOption: ShowGameplayTimer = true
2026-02-04 10:51:04 [MainThread     ]      configoptions.cpp:1560  INFO| ConfigOption: ValidCheckpoint = false
2026-02-04 10:51:04 [MainThread     ]      configoptions.cpp:1567  INFO| ConfigOption: LastPatchNoteRevisionViewed = 38290
2026-02-04 10:51:04 [MainThread     ]      configoptions.cpp:1567  INFO| ConfigOption: ControlsResetRevisionViewed = 38290
2026-02-04 10:51:04 [MainThread     ]      configoptions.cpp:1567  INFO| ConfigOption: Y = 1080
2026-02-04 10:51:04 [MainThread     ]      configoptions.cpp:1567  INFO| ConfigOption: X = 1920
2026-02-04 10:51:04 [MainThread     ]      configoptions.cpp:1560  INFO| ConfigOption: DefaultControlsChosen = true
2026-02-04 10:51:04 [MainThread     ]      configoptions.cpp:1567  INFO| ConfigOption: WindowWidth = 1920
2026-02-04 10:51:04 [MainThread     ]     profilemanager.cpp:216   INFO| Load profile successful
2026-02-04 10:51:04 [MainThread     ]  windowsfilesystem.cpp:209    ERR| Error opening file: C:\users\steamuser\Documents\Saved Games\Hades\ARCHLINUX.sjson -- rb (error: No such file or directory)
2026-02-04 10:51:04 [MainThread     ]  windowsfilesystem.cpp:209    ERR| Error opening file: Z:\home\aechewhy\Games\Hades\Content\ConfigOptions\ARCHLINUX.sjson -- rb (error: No such file or directory)
2026-02-04 10:51:04 [MainThread     ]      configoptions.cpp:1588  INFO| ConfigOption: NextUpdateDate = NextUpdateCountdownCustom
2026-02-04 10:51:04 [MainThread     ]      configoptions.cpp:1588  INFO| ConfigOption: LastUpdateDate = 07-03-2020
2026-02-04 10:51:04 [MainThread     ]      configoptions.cpp:1588  INFO| ConfigOption: UpdateWarningDate = 11-01-2020
2026-02-04 10:51:04 [MainThread     ]      configoptions.cpp:1588  INFO| ConfigOption: SaveCollectionBeginDate = 10-05-2020
2026-02-04 10:51:04 [MainThread     ]      configoptions.cpp:1588  INFO| ConfigOption: SaveCollectionEndDate = 10-09-2020
2026-02-04 10:51:04 [MainThread     ]     binarysavedata.cpp:17    INFO| Writing 16 bytes
2026-02-04 10:51:04 [MainThread     ]            program.cpp:1837   DBG| Initial startup in 0.0 msec
2026-02-04 10:51:04 [MainThread     ]            program.cpp:1838   DBG| Profile load in 0.0 msec
2026-02-04 10:51:04 [MainThread     ]        windowsbase.cpp:358   INFO| ----Begin printing all displays available on the system----
2026-02-04 10:51:04 [MainThread     ]        windowsbase.cpp:362   INFO| Number of detected displays: 1
2026-02-04 10:51:04 [MainThread     ]        windowsbase.cpp:507   INFO| Display[0]: Generic Non-PnP Monitor
2026-02-04 10:51:04 [MainThread     ]        windowsbase.cpp:515   INFO| (320 x 200) (320 x 240) (640 x 350) (640 x 400) (720 x 400) (640 x 480) (720 x 480) 
2026-02-04 10:51:04 [MainThread     ]        windowsbase.cpp:515   INFO| (768 x 480) (864 x 486) (800 x 500) (960 x 540) (1024 x 576) (928 x 580) (800 x 600) 
2026-02-04 10:51:04 [MainThread     ]        windowsbase.cpp:515   INFO| (960 x 600) (1152 x 720) (1280 x 720) (1024 x 768) (1368 x 768) (1280 x 800) (1920 x 800) 
2026-02-04 10:51:04 [MainThread     ]        windowsbase.cpp:515   INFO| (1152 x 864) (1440 x 900) (1600 x 900) (1280 x 960) (1440 x 960) (1280 x 1024) (1400 x 1050) 
2026-02-04 10:51:04 [MainThread     ]        windowsbase.cpp:519   INFO| (1680 x 1050) (1440 x 1080) (1920 x 1080) 
2026-02-04 10:51:04 [MainThread     ]        windowsbase.cpp:523   INFO| ----Finish printing all displays available on the system----
2026-02-04 10:51:04 [MainThread     ]        windowsbase.cpp:682   INFO| Created window app Hades
2026-02-04 10:51:04 [MainThread     ]          sdlwindow.cpp:54     DBG| SDL Initialized with UseNativeGaInputNoControllers
2026-02-04 10:51:04 [MainThread     ]         resolution.cpp:163    DBG| Monitor modes:
2026-02-04 10:51:04 [MainThread     ]            program.cpp:2095  INFO| DisplayModes Configured
2026-02-04 10:51:04 [MainThread     ]     discord_client.cpp:70    INFO| [Discord SDK] Discord init error: 4
2026-02-04 10:51:04 [MainThread     ]            program.cpp:2106  INFO| PlatformService Initialized
2026-02-04 10:51:04 [MainThread     ]     inputsystemsdl.cpp:740    DBG| InputSystemSDL Initialized with UseNativeGaInputNoControllers
2026-02-04 10:51:04 [MainThread     ]  windowsfilesystem.cpp:209    ERR| Error opening file: Z:\home\aechewhy\Games\Hades\Content\gamecontrollerdb.txt -- rb (error: No such file or directory)
2026-02-04 10:51:04 [MainThread     ]            program.cpp:2113  INFO| InputSystem Initialized
2026-02-04 10:51:04 [MainThread     ]         direct3d11.cpp:833   INFO| Created DXGI1.2 factory.
2026-02-04 10:51:04 [MainThread     ]         filesystem.cpp:307    ERR| Trying to get an unset resource directory '8', make sure the resourceDirectory is set on start of the application
2026-02-04 10:51:05 [MainThread     ]         direct3d11.cpp:1012  INFO| gpuCount = 1
2026-02-04 10:51:05 [MainThread     ]         direct3d11.cpp:1088  INFO| GPU[0] detected. Vendor ID: 10de, Model ID: 28e0, Revision ID: 0, Preset: high, GPU Name: NVIDIA GeForce RTX 4060 Laptop GPU
2026-02-04 10:51:05 [MainThread     ]      gpudetecthelper.h:187   INFO| ----Begin printing all graphics adapters available on the system----
2026-02-04 10:51:05 [MainThread     ]      gpudetecthelper.h:124   INFO| Number of GPUs detected: 1
2026-02-04 10:51:05 [MainThread     ]      gpudetecthelper.h:150   INFO| Adapter Name: NVIDIA GeForce RTX 4060 Laptop GPU
2026-02-04 10:51:05 [MainThread     ]      gpudetecthelper.h:160   INFO| Driver Version: 35.0.99.9999
2026-02-04 10:51:05 [MainThread     ]      gpudetecthelper.h:170   INFO| Driver Date: 2-4-2026
2026-02-04 10:51:05 [MainThread     ]      gpudetecthelper.h:189   INFO| ----Finish printing all graphics adapters available on the system----
2026-02-04 10:51:05 [MainThread     ]         direct3d11.cpp:1122  INFO| GPU[0] is selected as default GPU
2026-02-04 10:51:05 [MainThread     ]         direct3d11.cpp:1123  INFO| Name of selected gpu: NVIDIA GeForce RTX 4060 Laptop GPU
2026-02-04 10:51:05 [MainThread     ]         direct3d11.cpp:1124  INFO| Vendor id of selected gpu: 0x10de
2026-02-04 10:51:05 [MainThread     ]         direct3d11.cpp:1125  INFO| Model id of selected gpu: 0x28e0
2026-02-04 10:51:05 [MainThread     ]         direct3d11.cpp:1126  INFO| Revision id of selected gpu: 0
2026-02-04 10:51:05 [MainThread     ]         direct3d11.cpp:1127  INFO| Preset of selected gpu: high
2026-02-04 10:51:05 [MainThread     ]         direct3d11.cpp:1128  INFO| Available VRAM of selected GPU 8585740288
2026-02-04 10:51:05 [MainThread     ]      gpudetecthelper.h:124   INFO| Number of GPUs detected: 1
2026-02-04 10:51:05 [MainThread     ]      gpudetecthelper.h:150   INFO| Adapter Name: NVIDIA GeForce RTX 4060 Laptop GPU
2026-02-04 10:51:05 [MainThread     ]      gpudetecthelper.h:160   INFO| Driver Version: 35.0.99.9999
2026-02-04 10:51:05 [MainThread     ]      gpudetecthelper.h:170   INFO| Driver Date: 2-4-2026
2026-02-04 10:51:05 [MainThread     ]            program.cpp:2122  INFO| Renderer Initialized
2026-02-04 10:51:05 [MainThread     ]         direct3d11.cpp:1626  INFO| Swapchain creation SUCCEEDED with SwapEffect 0
2026-02-04 10:51:05 [MainThread     ]            program.cpp:2125  INFO| Renderer Loaded
2026-02-04 10:51:05 [MainThread     ]                app.cpp:151   INFO| Starting app: Release 38290
2026-02-04 10:51:05 [MainThread     ]                app.cpp:169    DBG| Pool logging: 1
2026-02-04 10:51:05 [MainThread     ]         resolution.cpp:43     DBG| ____________________________________CalculateViewportForAspectRatio __________________
2026-02-04 10:51:05 [MainThread     ]         resolution.cpp:44     DBG| Target Aspect Ratio :1.777778
2026-02-04 10:51:05 [MainThread     ]         resolution.cpp:45     DBG| Screen width: 1920 height: 1080
2026-02-04 10:51:05 [MainThread     ]         resolution.cpp:46     DBG| keepAspectRatio: 1
2026-02-04 10:51:05 [MainThread     ]         resolution.cpp:50     DBG| actualAspectRatio :1.777778
2026-02-04 10:51:05 [MainThread     ]         resolution.cpp:54     DBG| height for letterBoxing  :1080
2026-02-04 10:51:05 [MainThread     ]         resolution.cpp:57     DBG| LetterBoxing  :0
2026-02-04 10:51:05 [MainThread     ]         resolution.cpp:77     DBG| ____________________________________CalculateViewportForAspectRatio __________________
2026-02-04 10:51:05 [MainThread     ]         resolution.cpp:95     DBG| ____________________________________Resolution::Resize __________________
2026-02-04 10:51:05 [MainThread     ]         resolution.cpp:96     DBG| VIEWPORT: X: 0  Y: 0 W: 1920 H: 1080
2026-02-04 10:51:05 [MainThread     ]         resolution.cpp:97     DBG| SCALE: X: 1.000000 Y: 1.000000
2026-02-04 10:51:05 [MainThread     ]         resolution.cpp:98     DBG| FULL_VIEWPORT: X: 0  Y: 0 W: 1920 H: 1080
2026-02-04 10:51:05 [MainThread     ]         resolution.cpp:99     DBG| ____________________________________Resolution::Resize__________________
2026-02-04 10:51:05 [MainThread     ]                app.cpp:176    DBG| Initializing graphics device: 1920x1080
2026-02-04 10:51:05 [MainThread     ]                app.cpp:183    DBG| Setting fullscreen: true
2026-02-04 10:51:05 [MainThread     ]                app.cpp:213    DBG| Create components
2026-02-04 10:51:05 [MainThread     ]                app.cpp:234    DBG| Full screen bloom
2026-02-04 10:51:05 [MainThread     ]                app.cpp:238    DBG| Frame rate counter
2026-02-04 10:51:05 [MainThread     ]                app.cpp:244    DBG| Done with constructor
2026-02-04 10:51:05 [MainThread     ]                app.cpp:247    DBG| Setting RandomSeed: 13333994
2026-02-04 10:51:05 [MainThread     ]                app.cpp:414    DBG| App Initialize
2026-02-04 10:51:05 [MainThread     ]                app.cpp:425    DBG| numWorkers = 6
2026-02-04 10:51:05 [MainThread     ]         direct3d11.cpp:2985  INFO| Descriptor (Sampler) : User specified Static Sampler
2026-02-04 10:51:05 [MainThread     ]         direct3d11.cpp:2985  INFO| Descriptor (Sampler) : User specified Static Sampler
2026-02-04 10:51:05 [MainThread     ]         direct3d11.cpp:2985  INFO| Descriptor (Sampler) : User specified Static Sampler
2026-02-04 10:51:05 [MainThread     ]         direct3d11.cpp:2985  INFO| Descriptor (Sampler) : User specified Static Sampler
2026-02-04 10:51:05 [MainThread     ]         direct3d11.cpp:2985  INFO| Descriptor (Sampler) : User specified Static Sampler
2026-02-04 10:51:05 [MainThread     ]         direct3d11.cpp:2985  INFO| Descriptor (Sampler) : User specified Static Sampler
2026-02-04 10:51:05 [MainThread     ]         direct3d11.cpp:2985  INFO| Descriptor (Sampler) : User specified Static Sampler
2026-02-04 10:51:05 [MainThread     ]         direct3d11.cpp:2985  INFO| Descriptor (Sampler) : User specified Static Sampler
2026-02-04 10:51:05 [MainThread     ]         direct3d11.cpp:2985  INFO| Descriptor (Sampler) : User specified Static Sampler
2026-02-04 10:51:05 [MainThread     ]         direct3d11.cpp:2985  INFO| Descriptor (Sampler) : User specified Static Sampler
2026-02-04 10:51:05 [MainThread     ]         direct3d11.cpp:2985  INFO| Descriptor (Sampler) : User specified Static Sampler
2026-02-04 10:51:05 [MainThread     ]         direct3d11.cpp:2985  INFO| Descriptor (Sampler) : User specified Static Sampler
2026-02-04 10:51:05 [MainThread     ]         direct3d11.cpp:2985  INFO| Descriptor (Sampler) : User specified Static Sampler
2026-02-04 10:51:05 [MainThread     ]         direct3d11.cpp:2985  INFO| Descriptor (Sampler) : User specified Static Sampler
2026-02-04 10:51:05 [MainThread     ]         direct3d11.cpp:2985  INFO| Descriptor (Sampler) : User specified Static Sampler
2026-02-04 10:51:05 [MainThread     ]         direct3d11.cpp:2985  INFO| Descriptor (Sampler) : User specified Static Sampler
2026-02-04 10:51:05 [MainThread     ]         direct3d11.cpp:2985  INFO| Descriptor (Sampler) : User specified Static Sampler
2026-02-04 10:51:05 [MainThread     ]         direct3d11.cpp:2985  INFO| Descriptor (Sampler) : User specified Static Sampler
2026-02-04 10:51:05 [MainThread     ]         direct3d11.cpp:2985  INFO| Descriptor (Sampler) : User specified Static Sampler
2026-02-04 10:51:05 [MainThread     ]         direct3d11.cpp:2985  INFO| Descriptor (Sampler) : User specified Static Sampler
2026-02-04 10:51:05 [MainThread     ]         direct3d11.cpp:2985  INFO| Descriptor (Sampler) : User specified Static Sampler
2026-02-04 10:51:05 [MainThread     ]         direct3d11.cpp:2985  INFO| Descriptor (Sampler) : User specified Static Sampler
2026-02-04 10:51:05 [MainThread     ]         direct3d11.cpp:2985  INFO| Descriptor (Sampler) : User specified Static Sampler
2026-02-04 10:51:05 [MainThread     ]         direct3d11.cpp:2985  INFO| Descriptor (Sampler) : User specified Static Sampler
2026-02-04 10:51:05 [MainThread     ]         direct3d11.cpp:2985  INFO| Descriptor (Sampler) : User specified Static Sampler
2026-02-04 10:51:05 [MainThread     ]         direct3d11.cpp:2985  INFO| Descriptor (Sampler) : User specified Static Sampler
2026-02-04 10:51:05 [MainThread     ]         direct3d11.cpp:2985  INFO| Descriptor (Sampler) : User specified Static Sampler
2026-02-04 10:51:05 [MainThread     ]         direct3d11.cpp:2985  INFO| Descriptor (Sampler) : User specified Static Sampler
2026-02-04 10:51:05 [MainThread     ]         direct3d11.cpp:2985  INFO| Descriptor (Sampler) : User specified Static Sampler
2026-02-04 10:51:05 [MainThread     ]         direct3d11.cpp:2985  INFO| Descriptor (Sampler) : User specified Static Sampler
2026-02-04 10:51:05 [MainThread     ]         direct3d11.cpp:2985  INFO| Descriptor (Sampler) : User specified Static Sampler
2026-02-04 10:51:05 [MainThread     ]         direct3d11.cpp:2985  INFO| Descriptor (Sampler) : User specified Static Sampler
2026-02-04 10:51:05 [MainThread     ]         direct3d11.cpp:2985  INFO| Descriptor (Sampler) : User specified Static Sampler
2026-02-04 10:51:05 [MainThread     ]         direct3d11.cpp:2985  INFO| Descriptor (Sampler) : User specified Static Sampler
2026-02-04 10:51:05 [MainThread     ]         direct3d11.cpp:2985  INFO| Descriptor (Sampler) : User specified Static Sampler
2026-02-04 10:51:05 [MainThread     ]         direct3d11.cpp:2985  INFO| Descriptor (Sampler) : User specified Static Sampler
2026-02-04 10:51:05 [MainThread     ]         direct3d11.cpp:2985  INFO| Descriptor (Sampler) : User specified Static Sampler
2026-02-04 10:51:05 [MainThread     ]         direct3d11.cpp:2985  INFO| Descriptor (Sampler) : User specified Static Sampler
2026-02-04 10:51:05 [MainThread     ]         direct3d11.cpp:2985  INFO| Descriptor (Sampler) : User specified Static Sampler
2026-02-04 10:51:05 [MainThread     ]         direct3d11.cpp:2985  INFO| Descriptor (Sampler) : User specified Static Sampler
2026-02-04 10:51:05 [MainThread     ]         direct3d11.cpp:2985  INFO| Descriptor (Sampler) : User specified Static Sampler
2026-02-04 10:51:05 [MainThread     ]         direct3d11.cpp:2985  INFO| Descriptor (Sampler) : User specified Static Sampler
2026-02-04 10:51:05 [MainThread     ]         direct3d11.cpp:2985  INFO| Descriptor (Sampler) : User specified Static Sampler
2026-02-04 10:51:05 [MainThread     ]         direct3d11.cpp:2985  INFO| Descriptor (Sampler) : User specified Static Sampler
2026-02-04 10:51:05 [MainThread     ]         direct3d11.cpp:2985  INFO| Descriptor (Sampler) : User specified Static Sampler
2026-02-04 10:51:05 [MainThread     ]         direct3d11.cpp:2985  INFO| Descriptor (Sampler) : User specified Static Sampler
2026-02-04 10:51:05 [MainThread     ]         direct3d11.cpp:2985  INFO| Descriptor (Sampler) : User specified Static Sampler
2026-02-04 10:51:05 [MainThread     ]         direct3d11.cpp:2985  INFO| Descriptor (Sampler) : User specified Static Sampler
2026-02-04 10:51:05 [MainThread     ]         direct3d11.cpp:2985  INFO| Descriptor (Sampler) : User specified Static Sampler
2026-02-04 10:51:05 [MainThread     ]         direct3d11.cpp:2985  INFO| Descriptor (Sampler) : User specified Static Sampler
2026-02-04 10:51:05 [MainThread     ]         direct3d11.cpp:2985  INFO| Descriptor (Sampler) : User specified Static Sampler
2026-02-04 10:51:05 [MainThread     ]         direct3d11.cpp:2985  INFO| Descriptor (Sampler) : User specified Static Sampler
2026-02-04 10:51:05 [MainThread     ]         direct3d11.cpp:2985  INFO| Descriptor (Sampler) : User specified Static Sampler
2026-02-04 10:51:05 [MainThread     ]         direct3d11.cpp:2985  INFO| Descriptor (Sampler) : User specified Static Sampler
2026-02-04 10:51:05 [MainThread     ]         direct3d11.cpp:2985  INFO| Descriptor (Sampler) : User specified Static Sampler
2026-02-04 10:51:05 [MainThread     ]         direct3d11.cpp:2985  INFO| Descriptor (Sampler) : User specified Static Sampler
2026-02-04 10:51:05 [MainThread     ]         direct3d11.cpp:2985  INFO| Descriptor (Sampler) : User specified Static Sampler
2026-02-04 10:51:05 [MainThread     ]   gameassetmanager.cpp:515   INFO| Loading package: Launch.pkg
2026-02-04 10:51:05 [MainThread     ]   gameassetmanager.cpp:436   INFO| Start reading manifest Launch
2026-02-04 10:51:05 [MainThread     ]   gameassetmanager.cpp:489   INFO| Done reading manifest Launch
2026-02-04 10:51:05 [MainThread     ]   gameassetmanager.cpp:545   INFO| Package Loaded: Launch
2026-02-04 10:51:05 [MainThread     ]      screenmanager.cpp:115    DBG| Load Launch Pkg took 0.009347 seconds
2026-02-04 10:51:05 [MainThread     ]   gameassetmanager.cpp:515   INFO| Loading package: Dev.pkg
2026-02-04 10:51:05 [MainThread     ]   gameassetmanager.cpp:436   INFO| Start reading manifest Dev
2026-02-04 10:51:05 [MainThread     ]   gameassetmanager.cpp:489   INFO| Done reading manifest Dev
2026-02-04 10:51:05 [MainThread     ]   gameassetmanager.cpp:545   INFO| Package Loaded: Dev
2026-02-04 10:51:05 [MainThread     ]      screenmanager.cpp:121    DBG| Dev Pkg took 0.062538 seconds
2026-02-04 10:51:05 [MainThread     ]      screenmanager.cpp:128    DBG| Localization::Init() took 0.092887 seconds
2026-02-04 10:51:05 [MainThread     ]             luaext.cpp:453   INFO| Lua interface destroyed
2026-02-04 10:51:05 [NoName         ]       pcsavedevice.cpp:249   INFO| Opening save file for reading: Profile1.ctrls
2026-02-04 10:51:05 [NoName         ]     binaryloaddata.cpp:12    INFO| Reading 526 bytes
2026-02-04 10:51:05 [MainThread     ]    gamedatamanager.cpp:355   INFO| Reading game data from Z:\home\aechewhy\Games\Hades\Content\Game
2026-02-04 10:51:05 [MainThread     ]                app.cpp:331    DBG| App.resize 1920x1080
2026-02-04 10:51:05 [MainThread     ]         resolution.cpp:43     DBG| ____________________________________CalculateViewportForAspectRatio __________________
2026-02-04 10:51:05 [MainThread     ]         resolution.cpp:44     DBG| Target Aspect Ratio :1.777778
2026-02-04 10:51:05 [MainThread     ]         resolution.cpp:45     DBG| Screen width: 1920 height: 1080
2026-02-04 10:51:05 [MainThread     ]         resolution.cpp:46     DBG| keepAspectRatio: 1
2026-02-04 10:51:05 [MainThread     ]         resolution.cpp:50     DBG| actualAspectRatio :1.777778
2026-02-04 10:51:05 [MainThread     ]         resolution.cpp:54     DBG| height for letterBoxing  :1080
2026-02-04 10:51:05 [MainThread     ]         resolution.cpp:57     DBG| LetterBoxing  :0
2026-02-04 10:51:05 [MainThread     ]         resolution.cpp:77     DBG| ____________________________________CalculateViewportForAspectRatio __________________
2026-02-04 10:51:05 [MainThread     ]         resolution.cpp:95     DBG| ____________________________________Resolution::Resize __________________
2026-02-04 10:51:05 [MainThread     ]         resolution.cpp:96     DBG| VIEWPORT: X: 0  Y: 0 W: 1920 H: 1080
2026-02-04 10:51:05 [MainThread     ]         resolution.cpp:97     DBG| SCALE: X: 1.000000 Y: 1.000000
2026-02-04 10:51:05 [MainThread     ]         resolution.cpp:98     DBG| FULL_VIEWPORT: X: 0  Y: 0 W: 1920 H: 1080
2026-02-04 10:51:05 [MainThread     ]         resolution.cpp:99     DBG| ____________________________________Resolution::Resize__________________
2026-02-04 10:51:05 [MainThread     ]       launchscreen.cpp:135    DBG| new LaunchScreen
2026-02-04 10:51:05 [MainThread     ]  windowsfilesystem.cpp:209    ERR| Error opening file: Z:\home\aechewhy\Games\Hades\Content\Game\LaunchScreen.sjson -- rb (error: No such file or directory)
2026-02-04 10:51:05 [MainThread     ]  platformanalytics.cpp:23     DBG| Initializing Analytics
2026-02-04 10:51:05 [NoName         ]       audiomanager.cpp:374    DBG| AudioManager.Initialize
2026-02-04 10:51:05 [MainThread     ]  platformanalytics.cpp:31     DBG| Done initializing Analytics
2026-02-04 10:51:05 [MainThread     ]            program.cpp:2297  INFO| Application Init+Load 1.578000
2026-02-04 10:51:05 [MainThread     ]            program.cpp:2311   DBG| User Document Path found!!
2026-02-04 10:51:05 [MainThread     ]            program.cpp:2325   DBG| Log file created
2026-02-04 10:51:05 [MainThread     ]            program.cpp:2339   DBG| Data correctly read!!
2026-02-04 10:51:05 [MainThread     ]        windowsbase.cpp:1150  INFO| Application Init+Load 1.578000
2026-02-04 10:51:05 [NoName         ]       launchscreen.cpp:62     DBG| Load Manifests took 0.103281
2026-02-04 10:51:05 [NoName         ]       audiomanager.cpp:464    DBG| FMOD Default Rate 48000 Mode 0 Speakers 0 Software Channels: 64
2026-02-04 10:51:05 [NoName         ]       audiomanager.cpp:470    DBG| FMOD changed to Rate: 48000 Mode: 3 Speakers: 2 Software Channels: 64
2026-02-04 10:51:05 [NoName         ]       audiomanager.cpp:546    DBG| FMOD post init Rate 48000 Mode 3 Speakers 2
2026-02-04 10:51:05 [NoName         ]       audiomanager.cpp:775    DBG| Loading bank: MasterBank.bank
2026-02-04 10:51:05 [NoName         ]       audiomanager.cpp:775    DBG| Loading bank: MasterBank.strings.bank
2026-02-04 10:51:05 [NoName         ]       audiomanager.cpp:775    DBG| Loading bank: Ambience.bank
2026-02-04 10:51:06 [NoName         ]       launchscreen.cpp:86     DBG| binkAtlases took 0.114256
2026-02-04 10:51:06 [NoName         ]   gameassetmanager.cpp:436   INFO| Start reading manifest GUI
2026-02-04 10:51:06 [NoName         ]   gameassetmanager.cpp:489   INFO| Done reading manifest GUI
2026-02-04 10:51:06 [GameAssetManagerLoadThread]   gameassetmanager.cpp:515   INFO| Loading package: GUI.pkg
2026-02-04 10:51:06 [NoName         ]       audiomanager.cpp:775    DBG| Loading bank: Music.bank
2026-02-04 10:51:06 [NoName         ]       audiomanager.cpp:775    DBG| Loading bank: Sounds.bank
2026-02-04 10:51:06 [NoName         ]       audiomanager.cpp:921    DBG| AudioManager categories loaded
2026-02-04 10:51:06 [NoName         ]       audiomanager.cpp:576    DBG| AudioManager.FModStartup complete
2026-02-04 10:51:06 [NoName         ]       audiomanager.cpp:384    DBG| AudioManager.Initialize complete
2026-02-04 10:51:06 [NoName         ]       launchscreen.cpp:119    DBG| AudioManager::Initialize took 0.357463
2026-02-04 10:51:06 [GameAssetManagerLoadThread]   gameassetmanager.cpp:545   INFO| Package Loaded: GUI
2026-02-04 10:51:06 [NoName         ]   gameassetmanager.cpp:436   INFO| Start reading manifest GUI_Mouse
2026-02-04 10:51:06 [NoName         ]   gameassetmanager.cpp:489   INFO| Done reading manifest GUI_Mouse
2026-02-04 10:51:06 [NoName         ]   gameassetmanager.cpp:436   INFO| Start reading manifest Fx
2026-02-04 10:51:06 [NoName         ]   gameassetmanager.cpp:489   INFO| Done reading manifest Fx
2026-02-04 10:51:06 [GameAssetManagerLoadThread]   gameassetmanager.cpp:515   INFO| Loading package: GUI_Mouse.pkg
2026-02-04 10:51:06 [GameAssetManagerLoadThread]   gameassetmanager.cpp:545   INFO| Package Loaded: GUI_Mouse
2026-02-04 10:51:06 [NoName         ]   gameassetmanager.cpp:436   INFO| Start reading manifest RoomManager
2026-02-04 10:51:06 [NoName         ]   gameassetmanager.cpp:489   INFO| Done reading manifest RoomManager
2026-02-04 10:51:06 [GameAssetManagerLoadThread]   gameassetmanager.cpp:515   INFO| Loading package: Fx.pkg
2026-02-04 10:51:06 [MainThread     ]            program.cpp:369   INFO| Window Inactive
2026-02-04 10:51:07 [GameAssetManagerLoadThread]   gameassetmanager.cpp:545   INFO| Package Loaded: Fx
2026-02-04 10:51:07 [NoName         ]   gameassetmanager.cpp:436   INFO| Start reading manifest UIScripts
2026-02-04 10:51:07 [NoName         ]   gameassetmanager.cpp:489   INFO| Done reading manifest UIScripts
2026-02-04 10:51:07 [GameAssetManagerLoadThread]   gameassetmanager.cpp:515   INFO| Loading package: RoomManager.pkg
2026-02-04 10:51:07 [NoName         ]       launchscreen.cpp:103    DBG| Load BasePackages took 1.028388
2026-02-04 10:51:07 [GameAssetManagerLoadThread]   gameassetmanager.cpp:545   INFO| Package Loaded: RoomManager
2026-02-04 10:51:07 [GameAssetManagerLoadThread]   gameassetmanager.cpp:515   INFO| Loading package: UIScripts.pkg
2026-02-04 10:51:07 [GameAssetManagerLoadThread]   gameassetmanager.cpp:545   INFO| Package Loaded: UIScripts
2026-02-04 10:51:07 [NoName         ]       launchscreen.cpp:105    DBG| Finished AssetManager Loading 
2026-02-04 10:51:07 [NoName         ]    gamedatamanager.cpp:821   INFO| Reading game data from Z:\home\aechewhy\Games\Hades\Content\Game
2026-02-04 10:51:07 [NoName         ]    gamedatamanager.cpp:835    DBG| ReadUnitData took 0.004060 seconds
2026-02-04 10:51:07 [NoName         ]    gamedatamanager.cpp:904    DBG| ReadWeaponData took 0.008317 seconds
2026-02-04 10:51:07 [NoName         ]    gamedatamanager.cpp:926    DBG| Projectile took 0.011105 seconds
2026-02-04 10:51:07 [NoName         ]    gamedatamanager.cpp:941    DBG| ReadObstacleData took 0.022621 seconds
2026-02-04 10:51:07 [NoName         ]    gamedatamanager.cpp:954    DBG| Other Dat took 0.004418 seconds
2026-02-04 10:51:07 [NoName         ]     binaryloaddata.cpp:12    INFO| Reading 32202 bytes
2026-02-04 10:51:07 [NoName         ]     binaryloaddata.cpp:12    INFO| Reading 128202 bytes
2026-02-04 10:51:07 [NoName         ]     binaryloaddata.cpp:12    INFO| Reading 28362 bytes
2026-02-04 10:51:07 [NoName         ]     binaryloaddata.cpp:12    INFO| Reading 2602 bytes
2026-02-04 10:51:07 [NoName         ]     binaryloaddata.cpp:12    INFO| Reading 39882 bytes
2026-02-04 10:51:07 [NoName         ]     binaryloaddata.cpp:12    INFO| Reading 19402 bytes
2026-02-04 10:51:07 [NoName         ]     binaryloaddata.cpp:12    INFO| Reading 30922 bytes
2026-02-04 10:51:07 [NoName         ]     binaryloaddata.cpp:12    INFO| Reading 32202 bytes
2026-02-04 10:51:07 [NoName         ]     binaryloaddata.cpp:12    INFO| Reading 38602 bytes
2026-02-04 10:51:07 [NoName         ]     binaryloaddata.cpp:12    INFO| Reading 38602 bytes
2026-02-04 10:51:07 [NoName         ]     binaryloaddata.cpp:12    INFO| Reading 32202 bytes
2026-02-04 10:51:07 [NoName         ]     binaryloaddata.cpp:12    INFO| Reading 38602 bytes
2026-02-04 10:51:07 [NoName         ]     binaryloaddata.cpp:12    INFO| Reading 184559 bytes
2026-02-04 10:51:07 [NoName         ]     binaryloaddata.cpp:12    INFO| Reading 69359 bytes
2026-02-04 10:51:07 [NoName         ]     binaryloaddata.cpp:12    INFO| Reading 115439 bytes
2026-02-04 10:51:07 [NoName         ]     binaryloaddata.cpp:12    INFO| Reading 19439 bytes
2026-02-04 10:51:07 [NoName         ]     binaryloaddata.cpp:12    INFO| Reading 1401 bytes
2026-02-04 10:51:07 [NoName         ]     binaryloaddata.cpp:12    INFO| Reading 8161 bytes
2026-02-04 10:51:07 [NoName         ]     binaryloaddata.cpp:12    INFO| Reading 53961 bytes
2026-02-04 10:51:07 [NoName         ]     binaryloaddata.cpp:12    INFO| Reading 36041 bytes
2026-02-04 10:51:07 [NoName         ]     binaryloaddata.cpp:12    INFO| Reading 10441 bytes
2026-02-04 10:51:07 [NoName         ]     binaryloaddata.cpp:12    INFO| Reading 33481 bytes
2026-02-04 10:51:07 [NoName         ]     binaryloaddata.cpp:12    INFO| Reading 1401 bytes
2026-02-04 10:51:07 [NoName         ]     binaryloaddata.cpp:12    INFO| Reading 3561 bytes
2026-02-04 10:51:07 [NoName         ]     binaryloaddata.cpp:12    INFO| Reading 1401 bytes
2026-02-04 10:51:07 [NoName         ]     binaryloaddata.cpp:12    INFO| Reading 51401 bytes
2026-02-04 10:51:07 [NoName         ]     binaryloaddata.cpp:12    INFO| Reading 61641 bytes
2026-02-04 10:51:07 [NoName         ]     binaryloaddata.cpp:12    INFO| Reading 8761 bytes
2026-02-04 10:51:07 [NoName         ]     binaryloaddata.cpp:12    INFO| Reading 6161 bytes
2026-02-04 10:51:07 [NoName         ]     binaryloaddata.cpp:12    INFO| Reading 59721 bytes
2026-02-04 10:51:07 [NoName         ]     binaryloaddata.cpp:12    INFO| Reading 52681 bytes
2026-02-04 10:51:07 [NoName         ]     binaryloaddata.cpp:12    INFO| Reading 128201 bytes
2026-02-04 10:51:07 [NoName         ]     binaryloaddata.cpp:12    INFO| Reading 224201 bytes
2026-02-04 10:51:07 [NoName         ]     binaryloaddata.cpp:12    INFO| Reading 107721 bytes
2026-02-04 10:51:07 [NoName         ]     binaryloaddata.cpp:12    INFO| Reading 56521 bytes
2026-02-04 10:51:07 [NoName         ]     binaryloaddata.cpp:12    INFO| Reading 10441 bytes
2026-02-04 10:51:07 [NoName         ]     binaryloaddata.cpp:12    INFO| Reading 3801 bytes
2026-02-04 10:51:07 [NoName         ]     binaryloaddata.cpp:12    INFO| Reading 45436 bytes
2026-02-04 10:51:07 [NoName         ]     binaryloaddata.cpp:12    INFO| Reading 1564 bytes
2026-02-04 10:51:07 [NoName         ]     binaryloaddata.cpp:12    INFO| Reading 41596 bytes
2026-02-04 10:51:07 [NoName         ]     binaryloaddata.cpp:12    INFO| Reading 30844 bytes
2026-02-04 10:51:07 [NoName         ]     binaryloaddata.cpp:12    INFO| Reading 38524 bytes
2026-02-04 10:51:07 [NoName         ]     binaryloaddata.cpp:12    INFO| Reading 23164 bytes
2026-02-04 10:51:07 [NoName         ]     binaryloaddata.cpp:12    INFO| Reading 92284 bytes
2026-02-04 10:51:07 [NoName         ]     binaryloaddata.cpp:12    INFO| Reading 32380 bytes
2026-02-04 10:51:07 [NoName         ]     binaryloaddata.cpp:12    INFO| Reading 75940 bytes
2026-02-04 10:51:07 [NoName         ]     binaryloaddata.cpp:12    INFO| Reading 101540 bytes
2026-02-04 10:51:07 [NoName         ]     binaryloaddata.cpp:12    INFO| Reading 71844 bytes
2026-02-04 10:51:07 [NoName         ]     binaryloaddata.cpp:12    INFO| Reading 119972 bytes
2026-02-04 10:51:07 [NoName         ]     binaryloaddata.cpp:12    INFO| Reading 17572 bytes
2026-02-04 10:51:07 [NoName         ]     binaryloaddata.cpp:12    INFO| Reading 24740 bytes
2026-02-04 10:51:07 [NoName         ]     binaryloaddata.cpp:12    INFO| Reading 29860 bytes
2026-02-04 10:51:07 [NoName         ]     binaryloaddata.cpp:12    INFO| Reading 50340 bytes
2026-02-04 10:51:07 [NoName         ]     binaryloaddata.cpp:12    INFO| Reading 47771 bytes
2026-02-04 10:51:07 [NoName         ]     binaryloaddata.cpp:12    INFO| Reading 107803 bytes
2026-02-04 10:51:07 [NoName         ]     binaryloaddata.cpp:12    INFO| Reading 107803 bytes
2026-02-04 10:51:07 [NoName         ]     binaryloaddata.cpp:12    INFO| Reading 107803 bytes
2026-02-04 10:51:07 [NoName         ]     binaryloaddata.cpp:12    INFO| Reading 114971 bytes
2026-02-04 10:51:07 [NoName         ]     binaryloaddata.cpp:12    INFO| Reading 215323 bytes
2026-02-04 10:51:07 [NoName         ]     binaryloaddata.cpp:12    INFO| Reading 57627 bytes
2026-02-04 10:51:07 [NoName         ]     binaryloaddata.cpp:12    INFO| Reading 183067 bytes
2026-02-04 10:51:07 [NoName         ]     binaryloaddata.cpp:12    INFO| Reading 179483 bytes
2026-02-04 10:51:07 [NoName         ]     binaryloaddata.cpp:12    INFO| Reading 55835 bytes
2026-02-04 10:51:07 [NoName         ]     binaryloaddata.cpp:12    INFO| Reading 75547 bytes
2026-02-04 10:51:07 [NoName         ]     binaryloaddata.cpp:12    INFO| Reading 54043 bytes
2026-02-04 10:51:07 [NoName         ]     binaryloaddata.cpp:12    INFO| Reading 114971 bytes
2026-02-04 10:51:07 [NoName         ]     binaryloaddata.cpp:12    INFO| Reading 57627 bytes
2026-02-04 10:51:07 [NoName         ]     binaryloaddata.cpp:12    INFO| Reading 89883 bytes
2026-02-04 10:51:07 [NoName         ]     binaryloaddata.cpp:12    INFO| Reading 111387 bytes
2026-02-04 10:51:07 [NoName         ]     binaryloaddata.cpp:12    INFO| Reading 140059 bytes
2026-02-04 10:51:07 [NoName         ]     binaryloaddata.cpp:12    INFO| Reading 55835 bytes
2026-02-04 10:51:07 [NoName         ]     binaryloaddata.cpp:12    INFO| Reading 54043 bytes
2026-02-04 10:51:07 [NoName         ]     binaryloaddata.cpp:12    INFO| Reading 57627 bytes
2026-02-04 10:51:07 [NoName         ]     binaryloaddata.cpp:12    INFO| Reading 114971 bytes
2026-02-04 10:51:07 [NoName         ]     binaryloaddata.cpp:12    INFO| Reading 215323 bytes
2026-02-04 10:51:07 [NoName         ]     binaryloaddata.cpp:12    INFO| Reading 8795 bytes
2026-02-04 10:51:07 [NoName         ]     binaryloaddata.cpp:12    INFO| Reading 57627 bytes
2026-02-04 10:51:07 [NoName         ]     binaryloaddata.cpp:12    INFO| Reading 236827 bytes
2026-02-04 10:51:07 [NoName         ]     binaryloaddata.cpp:12    INFO| Reading 36123 bytes
2026-02-04 10:51:07 [NoName         ]     binaryloaddata.cpp:12    INFO| Reading 89883 bytes
2026-02-04 10:51:07 [NoName         ]     binaryloaddata.cpp:12    INFO| Reading 197403 bytes
2026-02-04 10:51:07 [NoName         ]     binaryloaddata.cpp:12    INFO| Reading 45083 bytes
2026-02-04 10:51:07 [NoName         ]     binaryloaddata.cpp:12    INFO| Reading 45083 bytes
2026-02-04 10:51:07 [NoName         ]     binaryloaddata.cpp:12    INFO| Reading 54043 bytes
2026-02-04 10:51:07 [NoName         ]     binaryloaddata.cpp:12    INFO| Reading 86299 bytes
2026-02-04 10:51:07 [NoName         ]     binaryloaddata.cpp:12    INFO| Reading 136475 bytes
2026-02-04 10:51:07 [NoName         ]     binaryloaddata.cpp:12    INFO| Reading 138267 bytes
2026-02-04 10:51:07 [NoName         ]     binaryloaddata.cpp:12    INFO| Reading 114971 bytes
2026-02-04 10:51:07 [NoName         ]     binaryloaddata.cpp:12    INFO| Reading 57627 bytes
2026-02-04 10:51:07 [NoName         ]     binaryloaddata.cpp:12    INFO| Reading 57627 bytes
2026-02-04 10:51:07 [NoName         ]     binaryloaddata.cpp:12    INFO| Reading 57627 bytes
2026-02-04 10:51:07 [NoName         ]     binaryloaddata.cpp:12    INFO| Reading 57627 bytes
2026-02-04 10:51:07 [NoName         ]     binaryloaddata.cpp:12    INFO| Reading 57627 bytes
2026-02-04 10:51:07 [NoName         ]     binaryloaddata.cpp:12    INFO| Reading 186651 bytes
2026-02-04 10:51:07 [NoName         ]     binaryloaddata.cpp:12    INFO| Reading 143643 bytes
2026-02-04 10:51:07 [NoName         ]     binaryloaddata.cpp:12    INFO| Reading 161563 bytes
2026-02-04 10:51:07 [NoName         ]     binaryloaddata.cpp:12    INFO| Reading 54043 bytes
2026-02-04 10:51:07 [NoName         ]     binaryloaddata.cpp:12    INFO| Reading 57627 bytes
2026-02-04 10:51:07 [NoName         ]     binaryloaddata.cpp:12    INFO| Reading 269083 bytes
2026-02-04 10:51:07 [NoName         ]     binaryloaddata.cpp:12    INFO| Reading 304923 bytes
2026-02-04 10:51:07 [NoName         ]     binaryloaddata.cpp:12    INFO| Reading 63003 bytes
2026-02-04 10:51:07 [NoName         ]     binaryloaddata.cpp:12    INFO| Reading 204571 bytes
2026-02-04 10:51:07 [NoName         ]     binaryloaddata.cpp:12    INFO| Reading 150811 bytes
2026-02-04 10:51:07 [NoName         ]     binaryloaddata.cpp:12    INFO| Reading 134683 bytes
2026-02-04 10:51:07 [NoName         ]     binaryloaddata.cpp:12    INFO| Reading 107803 bytes
2026-02-04 10:51:07 [NoName         ]     binaryloaddata.cpp:12    INFO| Reading 27163 bytes
2026-02-04 10:51:07 [NoName         ]     binaryloaddata.cpp:12    INFO| Reading 229659 bytes
2026-02-04 10:51:07 [NoName         ]     binaryloaddata.cpp:12    INFO| Reading 28955 bytes
2026-02-04 10:51:07 [NoName         ]     binaryloaddata.cpp:12    INFO| Reading 304923 bytes
2026-02-04 10:51:07 [NoName         ]     binaryloaddata.cpp:12    INFO| Reading 236827 bytes
2026-02-04 10:51:07 [NoName         ]     binaryloaddata.cpp:12    INFO| Reading 71963 bytes
2026-02-04 10:51:07 [NoName         ]     binaryloaddata.cpp:12    INFO| Reading 122139 bytes
2026-02-04 10:51:07 [NoName         ]     binaryloaddata.cpp:12    INFO| Reading 168295 bytes
2026-02-04 10:51:07 [NoName         ]     binaryloaddata.cpp:12    INFO| Reading 114971 bytes
2026-02-04 10:51:07 [NoName         ]     binaryloaddata.cpp:12    INFO| Reading 118555 bytes
2026-02-04 10:51:07 [NoName         ]     binaryloaddata.cpp:12    INFO| Reading 63003 bytes
2026-02-04 10:51:07 [NoName         ]     binaryloaddata.cpp:12    INFO| Reading 114971 bytes
2026-02-04 10:51:07 [NoName         ]     binaryloaddata.cpp:12    INFO| Reading 134683 bytes
2026-02-04 10:51:07 [NoName         ]     binaryloaddata.cpp:12    INFO| Reading 111387 bytes
2026-02-04 10:51:07 [NoName         ]     binaryloaddata.cpp:12    INFO| Reading 63003 bytes
2026-02-04 10:51:07 [NoName         ]     binaryloaddata.cpp:12    INFO| Reading 89883 bytes
2026-02-04 10:51:07 [NoName         ]     binaryloaddata.cpp:12    INFO| Reading 107803 bytes
2026-02-04 10:51:07 [NoName         ]     binaryloaddata.cpp:12    INFO| Reading 125723 bytes
2026-02-04 10:51:07 [NoName         ]     binaryloaddata.cpp:12    INFO| Reading 154395 bytes
2026-02-04 10:51:07 [NoName         ]     binaryloaddata.cpp:12    INFO| Reading 63003 bytes
2026-02-04 10:51:07 [NoName         ]     binaryloaddata.cpp:12    INFO| Reading 114971 bytes
2026-02-04 10:51:07 [NoName         ]     binaryloaddata.cpp:12    INFO| Reading 114971 bytes
2026-02-04 10:51:07 [NoName         ]     binaryloaddata.cpp:12    INFO| Reading 63003 bytes
2026-02-04 10:51:07 [NoName         ]     binaryloaddata.cpp:12    INFO| Reading 114971 bytes
2026-02-04 10:51:07 [NoName         ]     binaryloaddata.cpp:12    INFO| Reading 111387 bytes
2026-02-04 10:51:07 [NoName         ]     binaryloaddata.cpp:12    INFO| Reading 149915 bytes
2026-02-04 10:51:07 [NoName         ]     binaryloaddata.cpp:12    INFO| Reading 89883 bytes
2026-02-04 10:51:07 [NoName         ]     binaryloaddata.cpp:12    INFO| Reading 159323 bytes
2026-02-04 10:51:07 [NoName         ]     binaryloaddata.cpp:12    INFO| Reading 116763 bytes
2026-02-04 10:51:07 [NoName         ]     binaryloaddata.cpp:12    INFO| Reading 44187 bytes
2026-02-04 10:51:07 [NoName         ]     binaryloaddata.cpp:12    INFO| Reading 22683 bytes
2026-02-04 10:51:07 [NoName         ]     binaryloaddata.cpp:12    INFO| Reading 125723 bytes
2026-02-04 10:51:07 [NoName         ]     binaryloaddata.cpp:12    INFO| Reading 18203 bytes
2026-02-04 10:51:07 [NoName         ]    gamedatamanager.cpp:977    DBG| ReadAnimationData took 0.278108 seconds
2026-02-04 10:51:07 [NoName         ]    gamedatamanager.cpp:982    DBG| ReadTextData took 0.048932 seconds
2026-02-04 10:51:07 [NoName         ]    gamedatamanager.cpp:990    DBG| ReadGameData took 0.377634 seconds
2026-02-04 10:51:20 [MainThread     ]            program.cpp:352   INFO| Window Active
2026-02-04 10:51:20 [MainThread     ]            program.cpp:352   INFO| Window Active
2026-02-04 10:51:20 [MainThread     ]       launchscreen.cpp:301    DBG| Done with boot load
2026-02-04 10:51:20 [MainThread     ]           ingameui.cpp:43    INFO| InGameUI Construct
2026-02-04 10:51:20 [MainThread     ]  windowsfilesystem.cpp:209    ERR| Error opening file: Z:\home\aechewhy\Games\Hades\Content\Game\InGameUI.sjson -- rb (error: No such file or directory)
2026-02-04 10:51:21 [MainThread     ]       launchscreen.cpp:667    DBG| Launch took 17.677715 seconds
2026-02-04 10:51:21 [MainThread     ]  windowsfilesystem.cpp:209    ERR| Error opening file: Z:\home\aechewhy\Games\Hades\Content\Game\MainMenuScreen.sjson -- rb (error: No such file or directory)
2026-02-04 10:51:24 [MainThread     ]  windowsfilesystem.cpp:209    ERR| Error opening file: Z:\home\aechewhy\Games\Hades\Content\Game\CloudSyncDialog.sjson -- rb (error: No such file or directory)
2026-02-04 10:51:24 [NoName         ]         platformfile.h:191    DBG| WindowsFile::DirectoryGetFiles(  C:\users\steamuser\Documents\Saved Games\Hades  ,  , *.sav  )
2026-02-04 10:51:24 [NoName         ]    progressmanager.cpp:843   INFO| ProgressManager.load Profile1.sav IPlatformSaveDevice
2026-02-04 10:51:24 [NoName         ]       pcsavedevice.cpp:249   INFO| Opening save file for reading: Profile1.sav
2026-02-04 10:51:24 [NoName         ]     binaryloaddata.cpp:12    INFO| Reading 662394 bytes
2026-02-04 10:51:24 [NoName         ]    progressmanager.cpp:882   INFO| Load succeeded
2026-02-04 10:51:24 [NoName         ]    progressmanager.cpp:843   INFO| ProgressManager.load Profile1.v.sav IPlatformSaveDevice
2026-02-04 10:51:24 [NoName         ]       pcsavedevice.cpp:249   INFO| Opening save file for reading: Profile1.v.sav
2026-02-04 10:51:24 [NoName         ]     binaryloaddata.cpp:12    INFO| Reading 9 bytes
2026-02-04 10:51:24 [NoName         ]    progressmanager.cpp:882   INFO| Load succeeded
2026-02-04 10:51:24 [NoName         ]    progressmanager.cpp:843   INFO| ProgressManager.load Profile1_Temp.sav IPlatformSaveDevice
2026-02-04 10:51:24 [NoName         ]       pcsavedevice.cpp:249   INFO| Opening save file for reading: Profile1_Temp.sav
2026-02-04 10:51:24 [NoName         ]     binaryloaddata.cpp:12    INFO| Reading 730948 bytes
2026-02-04 10:51:24 [NoName         ]    progressmanager.cpp:882   INFO| Load succeeded
2026-02-04 10:51:24 [NoName         ]    progressmanager.cpp:843   INFO| ProgressManager.load Profile2.sav IPlatformSaveDevice
2026-02-04 10:51:24 [NoName         ]       pcsavedevice.cpp:249   INFO| Opening save file for reading: Profile2.sav
2026-02-04 10:51:24 [NoName         ]     binaryloaddata.cpp:12    INFO| Reading 18025 bytes
2026-02-04 10:51:24 [NoName         ]    progressmanager.cpp:882   INFO| Load succeeded
2026-02-04 10:51:24 [NoName         ]    progressmanager.cpp:843   INFO| ProgressManager.load Profile2_Temp.sav IPlatformSaveDevice
2026-02-04 10:51:24 [NoName         ]       pcsavedevice.cpp:249   INFO| Opening save file for reading: Profile2_Temp.sav
2026-02-04 10:51:24 [NoName         ]     binaryloaddata.cpp:12    INFO| Reading 19920 bytes
2026-02-04 10:51:24 [NoName         ]    progressmanager.cpp:882   INFO| Load succeeded
2026-02-04 10:51:24 [NoName         ]    progressmanager.cpp:843   INFO| ProgressManager.load Profile3.sav IPlatformSaveDevice
2026-02-04 10:51:24 [NoName         ]       pcsavedevice.cpp:249   INFO| Opening save file for reading: Profile3.sav
2026-02-04 10:51:24 [NoName         ]     binaryloaddata.cpp:12    INFO| Reading 596112 bytes
2026-02-04 10:51:24 [NoName         ]    progressmanager.cpp:882   INFO| Load succeeded
2026-02-04 10:51:24 [MainThread     ] remoteprofilescreen.cpp:603    DBG| ActiveProfile = Profile1
2026-02-04 10:51:24 [MainThread     ] remoteprofilescreen.cpp:617    DBG| Profile1 == Profile1, ActiveProfile Index = 0
2026-02-04 10:51:24 [MainThread     ]  windowsfilesystem.cpp:209    ERR| Error opening file: Z:\home\aechewhy\Games\Hades\Content\Game\RemoteProfileScreen.sjson -- rb (error: No such file or directory)
2026-02-04 10:51:24 [MainThread     ] remoteprofilescreen.cpp:686    DBG| Finishing Creating Components For RemoteProfileScreen
2026-02-04 10:51:24 [NoName         ] remoteprofilescreen.cpp:61     DBG| SetupProfiles
2026-02-04 10:51:24 [NoName         ]         platformfile.h:191    DBG| WindowsFile::DirectoryGetFiles(  C:\users\steamuser\Documents\Saved Games\Hades  ,  , *.sjson  )
2026-02-04 10:51:24 [NoName         ] remoteprofilescreen.cpp:66     DBG| Total saves :6
2026-02-04 10:51:24 [NoName         ]    progressmanager.cpp:190    DBG| Getting Preferred Save
2026-02-04 10:51:24 [NoName         ]    progressmanager.cpp:198    DBG| MainSaveInfo
2026-02-04 10:51:24 [NoName         ]    progressmanager.cpp:205    DBG| tempSaveInfo
2026-02-04 10:51:24 [NoName         ]    progressmanager.cpp:212    DBG| mainSaveIndex >
2026-02-04 10:51:24 [NoName         ] remoteprofilescreen.cpp:75     DBG| localSaveFileName  :Profile1.sav
2026-02-04 10:51:24 [NoName         ] remoteprofilescreen.cpp:78     DBG| !saveFileName.empty()
2026-02-04 10:51:24 [NoName         ] remoteprofilescreen.cpp:82     DBG| mProfileButtons[0]->mDataValue: Profile1
2026-02-04 10:51:24 [NoName         ]    progressmanager.cpp:190    DBG| Getting Preferred Save
2026-02-04 10:51:24 [NoName         ]    progressmanager.cpp:198    DBG| MainSaveInfo
2026-02-04 10:51:24 [NoName         ]    progressmanager.cpp:205    DBG| tempSaveInfo
2026-02-04 10:51:24 [NoName         ]    progressmanager.cpp:212    DBG| mainSaveIndex >
2026-02-04 10:51:24 [NoName         ] remoteprofilescreen.cpp:75     DBG| localSaveFileName  :Profile2.sav
2026-02-04 10:51:24 [NoName         ] remoteprofilescreen.cpp:78     DBG| !saveFileName.empty()
2026-02-04 10:51:24 [NoName         ] remoteprofilescreen.cpp:82     DBG| mProfileButtons[1]->mDataValue: Profile2
2026-02-04 10:51:24 [NoName         ]    progressmanager.cpp:190    DBG| Getting Preferred Save
2026-02-04 10:51:24 [NoName         ]    progressmanager.cpp:198    DBG| MainSaveInfo
2026-02-04 10:51:24 [NoName         ]    progressmanager.cpp:205    DBG| tempSaveInfo
2026-02-04 10:51:24 [NoName         ]    progressmanager.cpp:212    DBG| mainSaveIndex >
2026-02-04 10:51:24 [NoName         ] remoteprofilescreen.cpp:75     DBG| localSaveFileName  :Profile3.sav
2026-02-04 10:51:24 [NoName         ] remoteprofilescreen.cpp:78     DBG| !saveFileName.empty()
2026-02-04 10:51:24 [NoName         ] remoteprofilescreen.cpp:82     DBG| mProfileButtons[2]->mDataValue: Profile3
2026-02-04 10:51:24 [NoName         ]    progressmanager.cpp:190    DBG| Getting Preferred Save
2026-02-04 10:51:24 [NoName         ]    progressmanager.cpp:198    DBG| MainSaveInfo
2026-02-04 10:51:24 [NoName         ]    progressmanager.cpp:205    DBG| tempSaveInfo
2026-02-04 10:51:24 [NoName         ]    progressmanager.cpp:212    DBG| mainSaveIndex >
2026-02-04 10:51:24 [NoName         ]    progressmanager.cpp:218    DBG| tempSaveIndex >
2026-02-04 10:51:24 [NoName         ]    progressmanager.cpp:238    DBG| mainSaveIndex >= 0
2026-02-04 10:51:24 [NoName         ] remoteprofilescreen.cpp:75     DBG| localSaveFileName  :
2026-02-04 10:51:25 [MainThread     ] remoteprofilescreen.cpp:778    DBG| Enter Profile Button
2026-02-04 10:51:25 [MainThread     ] remoteprofilescreen.cpp:486    DBG| Enter StartOrContinueGame
2026-02-04 10:51:25 [MainThread     ] remoteprofilescreen.cpp:506    DBG| loading CheckPoint
2026-02-04 10:51:25 [MainThread     ]    progressmanager.cpp:1243  INFO| ProgressManager.load Profile1.sav IPlatformSaveDevice
2026-02-04 10:51:25 [NoName         ]       pcsavedevice.cpp:249   INFO| Opening save file for reading: Profile1.sav
2026-02-04 10:51:25 [NoName         ]     binaryloaddata.cpp:12    INFO| Reading 662394 bytes
2026-02-04 10:51:25 [MainThread     ]    progressmanager.cpp:1305  INFO| Load succeeded
2026-02-04 10:51:25 [MainThread     ]                app.cpp:1488   DBG| App.Reset Start
2026-02-04 10:51:25 [MainThread     ]             luaext.cpp:453   INFO| Lua interface destroyed
2026-02-04 10:51:25 [MainThread     ]       audiomanager.cpp:158    DBG| AudioManager.reset
2026-02-04 10:51:25 [MainThread     ]       audiomanager.cpp:3420   DBG| AudioManager.reset, excludeId = -1, fullWipe = true
2026-02-04 10:51:25 [MainThread     ]     profilemanager.cpp:40    INFO| Loading default profile C:\users\steamuser\Documents\Saved Games\Hades Profile1
2026-02-04 10:51:25 [MainThread     ]     profilemanager.cpp:187   INFO| ProfileManager::Load(): Profile1.sjson 
2026-02-04 10:51:25 [MainThread     ]       pcsavedevice.cpp:249   INFO| Opening save file for reading: Profile1.sjson
2026-02-04 10:51:25 [MainThread     ]      configoptions.cpp:1567  INFO| ConfigOption: WindowHeight = 1080
2026-02-04 10:51:25 [MainThread     ]      configoptions.cpp:1560  INFO| ConfigOption: UseMouse = true
2026-02-04 10:51:25 [MainThread     ]      configoptions.cpp:1567  INFO| ConfigOption: NewUpdateSoundRevisionViewed = 38290
2026-02-04 10:51:25 [MainThread     ]      configoptions.cpp:1567  INFO| ConfigOption: BackupSaveCount = 2
2026-02-04 10:51:25 [MainThread     ]      configoptions.cpp:1567  INFO| ConfigOption: LastRoadmapRevisionViewed = 38290
2026-02-04 10:51:25 [MainThread     ]      configoptions.cpp:1567  INFO| ConfigOption: SwapInterval = 0
2026-02-04 10:51:25 [MainThread     ]      configoptions.cpp:1567  INFO| ConfigOption: DisplayIndex = 0
2026-02-04 10:51:25 [MainThread     ]      configoptions.cpp:1560  INFO| ConfigOption: ShowGameplayTimer = true
2026-02-04 10:51:25 [MainThread     ]      configoptions.cpp:1560  INFO| ConfigOption: ValidCheckpoint = false
2026-02-04 10:51:25 [MainThread     ]      configoptions.cpp:1567  INFO| ConfigOption: LastPatchNoteRevisionViewed = 38290
2026-02-04 10:51:25 [MainThread     ]      configoptions.cpp:1567  INFO| ConfigOption: ControlsResetRevisionViewed = 38290
2026-02-04 10:51:25 [MainThread     ]      configoptions.cpp:1567  INFO| ConfigOption: Y = 1080
2026-02-04 10:51:25 [MainThread     ]      configoptions.cpp:1567  INFO| ConfigOption: X = 1920
2026-02-04 10:51:25 [MainThread     ]      configoptions.cpp:1560  INFO| ConfigOption: DefaultControlsChosen = true
2026-02-04 10:51:25 [MainThread     ]      configoptions.cpp:1567  INFO| ConfigOption: WindowWidth = 1920
2026-02-04 10:51:25 [MainThread     ]     profilemanager.cpp:216   INFO| Load profile successful
2026-02-04 10:51:25 [MainThread     ]  windowsfilesystem.cpp:209    ERR| Error opening file: C:\users\steamuser\Documents\Saved Games\Hades\ARCHLINUX.sjson -- rb (error: No such file or directory)
2026-02-04 10:51:25 [MainThread     ]  windowsfilesystem.cpp:209    ERR| Error opening file: Z:\home\aechewhy\Games\Hades\Content\ConfigOptions\ARCHLINUX.sjson -- rb (error: No such file or directory)
2026-02-04 10:51:25 [MainThread     ]      configoptions.cpp:1588  INFO| ConfigOption: NextUpdateDate = NextUpdateCountdownCustom
2026-02-04 10:51:25 [MainThread     ]      configoptions.cpp:1588  INFO| ConfigOption: LastUpdateDate = 07-03-2020
2026-02-04 10:51:25 [MainThread     ]      configoptions.cpp:1588  INFO| ConfigOption: UpdateWarningDate = 11-01-2020
2026-02-04 10:51:25 [MainThread     ]      configoptions.cpp:1588  INFO| ConfigOption: SaveCollectionBeginDate = 10-05-2020
2026-02-04 10:51:25 [MainThread     ]      configoptions.cpp:1588  INFO| ConfigOption: SaveCollectionEndDate = 10-09-2020
2026-02-04 10:51:25 [MainThread     ]     binarysavedata.cpp:17    INFO| Writing 16 bytes
2026-02-04 10:51:25 [MainThread     ]                app.cpp:1539   DBG| App.Reset Finished
2026-02-04 10:51:25 [MainThread     ]              world.cpp:1526  INFO| World::Begin()  -> DeathArea
2026-02-04 10:51:25 [MainThread     ]       audiomanager.cpp:1062   DBG| Unloading map banks
2026-02-04 10:51:25 [NoName         ]              world.cpp:1329  INFO| Loading next map: DeathArea
2026-02-04 10:51:25 [NoName         ]              world.cpp:1370  INFO| PreScriptLoad
2026-02-04 10:51:25 [NoName         ]     binaryloaddata.cpp:12    INFO| Reading 650798 bytes
2026-02-04 10:51:25 [NoName         ]       audiomanager.cpp:1022   DBG| Loading map banks for: DeathArea
2026-02-04 10:51:25 [NoName         ]       audiomanager.cpp:775    DBG| Loading bank: DeathArea.bank
2026-02-04 10:51:25 [NoName         ]    progressmanager.cpp:1160  INFO| ProgressManager::LoadLua 661876 -> 3178660 4.802501 : 0.013100 s
2026-02-04 10:51:25 [NoName         ]              world.cpp:1382  INFO| PreScriptLoad Done
2026-02-04 10:51:25 [NoName         ]   gameassetmanager.cpp:436   INFO| Start reading manifest DeathArea
2026-02-04 10:51:25 [NoName         ]   gameassetmanager.cpp:489   INFO| Done reading manifest DeathArea
2026-02-04 10:51:25 [NoName         ]              world.cpp:1398   DBG| load packages took 0.002674
2026-02-04 10:51:25 [NoName         ]              world.cpp:1420   DBG| loadScriptsTask Done 
2026-02-04 10:51:25 [GameAssetManagerLoadThread]   gameassetmanager.cpp:515   INFO| Loading package: DeathArea.pkg
2026-02-04 10:51:25 [NoName         ]              world.cpp:1360   DBG| Map Load took 0.033155
2026-02-04 10:51:26 [GameAssetManagerLoadThread]   gameassetmanager.cpp:545   INFO| Package Loaded: DeathArea
2026-02-04 10:51:26 [NoName         ]              world.cpp:1424   DBG| Finished Asset Loading 
2026-02-04 10:51:26 [NoName         ]              world.cpp:1431   DBG| Calling PostLoad
2026-02-04 10:51:26 [NoName         ]   gameassetmanager.cpp:436   INFO| Start reading manifest DemeterUpgrade
2026-02-04 10:51:26 [NoName         ]   gameassetmanager.cpp:489   INFO| Done reading manifest DemeterUpgrade
2026-02-04 10:51:26 [NoName         ]   gameassetmanager.cpp:436   INFO| Start reading manifest AphroditeUpgrade
2026-02-04 10:51:26 [NoName         ]   gameassetmanager.cpp:489   INFO| Done reading manifest AphroditeUpgrade
2026-02-04 10:51:26 [GameAssetManagerLoadThread]   gameassetmanager.cpp:515   INFO| Loading package: DemeterUpgrade.pkg
2026-02-04 10:51:26 [GameAssetManagerLoadThread]   gameassetmanager.cpp:545   INFO| Package Loaded: DemeterUpgrade
2026-02-04 10:51:26 [GameAssetManagerLoadThread]   gameassetmanager.cpp:515   INFO| Loading package: AphroditeUpgrade.pkg
2026-02-04 10:51:26 [GameAssetManagerLoadThread]   gameassetmanager.cpp:545   INFO| Package Loaded: AphroditeUpgrade
2026-02-04 10:51:26 [NoName         ]   gameassetmanager.cpp:436   INFO| Start reading manifest AresUpgrade
2026-02-04 10:51:26 [NoName         ]   gameassetmanager.cpp:489   INFO| Done reading manifest AresUpgrade
2026-02-04 10:51:26 [GameAssetManagerLoadThread]   gameassetmanager.cpp:515   INFO| Loading package: AresUpgrade.pkg
2026-02-04 10:51:26 [GameAssetManagerLoadThread]   gameassetmanager.cpp:545   INFO| Package Loaded: AresUpgrade
2026-02-04 10:51:26 [NoName         ]   gameassetmanager.cpp:436   INFO| Start reading manifest AthenaUpgrade
2026-02-04 10:51:26 [NoName         ]   gameassetmanager.cpp:489   INFO| Done reading manifest AthenaUpgrade
2026-02-04 10:51:26 [GameAssetManagerLoadThread]   gameassetmanager.cpp:515   INFO| Loading package: AthenaUpgrade.pkg
2026-02-04 10:51:26 [GameAssetManagerLoadThread]   gameassetmanager.cpp:545   INFO| Package Loaded: AthenaUpgrade
2026-02-04 10:51:26 [NoName         ]   gameassetmanager.cpp:436   INFO| Start reading manifest ZeusUpgrade
2026-02-04 10:51:26 [NoName         ]   gameassetmanager.cpp:489   INFO| Done reading manifest ZeusUpgrade
2026-02-04 10:51:26 [NoName         ]   gameassetmanager.cpp:436   INFO| Start reading manifest Charts
2026-02-04 10:51:26 [NoName         ]   gameassetmanager.cpp:489   INFO| Done reading manifest Charts
2026-02-04 10:51:26 [GameAssetManagerLoadThread]   gameassetmanager.cpp:515   INFO| Loading package: ZeusUpgrade.pkg
2026-02-04 10:51:26 [GameAssetManagerLoadThread]   gameassetmanager.cpp:545   INFO| Package Loaded: ZeusUpgrade
2026-02-04 10:51:26 [GameAssetManagerLoadThread]   gameassetmanager.cpp:515   INFO| Loading package: Charts.pkg
2026-02-04 10:51:26 [NoName         ]              world.cpp:1433   DBG| Finished PostLaod
2026-02-04 10:51:26 [GameAssetManagerLoadThread]   gameassetmanager.cpp:545   INFO| Package Loaded: Charts
2026-02-04 10:51:26 [NoName         ]              world.cpp:1435   DBG| Finished Asset Loading 
2026-02-04 10:51:26 [NoName         ]              world.cpp:1440   DBG| end of postLoadTask
2026-02-04 10:51:26 [MainThread     ]   gameassetmanager.cpp:436   INFO| Start reading manifest ShieldThrow
2026-02-04 10:51:26 [MainThread     ]   gameassetmanager.cpp:489   INFO| Done reading manifest ShieldThrow
2026-02-04 10:51:26 [GameAssetManagerLoadThread]   gameassetmanager.cpp:515   INFO| Loading package: ShieldThrow.pkg
2026-02-04 10:51:26 [GameAssetManagerLoadThread]   gameassetmanager.cpp:545   INFO| Package Loaded: ShieldThrow
2026-02-04 10:51:26 [MainThread     ]   gameassetmanager.cpp:436   INFO| Start reading manifest ShieldWeapon
2026-02-04 10:51:26 [MainThread     ]   gameassetmanager.cpp:489   INFO| Done reading manifest ShieldWeapon
2026-02-04 10:51:26 [GameAssetManagerLoadThread]   gameassetmanager.cpp:515   INFO| Loading package: ShieldWeapon.pkg
2026-02-04 10:51:26 [GameAssetManagerLoadThread]   gameassetmanager.cpp:545   INFO| Package Loaded: ShieldWeapon
2026-02-04 10:51:27 [RenderThread   ]     rendercommands.cpp:625   INFO| Resetting RenderMesh Caches. ResetRequest: 1, BufferMaxLoad: 0.00
2026-02-04 10:51:44 [RenderThread   ]     rendercommands.cpp:625   INFO| Resetting RenderMesh Caches. ResetRequest: 0, BufferMaxLoad: 0.75
2026-02-04 10:52:02 [RenderThread   ]     rendercommands.cpp:625   INFO| Resetting RenderMesh Caches. ResetRequest: 0, BufferMaxLoad: 0.75
2026-02-04 10:52:45 [RenderThread   ]     rendercommands.cpp:625   INFO| Resetting RenderMesh Caches. ResetRequest: 0, BufferMaxLoad: 0.75
2026-02-04 10:53:20 [RenderThread   ]     rendercommands.cpp:625   INFO| Resetting RenderMesh Caches. ResetRequest: 0, BufferMaxLoad: 0.75
2026-02-04 10:53:25 [MainThread     ]              world.cpp:1526  INFO| World::Begin() DeathArea -> DeathAreaOffice
2026-02-04 10:53:25 [MainThread     ]    progressmanager.cpp:936   INFO| Lua::Save() : 0.015882 s
2026-02-04 10:53:25 [MainThread     ]    progressmanager.cpp:916   INFO| GatherSaveData : 0.019027 s
2026-02-04 10:53:25 [MainThread     ]       audiomanager.cpp:1057   DBG| Skipped unloading map banks
2026-02-04 10:53:25 [NoName         ]     binarysavedata.cpp:17    INFO| Writing 647774 bytes
2026-02-04 10:53:25 [NoName         ]              world.cpp:1329  INFO| Loading next map: DeathAreaOffice
2026-02-04 10:53:25 [NoName         ]              world.cpp:1370  INFO| PreScriptLoad
2026-02-04 10:53:25 [NoName         ]              world.cpp:1382  INFO| PreScriptLoad Done
2026-02-04 10:53:25 [NoName         ]              world.cpp:1398   DBG| load packages took 0.000010
2026-02-04 10:53:25 [NoName         ]              world.cpp:1420   DBG| loadScriptsTask Done 
2026-02-04 10:53:25 [NoName         ]              world.cpp:1424   DBG| Finished Asset Loading 
2026-02-04 10:53:25 [NoName         ]     binaryloaddata.cpp:12    INFO| Reading 174318 bytes
2026-02-04 10:53:25 [NoName         ]       audiomanager.cpp:1022   DBG| Loading map banks for: DeathAreaOffice
2026-02-04 10:53:25 [NoName         ]       audiomanager.cpp:775    DBG| Loading bank: DeathArea.bank
2026-02-04 10:53:25 [NoName         ]       audiomanager.cpp:832    DBG| Already loaded :DeathArea.bank
2026-02-04 10:53:25 [NoName         ]              world.cpp:1360   DBG| Map Load took 0.073774
2026-02-04 10:53:25 [NoName         ]              world.cpp:1431   DBG| Calling PostLoad
2026-02-04 10:53:25 [NoName         ]              world.cpp:1433   DBG| Finished PostLaod
2026-02-04 10:53:25 [NoName         ]              world.cpp:1435   DBG| Finished Asset Loading 
2026-02-04 10:53:25 [NoName         ]              world.cpp:1440   DBG| end of postLoadTask
2026-02-04 10:53:25 [RenderThread   ]     rendercommands.cpp:625   INFO| Resetting RenderMesh Caches. ResetRequest: 1, BufferMaxLoad: 0.35
2026-02-04 10:53:58 [RenderThread   ]     rendercommands.cpp:625   INFO| Resetting RenderMesh Caches. ResetRequest: 0, BufferMaxLoad: 0.75
2026-02-04 10:54:18 [RenderThread   ]     rendercommands.cpp:625   INFO| Resetting RenderMesh Caches. ResetRequest: 0, BufferMaxLoad: 0.75
2026-02-04 10:54:24 [MainThread     ]            program.cpp:369   INFO| Window Inactive
2026-02-04 10:54:25 [MainThread     ]            program.cpp:352   INFO| Window Active
2026-02-04 10:54:25 [MainThread     ]            program.cpp:352   INFO| Window Active
2026-02-04 10:54:37 [MainThread     ]              world.cpp:1526  INFO| World::Begin() DeathAreaOffice -> DeathArea
2026-02-04 10:54:37 [MainThread     ]    progressmanager.cpp:936   INFO| Lua::Save() : 0.015519 s
2026-02-04 10:54:37 [MainThread     ]    progressmanager.cpp:916   INFO| GatherSaveData : 0.018713 s
2026-02-04 10:54:37 [MainThread     ]       audiomanager.cpp:1057   DBG| Skipped unloading map banks
2026-02-04 10:54:37 [NoName         ]     binarysavedata.cpp:17    INFO| Writing 657365 bytes
2026-02-04 10:54:37 [NoName         ]              world.cpp:1370  INFO| PreScriptLoad
2026-02-04 10:54:37 [NoName         ]              world.cpp:1329  INFO| Loading next map: DeathArea
2026-02-04 10:54:37 [NoName         ]              world.cpp:1382  INFO| PreScriptLoad Done
2026-02-04 10:54:37 [NoName         ]              world.cpp:1398   DBG| load packages took 0.000007
2026-02-04 10:54:37 [NoName         ]              world.cpp:1420   DBG| loadScriptsTask Done 
2026-02-04 10:54:37 [NoName         ]              world.cpp:1424   DBG| Finished Asset Loading 
2026-02-04 10:54:37 [NoName         ]     binaryloaddata.cpp:12    INFO| Reading 650798 bytes
2026-02-04 10:54:37 [NoName         ]       audiomanager.cpp:1022   DBG| Loading map banks for: DeathArea
2026-02-04 10:54:37 [NoName         ]       audiomanager.cpp:775    DBG| Loading bank: DeathArea.bank
2026-02-04 10:54:37 [NoName         ]       audiomanager.cpp:832    DBG| Already loaded :DeathArea.bank
2026-02-04 10:54:37 [NoName         ]              world.cpp:1360   DBG| Map Load took 0.067782
2026-02-04 10:54:37 [NoName         ]              world.cpp:1431   DBG| Calling PostLoad
2026-02-04 10:54:37 [NoName         ]              world.cpp:1433   DBG| Finished PostLaod
2026-02-04 10:54:37 [NoName         ]              world.cpp:1435   DBG| Finished Asset Loading 
2026-02-04 10:54:37 [NoName         ]              world.cpp:1440   DBG| end of postLoadTask
2026-02-04 10:54:37 [RenderThread   ]     rendercommands.cpp:625   INFO| Resetting RenderMesh Caches. ResetRequest: 1, BufferMaxLoad: 0.67
2026-02-04 10:55:21 [RenderThread   ]     rendercommands.cpp:625   INFO| Resetting RenderMesh Caches. ResetRequest: 0, BufferMaxLoad: 0.75
2026-02-04 10:55:28 [RenderThread   ]     rendercommands.cpp:625   INFO| Resetting RenderMesh Caches. ResetRequest: 0, BufferMaxLoad: 0.75
2026-02-04 10:55:37 [RenderThread   ]     rendercommands.cpp:625   INFO| Resetting RenderMesh Caches. ResetRequest: 0, BufferMaxLoad: 0.75
2026-02-04 10:55:43 [RenderThread   ]     rendercommands.cpp:625   INFO| Resetting RenderMesh Caches. ResetRequest: 0, BufferMaxLoad: 0.75
2026-02-04 10:55:49 [RenderThread   ]     rendercommands.cpp:625   INFO| Resetting RenderMesh Caches. ResetRequest: 0, BufferMaxLoad: 0.75
2026-02-04 10:55:54 [RenderThread   ]     rendercommands.cpp:625   INFO| Resetting RenderMesh Caches. ResetRequest: 0, BufferMaxLoad: 0.75
2026-02-04 10:56:00 [RenderThread   ]     rendercommands.cpp:625   INFO| Resetting RenderMesh Caches. ResetRequest: 0, BufferMaxLoad: 0.75
2026-02-04 10:56:05 [RenderThread   ]     rendercommands.cpp:625   INFO| Resetting RenderMesh Caches. ResetRequest: 0, BufferMaxLoad: 0.75
2026-02-04 10:56:10 [RenderThread   ]     rendercommands.cpp:625   INFO| Resetting RenderMesh Caches. ResetRequest: 0, BufferMaxLoad: 0.75
2026-02-04 10:56:16 [RenderThread   ]     rendercommands.cpp:625   INFO| Resetting RenderMesh Caches. ResetRequest: 0, BufferMaxLoad: 0.75
2026-02-04 10:56:21 [RenderThread   ]     rendercommands.cpp:625   INFO| Resetting RenderMesh Caches. ResetRequest: 0, BufferMaxLoad: 0.75
2026-02-04 10:56:29 [RenderThread   ]     rendercommands.cpp:625   INFO| Resetting RenderMesh Caches. ResetRequest: 0, BufferMaxLoad: 0.75
2026-02-04 10:56:36 [RenderThread   ]     rendercommands.cpp:625   INFO| Resetting RenderMesh Caches. ResetRequest: 0, BufferMaxLoad: 0.75
2026-02-04 10:56:41 [RenderThread   ]     rendercommands.cpp:625   INFO| Resetting RenderMesh Caches. ResetRequest: 0, BufferMaxLoad: 0.75
2026-02-04 10:56:46 [RenderThread   ]     rendercommands.cpp:625   INFO| Resetting RenderMesh Caches. ResetRequest: 0, BufferMaxLoad: 0.75
2026-02-04 10:56:52 [RenderThread   ]     rendercommands.cpp:625   INFO| Resetting RenderMesh Caches. ResetRequest: 0, BufferMaxLoad: 0.75
2026-02-04 10:56:58 [RenderThread   ]     rendercommands.cpp:625   INFO| Resetting RenderMesh Caches. ResetRequest: 0, BufferMaxLoad: 0.75
2026-02-04 10:57:05 [RenderThread   ]     rendercommands.cpp:625   INFO| Resetting RenderMesh Caches. ResetRequest: 0, BufferMaxLoad: 0.75
2026-02-04 10:57:11 [RenderThread   ]     rendercommands.cpp:625   INFO| Resetting RenderMesh Caches. ResetRequest: 0, BufferMaxLoad: 0.75
2026-02-04 10:57:17 [RenderThread   ]     rendercommands.cpp:625   INFO| Resetting RenderMesh Caches. ResetRequest: 0, BufferMaxLoad: 0.75
2026-02-04 10:57:23 [RenderThread   ]     rendercommands.cpp:625   INFO| Resetting RenderMesh Caches. ResetRequest: 0, BufferMaxLoad: 0.75
2026-02-04 10:57:29 [RenderThread   ]     rendercommands.cpp:625   INFO| Resetting RenderMesh Caches. ResetRequest: 0, BufferMaxLoad: 0.75
2026-02-04 10:57:36 [RenderThread   ]     rendercommands.cpp:625   INFO| Resetting RenderMesh Caches. ResetRequest: 0, BufferMaxLoad: 0.75
2026-02-04 10:57:42 [RenderThread   ]     rendercommands.cpp:625   INFO| Resetting RenderMesh Caches. ResetRequest: 0, BufferMaxLoad: 0.75
2026-02-04 10:57:48 [RenderThread   ]     rendercommands.cpp:625   INFO| Resetting RenderMesh Caches. ResetRequest: 0, BufferMaxLoad: 0.75
2026-02-04 10:57:53 [RenderThread   ]     rendercommands.cpp:625   INFO| Resetting RenderMesh Caches. ResetRequest: 0, BufferMaxLoad: 0.75
2026-02-04 10:57:59 [RenderThread   ]     rendercommands.cpp:625   INFO| Resetting RenderMesh Caches. ResetRequest: 0, BufferMaxLoad: 0.75
2026-02-04 10:58:05 [RenderThread   ]     rendercommands.cpp:625   INFO| Resetting RenderMesh Caches. ResetRequest: 0, BufferMaxLoad: 0.75
2026-02-04 10:58:11 [RenderThread   ]     rendercommands.cpp:625   INFO| Resetting RenderMesh Caches. ResetRequest: 0, BufferMaxLoad: 0.75
2026-02-04 10:58:17 [RenderThread   ]     rendercommands.cpp:625   INFO| Resetting RenderMesh Caches. ResetRequest: 0, BufferMaxLoad: 0.75
2026-02-04 10:58:23 [RenderThread   ]     rendercommands.cpp:625   INFO| Resetting RenderMesh Caches. ResetRequest: 0, BufferMaxLoad: 0.75
2026-02-04 10:58:29 [RenderThread   ]     rendercommands.cpp:625   INFO| Resetting RenderMesh Caches. ResetRequest: 0, BufferMaxLoad: 0.75
2026-02-04 10:58:35 [RenderThread   ]     rendercommands.cpp:625   INFO| Resetting RenderMesh Caches. ResetRequest: 0, BufferMaxLoad: 0.75
2026-02-04 10:58:41 [RenderThread   ]     rendercommands.cpp:625   INFO| Resetting RenderMesh Caches. ResetRequest: 0, BufferMaxLoad: 0.75
2026-02-04 10:58:47 [RenderThread   ]     rendercommands.cpp:625   INFO| Resetting RenderMesh Caches. ResetRequest: 0, BufferMaxLoad: 0.75
2026-02-04 10:58:55 [RenderThread   ]     rendercommands.cpp:625   INFO| Resetting RenderMesh Caches. ResetRequest: 0, BufferMaxLoad: 0.75
2026-02-04 10:59:02 [RenderThread   ]     rendercommands.cpp:625   INFO| Resetting RenderMesh Caches. ResetRequest: 0, BufferMaxLoad: 0.75
2026-02-04 10:59:08 [RenderThread   ]     rendercommands.cpp:625   INFO| Resetting RenderMesh Caches. ResetRequest: 0, BufferMaxLoad: 0.75
2026-02-04 10:59:14 [RenderThread   ]     rendercommands.cpp:625   INFO| Resetting RenderMesh Caches. ResetRequest: 0, BufferMaxLoad: 0.75
2026-02-04 10:59:20 [RenderThread   ]     rendercommands.cpp:625   INFO| Resetting RenderMesh Caches. ResetRequest: 0, BufferMaxLoad: 0.75
2026-02-04 10:59:26 [RenderThread   ]     rendercommands.cpp:625   INFO| Resetting RenderMesh Caches. ResetRequest: 0, BufferMaxLoad: 0.75
2026-02-04 10:59:32 [RenderThread   ]     rendercommands.cpp:625   INFO| Resetting RenderMesh Caches. ResetRequest: 0, BufferMaxLoad: 0.75
2026-02-04 10:59:37 [RenderThread   ]     rendercommands.cpp:625   INFO| Resetting RenderMesh Caches. ResetRequest: 0, BufferMaxLoad: 0.75
2026-02-04 10:59:43 [RenderThread   ]     rendercommands.cpp:625   INFO| Resetting RenderMesh Caches. ResetRequest: 0, BufferMaxLoad: 0.75
2026-02-04 10:59:49 [RenderThread   ]     rendercommands.cpp:625   INFO| Resetting RenderMesh Caches. ResetRequest: 0, BufferMaxLoad: 0.75
2026-02-04 10:59:56 [RenderThread   ]     rendercommands.cpp:625   INFO| Resetting RenderMesh Caches. ResetRequest: 0, BufferMaxLoad: 0.75
2026-02-04 11:00:02 [RenderThread   ]     rendercommands.cpp:625   INFO| Resetting RenderMesh Caches. ResetRequest: 0, BufferMaxLoad: 0.75
2026-02-04 11:00:10 [RenderThread   ]     rendercommands.cpp:625   INFO| Resetting RenderMesh Caches. ResetRequest: 0, BufferMaxLoad: 0.75
2026-02-04 11:00:17 [RenderThread   ]     rendercommands.cpp:625   INFO| Resetting RenderMesh Caches. ResetRequest: 0, BufferMaxLoad: 0.75
2026-02-04 11:00:23 [RenderThread   ]     rendercommands.cpp:625   INFO| Resetting RenderMesh Caches. ResetRequest: 0, BufferMaxLoad: 0.75
2026-02-04 11:00:29 [RenderThread   ]     rendercommands.cpp:625   INFO| Resetting RenderMesh Caches. ResetRequest: 0, BufferMaxLoad: 0.75
2026-02-04 11:00:36 [RenderThread   ]     rendercommands.cpp:625   INFO| Resetting RenderMesh Caches. ResetRequest: 0, BufferMaxLoad: 0.75
2026-02-04 11:00:41 [RenderThread   ]     rendercommands.cpp:625   INFO| Resetting RenderMesh Caches. ResetRequest: 0, BufferMaxLoad: 0.75
2026-02-04 11:00:48 [RenderThread   ]     rendercommands.cpp:625   INFO| Resetting RenderMesh Caches. ResetRequest: 0, BufferMaxLoad: 0.75
2026-02-04 11:00:55 [RenderThread   ]     rendercommands.cpp:625   INFO| Resetting RenderMesh Caches. ResetRequest: 0, BufferMaxLoad: 0.75
2026-02-04 11:01:01 [RenderThread   ]     rendercommands.cpp:625   INFO| Resetting RenderMesh Caches. ResetRequest: 0, BufferMaxLoad: 0.75
2026-02-04 11:01:08 [RenderThread   ]     rendercommands.cpp:625   INFO| Resetting RenderMesh Caches. ResetRequest: 0, BufferMaxLoad: 0.75
2026-02-04 11:01:14 [RenderThread   ]     rendercommands.cpp:625   INFO| Resetting RenderMesh Caches. ResetRequest: 0, BufferMaxLoad: 0.75
2026-02-04 11:01:21 [RenderThread   ]     rendercommands.cpp:625   INFO| Resetting RenderMesh Caches. ResetRequest: 0, BufferMaxLoad: 0.75
2026-02-04 11:01:29 [RenderThread   ]     rendercommands.cpp:625   INFO| Resetting RenderMesh Caches. ResetRequest: 0, BufferMaxLoad: 0.75
2026-02-04 11:01:35 [RenderThread   ]     rendercommands.cpp:625   INFO| Resetting RenderMesh Caches. ResetRequest: 0, BufferMaxLoad: 0.75
2026-02-04 11:01:43 [RenderThread   ]     rendercommands.cpp:625   INFO| Resetting RenderMesh Caches. ResetRequest: 0, BufferMaxLoad: 0.75
2026-02-04 11:01:49 [RenderThread   ]     rendercommands.cpp:625   INFO| Resetting RenderMesh Caches. ResetRequest: 0, BufferMaxLoad: 0.75
2026-02-04 11:01:57 [RenderThread   ]     rendercommands.cpp:625   INFO| Resetting RenderMesh Caches. ResetRequest: 0, BufferMaxLoad: 0.75
2026-02-04 11:02:07 [RenderThread   ]     rendercommands.cpp:625   INFO| Resetting RenderMesh Caches. ResetRequest: 0, BufferMaxLoad: 0.75
2026-02-04 11:02:12 [RenderThread   ]     rendercommands.cpp:625   INFO| Resetting RenderMesh Caches. ResetRequest: 0, BufferMaxLoad: 0.75
2026-02-04 11:02:19 [RenderThread   ]     rendercommands.cpp:625   INFO| Resetting RenderMesh Caches. ResetRequest: 0, BufferMaxLoad: 0.75
2026-02-04 11:02:25 [RenderThread   ]     rendercommands.cpp:625   INFO| Resetting RenderMesh Caches. ResetRequest: 0, BufferMaxLoad: 0.75
2026-02-04 11:02:31 [RenderThread   ]     rendercommands.cpp:625   INFO| Resetting RenderMesh Caches. ResetRequest: 0, BufferMaxLoad: 0.75
2026-02-04 11:02:37 [RenderThread   ]     rendercommands.cpp:625   INFO| Resetting RenderMesh Caches. ResetRequest: 0, BufferMaxLoad: 0.75
2026-02-04 11:02:41 [RenderThread   ]     rendercommands.cpp:625   INFO| Resetting RenderMesh Caches. ResetRequest: 0, BufferMaxLoad: 0.75
2026-02-04 11:02:47 [RenderThread   ]     rendercommands.cpp:625   INFO| Resetting RenderMesh Caches. ResetRequest: 0, BufferMaxLoad: 0.75
2026-02-04 11:02:54 [RenderThread   ]     rendercommands.cpp:625   INFO| Resetting RenderMesh Caches. ResetRequest: 0, BufferMaxLoad: 0.75
2026-02-04 11:02:59 [RenderThread   ]     rendercommands.cpp:625   INFO| Resetting RenderMesh Caches. ResetRequest: 0, BufferMaxLoad: 0.75
2026-02-04 11:03:05 [RenderThread   ]     rendercommands.cpp:625   INFO| Resetting RenderMesh Caches. ResetRequest: 0, BufferMaxLoad: 0.75
2026-02-04 11:03:12 [RenderThread   ]     rendercommands.cpp:625   INFO| Resetting RenderMesh Caches. ResetRequest: 0, BufferMaxLoad: 0.75
2026-02-04 11:03:18 [RenderThread   ]     rendercommands.cpp:625   INFO| Resetting RenderMesh Caches. ResetRequest: 0, BufferMaxLoad: 0.75
2026-02-04 11:03:24 [RenderThread   ]     rendercommands.cpp:625   INFO| Resetting RenderMesh Caches. ResetRequest: 0, BufferMaxLoad: 0.75
2026-02-04 11:03:31 [RenderThread   ]     rendercommands.cpp:625   INFO| Resetting RenderMesh Caches. ResetRequest: 0, BufferMaxLoad: 0.75
2026-02-04 11:03:37 [RenderThread   ]     rendercommands.cpp:625   INFO| Resetting RenderMesh Caches. ResetRequest: 0, BufferMaxLoad: 0.75
2026-02-04 11:03:43 [RenderThread   ]     rendercommands.cpp:625   INFO| Resetting RenderMesh Caches. ResetRequest: 0, BufferMaxLoad: 0.75
2026-02-04 11:03:46 [RenderThread   ]     rendercommands.cpp:625   INFO| Resetting RenderMesh Caches. ResetRequest: 0, BufferMaxLoad: 0.75
2026-02-04 11:03:49 [RenderThread   ]     rendercommands.cpp:625   INFO| Resetting RenderMesh Caches. ResetRequest: 0, BufferMaxLoad: 0.75
2026-02-04 11:03:53 [RenderThread   ]     rendercommands.cpp:625   INFO| Resetting RenderMesh Caches. ResetRequest: 0, BufferMaxLoad: 0.75
2026-02-04 11:03:56 [RenderThread   ]     rendercommands.cpp:625   INFO| Resetting RenderMesh Caches. ResetRequest: 0, BufferMaxLoad: 0.75
2026-02-04 11:04:00 [RenderThread   ]     rendercommands.cpp:625   INFO| Resetting RenderMesh Caches. ResetRequest: 0, BufferMaxLoad: 0.75
2026-02-04 11:04:04 [RenderThread   ]     rendercommands.cpp:625   INFO| Resetting RenderMesh Caches. ResetRequest: 0, BufferMaxLoad: 0.75
2026-02-04 11:04:07 [RenderThread   ]     rendercommands.cpp:625   INFO| Resetting RenderMesh Caches. ResetRequest: 0, BufferMaxLoad: 0.75
2026-02-04 11:04:11 [RenderThread   ]     rendercommands.cpp:625   INFO| Resetting RenderMesh Caches. ResetRequest: 0, BufferMaxLoad: 0.75
2026-02-04 11:04:15 [RenderThread   ]     rendercommands.cpp:625   INFO| Resetting RenderMesh Caches. ResetRequest: 0, BufferMaxLoad: 0.75
2026-02-04 11:04:19 [RenderThread   ]     rendercommands.cpp:625   INFO| Resetting RenderMesh Caches. ResetRequest: 0, BufferMaxLoad: 0.75
2026-02-04 11:04:23 [RenderThread   ]     rendercommands.cpp:625   INFO| Resetting RenderMesh Caches. ResetRequest: 0, BufferMaxLoad: 0.75
2026-02-04 11:04:27 [RenderThread   ]     rendercommands.cpp:625   INFO| Resetting RenderMesh Caches. ResetRequest: 0, BufferMaxLoad: 0.75
2026-02-04 11:04:29 [MainThread     ]              world.cpp:1526  INFO| World::Begin() DeathArea -> DeathAreaBedroom
2026-02-04 11:04:29 [MainThread     ]    progressmanager.cpp:936   INFO| Lua::Save() : 0.015247 s
2026-02-04 11:04:29 [MainThread     ]    progressmanager.cpp:916   INFO| GatherSaveData : 0.018394 s
2026-02-04 11:04:29 [MainThread     ]       audiomanager.cpp:1057   DBG| Skipped unloading map banks
2026-02-04 11:04:29 [NoName         ]     binarysavedata.cpp:17    INFO| Writing 660233 bytes
2026-02-04 11:04:29 [NoName         ]              world.cpp:1329  INFO| Loading next map: DeathAreaBedroom
2026-02-04 11:04:29 [NoName         ]              world.cpp:1370  INFO| PreScriptLoad
2026-02-04 11:04:29 [NoName         ]              world.cpp:1382  INFO| PreScriptLoad Done
2026-02-04 11:04:29 [NoName         ]              world.cpp:1398   DBG| load packages took 0.000007
2026-02-04 11:04:29 [NoName         ]              world.cpp:1420   DBG| loadScriptsTask Done 
2026-02-04 11:04:29 [NoName         ]              world.cpp:1424   DBG| Finished Asset Loading 
2026-02-04 11:04:29 [NoName         ]     binaryloaddata.cpp:12    INFO| Reading 93596 bytes
2026-02-04 11:04:29 [NoName         ]       audiomanager.cpp:1022   DBG| Loading map banks for: DeathAreaBedroom
2026-02-04 11:04:29 [NoName         ]       audiomanager.cpp:775    DBG| Loading bank: DeathArea.bank
2026-02-04 11:04:29 [NoName         ]       audiomanager.cpp:832    DBG| Already loaded :DeathArea.bank
2026-02-04 11:04:29 [NoName         ]              world.cpp:1360   DBG| Map Load took 0.077073
2026-02-04 11:04:29 [NoName         ]              world.cpp:1431   DBG| Calling PostLoad
2026-02-04 11:04:29 [NoName         ]              world.cpp:1433   DBG| Finished PostLaod
2026-02-04 11:04:29 [NoName         ]              world.cpp:1435   DBG| Finished Asset Loading 
2026-02-04 11:04:29 [NoName         ]              world.cpp:1440   DBG| end of postLoadTask
2026-02-04 11:04:30 [RenderThread   ]     rendercommands.cpp:625   INFO| Resetting RenderMesh Caches. ResetRequest: 1, BufferMaxLoad: 0.67
2026-02-04 11:04:48 [RenderThread   ]     rendercommands.cpp:625   INFO| Resetting RenderMesh Caches. ResetRequest: 0, BufferMaxLoad: 0.75
2026-02-04 11:05:51 [RenderThread   ]     rendercommands.cpp:625   INFO| Resetting RenderMesh Caches. ResetRequest: 0, BufferMaxLoad: 0.75
2026-02-04 11:05:54 [MainThread     ]              world.cpp:1526  INFO| World::Begin() DeathAreaBedroom -> RoomPreRun
2026-02-04 11:05:54 [MainThread     ]    progressmanager.cpp:936   INFO| Lua::Save() : 0.014670 s
2026-02-04 11:05:54 [MainThread     ]    progressmanager.cpp:916   INFO| GatherSaveData : 0.017893 s
2026-02-04 11:05:54 [MainThread     ]       audiomanager.cpp:1057   DBG| Skipped unloading map banks
2026-02-04 11:05:54 [NoName         ]     binarysavedata.cpp:17    INFO| Writing 670413 bytes
2026-02-04 11:05:54 [NoName         ]              world.cpp:1329  INFO| Loading next map: RoomPreRun
2026-02-04 11:05:54 [NoName         ]              world.cpp:1370  INFO| PreScriptLoad
2026-02-04 11:05:54 [NoName         ]              world.cpp:1382  INFO| PreScriptLoad Done
2026-02-04 11:05:54 [NoName         ]              world.cpp:1398   DBG| load packages took 0.000008
2026-02-04 11:05:54 [NoName         ]              world.cpp:1420   DBG| loadScriptsTask Done 
2026-02-04 11:05:54 [NoName         ]              world.cpp:1424   DBG| Finished Asset Loading 
2026-02-04 11:05:54 [NoName         ]     binaryloaddata.cpp:12    INFO| Reading 164312 bytes
2026-02-04 11:05:54 [NoName         ]       audiomanager.cpp:1022   DBG| Loading map banks for: RoomPreRun
2026-02-04 11:05:54 [NoName         ]       audiomanager.cpp:775    DBG| Loading bank: DeathArea.bank
2026-02-04 11:05:54 [NoName         ]       audiomanager.cpp:832    DBG| Already loaded :DeathArea.bank
2026-02-04 11:05:54 [NoName         ]              world.cpp:1360   DBG| Map Load took 0.066903
2026-02-04 11:05:54 [NoName         ]              world.cpp:1431   DBG| Calling PostLoad
2026-02-04 11:05:54 [NoName         ]              world.cpp:1433   DBG| Finished PostLaod
2026-02-04 11:05:54 [NoName         ]              world.cpp:1435   DBG| Finished Asset Loading 
2026-02-04 11:05:54 [NoName         ]              world.cpp:1440   DBG| end of postLoadTask
2026-02-04 11:05:54 [MainThread     ]   gameassetmanager.cpp:436   INFO| Start reading manifest SwordWeapon
2026-02-04 11:05:54 [MainThread     ]   gameassetmanager.cpp:489   INFO| Done reading manifest SwordWeapon
2026-02-04 11:05:54 [MainThread     ]   gameassetmanager.cpp:436   INFO| Start reading manifest SpearWeapon
2026-02-04 11:05:54 [MainThread     ]   gameassetmanager.cpp:489   INFO| Done reading manifest SpearWeapon
2026-02-04 11:05:54 [MainThread     ]   gameassetmanager.cpp:436   INFO| Start reading manifest BowWeapon
2026-02-04 11:05:54 [MainThread     ]   gameassetmanager.cpp:489   INFO| Done reading manifest BowWeapon
2026-02-04 11:05:54 [MainThread     ]  windowsfilesystem.cpp:209    ERR| Error opening file: Z:\home\aechewhy\Games\Hades\Content\Win\Packages\FistWeapon.pkg_manifest -- rb (error: No such file or directory)
2026-02-04 11:05:54 [MainThread     ]  windowsfilesystem.cpp:209    ERR| Error opening file: Z:\home\aechewhy\Games\Hades\Content\Win\Packages\GunWeapon.pkg_manifest -- rb (error: No such file or directory)
2026-02-04 11:05:54 [MainThread     ]  windowsfilesystem.cpp:209    ERR| Error opening file: Z:\home\aechewhy\Games\Hades\Content\Win\Packages\FistWeapon.pkg_manifest -- rb (error: No such file or directory)
2026-02-04 11:05:54 [GameAssetManagerLoadThread]   gameassetmanager.cpp:515   INFO| Loading package: SwordWeapon.pkg
2026-02-04 11:05:54 [GameAssetManagerLoadThread]   gameassetmanager.cpp:545   INFO| Package Loaded: SwordWeapon
2026-02-04 11:05:54 [MainThread     ]  windowsfilesystem.cpp:209    ERR| Error opening file: Z:\home\aechewhy\Games\Hades\Content\Win\Packages\GunWeapon.pkg_manifest -- rb (error: No such file or directory)
2026-02-04 11:05:54 [GameAssetManagerLoadThread]   gameassetmanager.cpp:515   INFO| Loading package: SpearWeapon.pkg
2026-02-04 11:05:54 [GameAssetManagerLoadThread]   gameassetmanager.cpp:545   INFO| Package Loaded: SpearWeapon
2026-02-04 11:05:54 [GameAssetManagerLoadThread]   gameassetmanager.cpp:515   INFO| Loading package: BowWeapon.pkg
2026-02-04 11:05:54 [GameAssetManagerLoadThread]   gameassetmanager.cpp:545   INFO| Package Loaded: BowWeapon
2026-02-04 11:05:54 [GameAssetManagerLoadThread]   gameassetmanager.cpp:515   INFO| Loading package: FistWeapon.pkg
2026-02-04 11:05:54 [GameAssetManagerLoadThread]  windowsfilesystem.cpp:209    ERR| Error opening file: Z:\home\aechewhy\Games\Hades\Content\Win\Packages\FistWeapon.pkg_manifest -- rb (error: No such file or directory)
2026-02-04 11:05:54 [GameAssetManagerLoadThread]  windowsfilesystem.cpp:209    ERR| Error opening file: Z:\home\aechewhy\Games\Hades\Content\Win\Packages\FistWeapon.pkg -- rb (error: No such file or directory)
2026-02-04 11:05:54 [GameAssetManagerLoadThread]   gameassetmanager.cpp:401    ERR| Package load failed FistWeapon.pkg
2026-02-04 11:05:54 [GameAssetManagerLoadThread]   gameassetmanager.cpp:545   INFO| Package Loaded: FistWeapon
2026-02-04 11:05:54 [GameAssetManagerLoadThread]   gameassetmanager.cpp:515   INFO| Loading package: GunWeapon.pkg
2026-02-04 11:05:54 [GameAssetManagerLoadThread]  windowsfilesystem.cpp:209    ERR| Error opening file: Z:\home\aechewhy\Games\Hades\Content\Win\Packages\GunWeapon.pkg_manifest -- rb (error: No such file or directory)
2026-02-04 11:05:54 [GameAssetManagerLoadThread]  windowsfilesystem.cpp:209    ERR| Error opening file: Z:\home\aechewhy\Games\Hades\Content\Win\Packages\GunWeapon.pkg -- rb (error: No such file or directory)
2026-02-04 11:05:54 [GameAssetManagerLoadThread]   gameassetmanager.cpp:401    ERR| Package load failed GunWeapon.pkg
2026-02-04 11:05:54 [GameAssetManagerLoadThread]   gameassetmanager.cpp:545   INFO| Package Loaded: GunWeapon
2026-02-04 11:05:55 [RenderThread   ]     rendercommands.cpp:625   INFO| Resetting RenderMesh Caches. ResetRequest: 1, BufferMaxLoad: 0.30
2026-02-04 11:05:59 [RenderThread   ]     rendercommands.cpp:625   INFO| Resetting RenderMesh Caches. ResetRequest: 0, BufferMaxLoad: 0.75
2026-02-04 11:06:10 [RenderThread   ]     rendercommands.cpp:625   INFO| Resetting RenderMesh Caches. ResetRequest: 0, BufferMaxLoad: 0.75
2026-02-04 11:06:14 [RenderThread   ]     rendercommands.cpp:625   INFO| Resetting RenderMesh Caches. ResetRequest: 0, BufferMaxLoad: 0.75
2026-02-04 11:06:46 [RenderThread   ]     rendercommands.cpp:625   INFO| Resetting RenderMesh Caches. ResetRequest: 0, BufferMaxLoad: 0.75
2026-02-04 11:07:02 [RenderThread   ]     rendercommands.cpp:625   INFO| Resetting RenderMesh Caches. ResetRequest: 0, BufferMaxLoad: 0.75
2026-02-04 11:07:16 [RenderThread   ]     rendercommands.cpp:625   INFO| Resetting RenderMesh Caches. ResetRequest: 0, BufferMaxLoad: 0.75
2026-02-04 11:07:28 [RenderThread   ]     rendercommands.cpp:625   INFO| Resetting RenderMesh Caches. ResetRequest: 0, BufferMaxLoad: 0.75
2026-02-04 11:07:28 [RenderThread   ]     rendercommands.cpp:625   INFO| Resetting RenderMesh Caches. ResetRequest: 0, BufferMaxLoad: 0.75
2026-02-04 11:07:34 [RenderThread   ]     rendercommands.cpp:625   INFO| Resetting RenderMesh Caches. ResetRequest: 0, BufferMaxLoad: 0.75
2026-02-04 11:07:42 [RenderThread   ]     rendercommands.cpp:625   INFO| Resetting RenderMesh Caches. ResetRequest: 0, BufferMaxLoad: 0.75
2026-02-04 11:07:44 [MainThread     ]              world.cpp:1526  INFO| World::Begin() RoomPreRun -> RoomOpening
2026-02-04 11:07:44 [MainThread     ]       audiomanager.cpp:1062   DBG| Unloading map banks
2026-02-04 11:07:44 [NoName         ]              world.cpp:1329  INFO| Loading next map: RoomOpening
2026-02-04 11:07:44 [NoName         ]              world.cpp:1370  INFO| PreScriptLoad
2026-02-04 11:07:44 [NoName         ]              world.cpp:1382  INFO| PreScriptLoad Done
2026-02-04 11:07:44 [NoName         ]   gameassetmanager.cpp:436   INFO| Start reading manifest Tartarus
2026-02-04 11:07:44 [NoName         ]   gameassetmanager.cpp:489   INFO| Done reading manifest Tartarus
2026-02-04 11:07:44 [NoName         ]              world.cpp:1398   DBG| load packages took 0.002296
2026-02-04 11:07:44 [NoName         ]              world.cpp:1420   DBG| loadScriptsTask Done 
2026-02-04 11:07:44 [NoName         ]              world.cpp:1424   DBG| Finished Asset Loading 
2026-02-04 11:07:44 [GameAssetManagerLoadThread]   gameassetmanager.cpp:515   INFO| Loading package: Tartarus.pkg
2026-02-04 11:07:44 [NoName         ]     binaryloaddata.cpp:12    INFO| Reading 169425 bytes
2026-02-04 11:07:44 [NoName         ]       audiomanager.cpp:1022   DBG| Loading map banks for: RoomOpening
2026-02-04 11:07:44 [NoName         ]       audiomanager.cpp:775    DBG| Loading bank: Tartarus.bank
2026-02-04 11:07:44 [NoName         ]              world.cpp:1360   DBG| Map Load took 0.065706
2026-02-04 11:07:44 [NoName         ]              world.cpp:1431   DBG| Calling PostLoad
2026-02-04 11:07:44 [GameAssetManagerLoadThread]   gameassetmanager.cpp:545   INFO| Package Loaded: Tartarus
2026-02-04 11:07:44 [NoName         ]   gameassetmanager.cpp:436   INFO| Start reading manifest Charts
2026-02-04 11:07:44 [NoName         ]   gameassetmanager.cpp:489   INFO| Done reading manifest Charts
2026-02-04 11:07:44 [GameAssetManagerLoadThread]   gameassetmanager.cpp:515   INFO| Loading package: Charts.pkg
2026-02-04 11:07:44 [NoName         ]              world.cpp:1433   DBG| Finished PostLaod
2026-02-04 11:07:44 [GameAssetManagerLoadThread]   gameassetmanager.cpp:545   INFO| Package Loaded: Charts
2026-02-04 11:07:44 [NoName         ]              world.cpp:1435   DBG| Finished Asset Loading 
2026-02-04 11:07:44 [NoName         ]              world.cpp:1440   DBG| end of postLoadTask
2026-02-04 11:07:44 [MainThread     ]   gameassetmanager.cpp:436   INFO| Start reading manifest BowSplitShot
2026-02-04 11:07:44 [MainThread     ]   gameassetmanager.cpp:489   INFO| Done reading manifest BowSplitShot
2026-02-04 11:07:44 [MainThread     ]   gameassetmanager.cpp:436   INFO| Start reading manifest BowWeapon
2026-02-04 11:07:44 [MainThread     ]   gameassetmanager.cpp:489   INFO| Done reading manifest BowWeapon
2026-02-04 11:07:44 [GameAssetManagerLoadThread]   gameassetmanager.cpp:515   INFO| Loading package: BowSplitShot.pkg
2026-02-04 11:07:45 [GameAssetManagerLoadThread]   gameassetmanager.cpp:545   INFO| Package Loaded: BowSplitShot
2026-02-04 11:07:45 [GameAssetManagerLoadThread]   gameassetmanager.cpp:515   INFO| Loading package: BowWeapon.pkg
2026-02-04 11:07:45 [GameAssetManagerLoadThread]   gameassetmanager.cpp:545   INFO| Package Loaded: BowWeapon
2026-02-04 11:07:45 [RenderThread   ]     rendercommands.cpp:625   INFO| Resetting RenderMesh Caches. ResetRequest: 1, BufferMaxLoad: 0.25
2026-02-04 11:07:51 [NoName         ]     binarysavedata.cpp:17    INFO| Writing 9 bytes
2026-02-04 11:08:42 [RenderThread   ]     rendercommands.cpp:625   INFO| Resetting RenderMesh Caches. ResetRequest: 0, BufferMaxLoad: 0.75
2026-02-04 11:08:43 [RenderThread   ]     rendercommands.cpp:625   INFO| Resetting RenderMesh Caches. ResetRequest: 0, BufferMaxLoad: 0.75
2026-02-04 11:08:44 [MainThread     ]    progressmanager.cpp:936   INFO| Lua::Save() : 0.011373 s
2026-02-04 11:08:44 [MainThread     ]    progressmanager.cpp:916   INFO| GatherSaveData : 0.013978 s
2026-02-04 11:08:44 [NoName         ]     binarysavedata.cpp:17    INFO| Writing 531797 bytes
2026-02-04 11:08:44 [NoName         ]     binarysavedata.cpp:17    INFO| Writing 9 bytes
2026-02-04 11:08:46 [RenderThread   ]     rendercommands.cpp:625   INFO| Resetting RenderMesh Caches. ResetRequest: 0, BufferMaxLoad: 0.75
2026-02-04 11:08:47 [NoName         ]     binarysavedata.cpp:17    INFO| Writing 9 bytes
2026-02-04 11:08:47 [MainThread     ]              world.cpp:1526  INFO| World::Begin() RoomOpening -> A_Combat16
2026-02-04 11:08:47 [MainThread     ]    progressmanager.cpp:936   INFO| Lua::Save() : 0.012000 s
2026-02-04 11:08:47 [MainThread     ]    progressmanager.cpp:916   INFO| GatherSaveData : 0.014564 s
2026-02-04 11:08:47 [MainThread     ]       audiomanager.cpp:1057   DBG| Skipped unloading map banks
2026-02-04 11:08:47 [NoName         ]     binarysavedata.cpp:17    INFO| Writing 533435 bytes
2026-02-04 11:08:47 [NoName         ]              world.cpp:1329  INFO| Loading next map: A_Combat16
2026-02-04 11:08:47 [NoName         ]              world.cpp:1370  INFO| PreScriptLoad
2026-02-04 11:08:47 [NoName         ]              world.cpp:1382  INFO| PreScriptLoad Done
2026-02-04 11:08:47 [NoName         ]              world.cpp:1398   DBG| load packages took 0.000008
2026-02-04 11:08:47 [NoName         ]              world.cpp:1420   DBG| loadScriptsTask Done 
2026-02-04 11:08:47 [NoName         ]              world.cpp:1424   DBG| Finished Asset Loading 
2026-02-04 11:08:47 [NoName         ]     binaryloaddata.cpp:12    INFO| Reading 311960 bytes
2026-02-04 11:08:47 [NoName         ]       audiomanager.cpp:1022   DBG| Loading map banks for: A_Combat16
2026-02-04 11:08:47 [NoName         ]       audiomanager.cpp:775    DBG| Loading bank: Tartarus.bank
2026-02-04 11:08:47 [NoName         ]       audiomanager.cpp:832    DBG| Already loaded :Tartarus.bank
2026-02-04 11:08:47 [NoName         ]              world.cpp:1360   DBG| Map Load took 0.074256
2026-02-04 11:08:47 [NoName         ]              world.cpp:1431   DBG| Calling PostLoad
2026-02-04 11:08:47 [NoName         ]              world.cpp:1433   DBG| Finished PostLaod
2026-02-04 11:08:47 [NoName         ]              world.cpp:1435   DBG| Finished Asset Loading 
2026-02-04 11:08:47 [NoName         ]              world.cpp:1440   DBG| end of postLoadTask
2026-02-04 11:08:48 [RenderThread   ]     rendercommands.cpp:625   INFO| Resetting RenderMesh Caches. ResetRequest: 1, BufferMaxLoad: 0.03
2026-02-04 11:09:02 [RenderThread   ]     rendercommands.cpp:625   INFO| Resetting RenderMesh Caches. ResetRequest: 0, BufferMaxLoad: 0.75
2026-02-04 11:09:11 [RenderThread   ]     rendercommands.cpp:625   INFO| Resetting RenderMesh Caches. ResetRequest: 0, BufferMaxLoad: 0.75
2026-02-04 11:09:13 [MainThread     ]    progressmanager.cpp:936   INFO| Lua::Save() : 0.011707 s
2026-02-04 11:09:13 [MainThread     ]    progressmanager.cpp:916   INFO| GatherSaveData : 0.014345 s
2026-02-04 11:09:13 [NoName         ]     binarysavedata.cpp:17    INFO| Writing 536178 bytes
2026-02-04 11:09:13 [NoName         ]     binarysavedata.cpp:17    INFO| Writing 9 bytes
2026-02-04 11:09:16 [RenderThread   ]     rendercommands.cpp:625   INFO| Resetting RenderMesh Caches. ResetRequest: 0, BufferMaxLoad: 0.75
2026-02-04 11:09:18 [MainThread     ]              world.cpp:1526  INFO| World::Begin() A_Combat16 -> A_Combat03
2026-02-04 11:09:18 [NoName         ]     binarysavedata.cpp:17    INFO| Writing 9 bytes
2026-02-04 11:09:18 [MainThread     ]    progressmanager.cpp:936   INFO| Lua::Save() : 0.012084 s
2026-02-04 11:09:18 [MainThread     ]    progressmanager.cpp:916   INFO| GatherSaveData : 0.014654 s
2026-02-04 11:09:18 [MainThread     ]       audiomanager.cpp:1057   DBG| Skipped unloading map banks
2026-02-04 11:09:18 [NoName         ]     binarysavedata.cpp:17    INFO| Writing 532064 bytes
2026-02-04 11:09:18 [NoName         ]              world.cpp:1329  INFO| Loading next map: A_Combat03
2026-02-04 11:09:18 [NoName         ]              world.cpp:1370  INFO| PreScriptLoad
2026-02-04 11:09:18 [NoName         ]              world.cpp:1382  INFO| PreScriptLoad Done
2026-02-04 11:09:18 [NoName         ]              world.cpp:1398   DBG| load packages took 0.000009
2026-02-04 11:09:18 [NoName         ]              world.cpp:1420   DBG| loadScriptsTask Done 
2026-02-04 11:09:18 [NoName         ]              world.cpp:1424   DBG| Finished Asset Loading 
2026-02-04 11:09:18 [NoName         ]     binaryloaddata.cpp:12    INFO| Reading 295602 bytes
2026-02-04 11:09:18 [NoName         ]       audiomanager.cpp:1022   DBG| Loading map banks for: A_Combat03
2026-02-04 11:09:18 [NoName         ]       audiomanager.cpp:775    DBG| Loading bank: Tartarus.bank
2026-02-04 11:09:18 [NoName         ]       audiomanager.cpp:832    DBG| Already loaded :Tartarus.bank
2026-02-04 11:09:18 [NoName         ]              world.cpp:1360   DBG| Map Load took 0.081448
2026-02-04 11:09:18 [NoName         ]              world.cpp:1431   DBG| Calling PostLoad
2026-02-04 11:09:18 [NoName         ]              world.cpp:1433   DBG| Finished PostLaod
2026-02-04 11:09:18 [NoName         ]              world.cpp:1435   DBG| Finished Asset Loading 
2026-02-04 11:09:18 [NoName         ]              world.cpp:1440   DBG| end of postLoadTask
2026-02-04 11:09:18 [RenderThread   ]     rendercommands.cpp:625   INFO| Resetting RenderMesh Caches. ResetRequest: 1, BufferMaxLoad: 0.10
2026-02-04 11:09:26 [RenderThread   ]     rendercommands.cpp:625   INFO| Resetting RenderMesh Caches. ResetRequest: 0, BufferMaxLoad: 0.75
2026-02-04 11:09:38 [RenderThread   ]     rendercommands.cpp:625   INFO| Resetting RenderMesh Caches. ResetRequest: 0, BufferMaxLoad: 0.75
2026-02-04 11:09:41 [RenderThread   ]     rendercommands.cpp:625   INFO| Resetting RenderMesh Caches. ResetRequest: 0, BufferMaxLoad: 0.75
2026-02-04 11:09:45 [MainThread     ]   gameassetmanager.cpp:436   INFO| Start reading manifest DionysusUpgrade
2026-02-04 11:09:45 [MainThread     ]   gameassetmanager.cpp:489   INFO| Done reading manifest DionysusUpgrade
2026-02-04 11:09:45 [GameAssetManagerLoadThread]   gameassetmanager.cpp:515   INFO| Loading package: DionysusUpgrade.pkg
2026-02-04 11:09:45 [NoName         ]     binarysavedata.cpp:17    INFO| Writing 9 bytes
2026-02-04 11:09:45 [GameAssetManagerLoadThread]   gameassetmanager.cpp:545   INFO| Package Loaded: DionysusUpgrade
2026-02-04 11:09:53 [RenderThread   ]     rendercommands.cpp:625   INFO| Resetting RenderMesh Caches. ResetRequest: 0, BufferMaxLoad: 0.75
2026-02-04 11:09:54 [MainThread     ]    progressmanager.cpp:936   INFO| Lua::Save() : 0.013527 s
2026-02-04 11:09:54 [MainThread     ]    progressmanager.cpp:916   INFO| GatherSaveData : 0.016192 s
2026-02-04 11:09:54 [NoName         ]     binarysavedata.cpp:17    INFO| Writing 536490 bytes
2026-02-04 11:09:54 [NoName         ]     binarysavedata.cpp:17    INFO| Writing 9 bytes
2026-02-04 11:09:59 [NoName         ]     binarysavedata.cpp:17    INFO| Writing 9 bytes
2026-02-04 11:09:59 [MainThread     ]              world.cpp:1526  INFO| World::Begin() A_Combat03 -> RoomSimple01
2026-02-04 11:09:59 [MainThread     ]    progressmanager.cpp:936   INFO| Lua::Save() : 0.011658 s
2026-02-04 11:09:59 [MainThread     ]    progressmanager.cpp:916   INFO| GatherSaveData : 0.014246 s
2026-02-04 11:09:59 [MainThread     ]       audiomanager.cpp:1057   DBG| Skipped unloading map banks
2026-02-04 11:09:59 [NoName         ]     binarysavedata.cpp:17    INFO| Writing 535554 bytes
2026-02-04 11:09:59 [NoName         ]              world.cpp:1329  INFO| Loading next map: RoomSimple01
2026-02-04 11:09:59 [NoName         ]              world.cpp:1370  INFO| PreScriptLoad
2026-02-04 11:09:59 [NoName         ]              world.cpp:1382  INFO| PreScriptLoad Done
2026-02-04 11:09:59 [NoName         ]              world.cpp:1398   DBG| load packages took 0.000009
2026-02-04 11:09:59 [NoName         ]              world.cpp:1420   DBG| loadScriptsTask Done 
2026-02-04 11:09:59 [NoName         ]              world.cpp:1424   DBG| Finished Asset Loading 
2026-02-04 11:09:59 [NoName         ]     binaryloaddata.cpp:12    INFO| Reading 198162 bytes
2026-02-04 11:09:59 [NoName         ]       audiomanager.cpp:1022   DBG| Loading map banks for: RoomSimple01
2026-02-04 11:09:59 [NoName         ]       audiomanager.cpp:775    DBG| Loading bank: Tartarus.bank
2026-02-04 11:09:59 [NoName         ]       audiomanager.cpp:832    DBG| Already loaded :Tartarus.bank
2026-02-04 11:09:59 [NoName         ]              world.cpp:1360   DBG| Map Load took 0.067195
2026-02-04 11:09:59 [NoName         ]              world.cpp:1431   DBG| Calling PostLoad
2026-02-04 11:09:59 [NoName         ]              world.cpp:1433   DBG| Finished PostLaod
2026-02-04 11:09:59 [NoName         ]              world.cpp:1435   DBG| Finished Asset Loading 
2026-02-04 11:09:59 [NoName         ]              world.cpp:1440   DBG| end of postLoadTask
2026-02-04 11:09:59 [RenderThread   ]     rendercommands.cpp:625   INFO| Resetting RenderMesh Caches. ResetRequest: 1, BufferMaxLoad: 0.56
2026-02-04 11:10:07 [RenderThread   ]     rendercommands.cpp:625   INFO| Resetting RenderMesh Caches. ResetRequest: 0, BufferMaxLoad: 0.75
