INFO - [♥] Lovely 0.9.0
INFO - [♥] Game directory is at "Z:\\home\\aechewhy\\Games\\Balatro"
INFO - [♥] Writing logs to "C:\\users\\steamuser\\AppData\\Roaming\\Balatro\\Mods\\lovely\\log"
INFO - [♥] Using mod directory at "C:\\users\\steamuser\\AppData\\Roaming\\Balatro\\Mods"
INFO - [♥] No blacklist.txt in Mods/lovely.
INFO - [♥] Found .lovelyignore in 'FancyDecks', skipping it.
WARN - [♥] Unknown key `patches.1.?.match_indent` found in patch file "C:\\users\\steamuser\\AppData\\Roaming\\Balatro\\Mods\\Cartomancer-v4.17\\lovely\\blinds-info.toml", ignoring it
WARN - [♥] Unknown key `patches.2.?.match_indent` found in patch file "C:\\users\\steamuser\\AppData\\Roaming\\Balatro\\Mods\\Cartomancer-v4.17\\lovely\\stackable-deck-steamodded.toml", ignoring it
WARN - [♥] Unknown key `patches.4.?.match_indent` found in patch file "C:\\users\\steamuser\\AppData\\Roaming\\Balatro\\Mods\\Cartomancer-v4.17\\lovely\\stackable-deck-steamodded.toml", ignoring it
WARN - [♥] Unknown key `patches.6.?.match_indent` found in patch file "C:\\users\\steamuser\\AppData\\Roaming\\Balatro\\Mods\\Cartomancer-v4.17\\lovely\\stackable-deck-steamodded.toml", ignoring it
WARN - [♥] Unknown key `patches.2.?.match_indent` found in patch file "C:\\users\\steamuser\\AppData\\Roaming\\Balatro\\Mods\\DVPreview_v4.1.2\\lovely\\settings.toml", ignoring it
WARN - [♥] Unknown key `patches.2.?.overwrite` found in patch file "C:\\users\\steamuser\\AppData\\Roaming\\Balatro\\Mods\\DVPreview_v4.1.2\\lovely\\settings.toml", ignoring it
WARN - [♥] Unknown key `patches.1.?.match_indent` found in patch file "C:\\users\\steamuser\\AppData\\Roaming\\Balatro\\Mods\\HandyBalatro\\lovely\\controls_misc.toml", ignoring it
WARN - [♥] Unknown key `patches.1.?.overwrite` found in patch file "C:\\users\\steamuser\\AppData\\Roaming\\Balatro\\Mods\\HandyBalatro\\lovely\\controls_misc.toml", ignoring it
WARN - [♥] Unknown key `patches.0.?.overwrite` found in patch file "C:\\users\\steamuser\\AppData\\Roaming\\Balatro\\Mods\\HandyBalatro\\lovely\\controls_show_deck_preview.toml", ignoring it
WARN - [♥] Unknown key `patches.10.?.match_indent` found in patch file "C:\\users\\steamuser\\AppData\\Roaming\\Balatro\\Mods\\Saturn-main\\lovely\\rem_anim.toml", ignoring it
WARN - [♥] Unknown key `patches.10.?.overwrite` found in patch file "C:\\users\\steamuser\\AppData\\Roaming\\Balatro\\Mods\\Saturn-main\\lovely\\rem_anim.toml", ignoring it
WARN - [♥] Unknown key `patches.111.?.match_indent` found in patch file "C:\\users\\steamuser\\AppData\\Roaming\\Balatro\\Mods\\Talisman-main\\lovely.toml", ignoring it
WARN - [♥] Unknown key `patches.1.?.match_indent` found in patch file "C:\\users\\steamuser\\AppData\\Roaming\\Balatro\\Mods\\Cartomancer-v4.17\\lovely\\blinds-info.toml", ignoring it
WARN - [♥] Unknown key `patches.2.?.match_indent` found in patch file "C:\\users\\steamuser\\AppData\\Roaming\\Balatro\\Mods\\Cartomancer-v4.17\\lovely\\stackable-deck-steamodded.toml", ignoring it
WARN - [♥] Unknown key `patches.4.?.match_indent` found in patch file "C:\\users\\steamuser\\AppData\\Roaming\\Balatro\\Mods\\Cartomancer-v4.17\\lovely\\stackable-deck-steamodded.toml", ignoring it
WARN - [♥] Unknown key `patches.6.?.match_indent` found in patch file "C:\\users\\steamuser\\AppData\\Roaming\\Balatro\\Mods\\Cartomancer-v4.17\\lovely\\stackable-deck-steamodded.toml", ignoring it
WARN - [♥] Unknown key `patches.2.?.match_indent` found in patch file "C:\\users\\steamuser\\AppData\\Roaming\\Balatro\\Mods\\DVPreview_v4.1.2\\lovely\\settings.toml", ignoring it
WARN - [♥] Unknown key `patches.2.?.overwrite` found in patch file "C:\\users\\steamuser\\AppData\\Roaming\\Balatro\\Mods\\DVPreview_v4.1.2\\lovely\\settings.toml", ignoring it
WARN - [♥] Unknown key `patches.1.?.match_indent` found in patch file "C:\\users\\steamuser\\AppData\\Roaming\\Balatro\\Mods\\HandyBalatro\\lovely\\controls_misc.toml", ignoring it
WARN - [♥] Unknown key `patches.1.?.overwrite` found in patch file "C:\\users\\steamuser\\AppData\\Roaming\\Balatro\\Mods\\HandyBalatro\\lovely\\controls_misc.toml", ignoring it
WARN - [♥] Unknown key `patches.0.?.overwrite` found in patch file "C:\\users\\steamuser\\AppData\\Roaming\\Balatro\\Mods\\HandyBalatro\\lovely\\controls_show_deck_preview.toml", ignoring it
WARN - [♥] Unknown key `patches.10.?.match_indent` found in patch file "C:\\users\\steamuser\\AppData\\Roaming\\Balatro\\Mods\\Saturn-main\\lovely\\rem_anim.toml", ignoring it
WARN - [♥] Unknown key `patches.10.?.overwrite` found in patch file "C:\\users\\steamuser\\AppData\\Roaming\\Balatro\\Mods\\Saturn-main\\lovely\\rem_anim.toml", ignoring it
WARN - [♥] Unknown key `patches.111.?.match_indent` found in patch file "C:\\users\\steamuser\\AppData\\Roaming\\Balatro\\Mods\\Talisman-main\\lovely.toml", ignoring it
INFO - [♥] Cleaning up dump directory at "C:\\users\\steamuser\\AppData\\Roaming\\Balatro\\Mods\\lovely\\dump"
INFO - [♥] Cleaning up game-dump directory at "C:\\users\\steamuser\\AppData\\Roaming\\Balatro\\Mods\\lovely\\game-dump"
INFO - [♥] Initialization complete in 188ms
WARN - [♥] Pattern 'G.ARGS.score_intensity.organ = G.video_organ or G.ARGS.score_intensity.required_score > 0 and math.max(math.min(0.4, 0.1*math.log(G.ARGS.score_intensity.earned_score/(G.ARGS.score_intensity.required_score+1), 5)),0.) or 0' on target 'main.lua' for pattern patch from Talisman-main\lovely.toml resulted in no matches
WARN - [♥] Pattern 'if type(G.GAME.current_round.current_hand.chips) ~= \'number\' or type(G.GAME.current_round.current_hand.mult) ~= \'number\' then' on target 'main.lua' for pattern patch from Talisman-main\lovely.toml resulted in no matches
WARN - [♥] Pattern 'modded and {' on target 'main.lua' for pattern patch from Cartomancer-v4.17\lovely\stackable-deck-steamodded-0.9.8.toml resulted in no matches
INFO - [♥] Applied 24 patches to 'main.lua'
INFO - [♥] Applied 2 patches to 'engine/string_packer.lua'
WARN - [♥] Regex 'function Controller:update([\s\S]+?)^end' on target 'engine/controller.lua' for regex patch from MobileLikeDragging\lovely\controller.toml resulted in 4 matches, wanted 1
WARN - [♥] Ignoring excess matches
WARN - [♥] Pattern 'if self.hovering.target and self.hovering.target == self.dragging.target and not self.HID.touch then' on target 'engine/controller.lua' for pattern patch from Galdur\lovely.toml resulted in no matches
INFO - [♥] Applied 22 patches to 'engine/controller.lua'
INFO - [♥] Applied 15 patches to 'back.lua'
INFO - [♥] Applied 11 patches to 'tag.lua'
INFO - [♥] Applied 6 patches to 'engine/event.lua'
INFO - [♥] Applied 2 patches to 'engine/node.lua'
INFO - [♥] Applied 4 patches to 'engine/moveable.lua'
INFO - [♥] Applied 4 patches to 'engine/sprite.lua'
INFO - [♥] Applied 4 patches to 'engine/animatedsprite.lua'
WARN - [♥] Pattern 'assembled_string = assembled_string..(type(subpart) == \'string\' and subpart or args.vars[tonumber(subpart[1])] or \'ERROR\')' on target 'functions/misc_functions.lua' for pattern patch from Talisman-main\lovely.toml resulted in no matches
WARN - [♥] Pattern 'G.ARGS.score_intensity.earned_score = G.GAME.current_round.current_hand.chips*G.GAME.current_round.current_hand.mult\n' on target 'functions/misc_functions.lua' for pattern patch from Talisman-main\lovely.toml resulted in no matches
WARN - [♥] Pattern 'function localize(args, misc_cat)\nif args and args.vars then\n' on target 'functions/misc_functions.lua' for pattern patch from UnBlind-main\lovely.toml resulted in no matches
INFO - [♥] Applied 93 patches to 'functions/misc_functions.lua'
INFO - [♥] Applied 76 patches to 'game.lua'
INFO - [♥] Applied 7 patches to 'globals.lua'
WARN - [♥] Pattern 'self.config.chosen = true' on target 'engine/ui.lua' for pattern patch from Cartomancer-v4.17\lovely\vanilla-ui.toml resulted in no matches
INFO - [♥] Applied 21 patches to 'engine/ui.lua'
WARN - [♥] Pattern '{n=G.UIT.T, config={text = G.GAME.hands[handname].chips, scale = 0.45, colour = G.C.UI.TEXT_LIGHT}},' on target 'functions/UI_definitions.lua' for pattern patch from Talisman-main\lovely.toml resulted in no matches
WARN - [♥] Pattern '{n=G.UIT.T, config={text = G.GAME.hands[handname].mult, scale = 0.45, colour = G.C.UI.TEXT_LIGHT}}' on target 'functions/UI_definitions.lua' for pattern patch from Talisman-main\lovely.toml resulted in no matches
WARN - [♥] Pattern '    if not G.OVERLAY_MENU then\n        for k, v in pairs(G.P_CENTERS) do' on target 'functions/UI_definitions.lua' for pattern patch from Cartomancer-v4.17\lovely\peek-shop.toml resulted in no matches
INFO - [♥] Applied 171 patches to 'functions/UI_definitions.lua'
WARN - [♥] Pattern 'if effects[ii].card then' on target 'functions/state_events.lua' for pattern patch from HandyBalatro\lovely\controls_animation_skip.toml resulted in no matches
WARN - [♥] Pattern 'if hand_chips*mult > 0 then' on target 'functions/state_events.lua' for pattern patch from HandyBalatro\lovely\controls_scoring_hold.toml resulted in no matches
WARN - [♥] Pattern 'if effects[ii].card then' on target 'functions/state_events.lua' for pattern patch from Saturn-main\lovely\rem_anim.toml resulted in no matches
WARN - [♥] Pattern 'if hand_chips*mult > 0 then' on target 'functions/state_events.lua' for pattern patch from Talisman-main\lovely.toml resulted in no matches
WARN - [♥] Pattern 'if effects[ii].card then' on target 'functions/state_events.lua' for pattern patch from Talisman-main\lovely.toml resulted in no matches
WARN - [♥] Pattern 'if effects.jokers.Xmult_mod then mult = mod_mult(mult*effects.jokers.Xmult_mod);extras.mult = true  end' on target 'functions/state_events.lua' for pattern patch from Talisman-main\lovely.toml resulted in no matches
WARN - [♥] Pattern 'if effect.Xmult_mod then mult = mod_mult(mult*effect.Xmult_mod);extras.mult = true  end' on target 'functions/state_events.lua' for pattern patch from Talisman-main\lovely.toml resulted in no matches
WARN - [♥] Pattern 'if effects[ii].message then' on target 'functions/state_events.lua' for pattern patch from Talisman-main\lovely.toml resulted in no matches
WARN - [♥] Pattern '--calculate the card edition effects' on target 'functions/state_events.lua' for pattern patch from Talisman-main\lovely.toml resulted in no matches
WARN - [♥] Pattern 'if effects[ii].edition.p_dollars_mod then' on target 'functions/state_events.lua' for pattern patch from Talisman-main\lovely.toml resulted in no matches
WARN - [♥] Pattern 'if edition_effects.jokers.x_mult_mod then' on target 'functions/state_events.lua' for pattern patch from Talisman-main\lovely.toml resulted in no matches
INFO - [♥] Applied 83 patches to 'functions/state_events.lua'
WARN - [♥] Pattern 'func = (function() if eval_func(card) then if not first or first then card:juice_up(0.1, 0.1) end;juice_card_until(card, eval_func, nil, 0.8) end return true end)' on target 'functions/common_events.lua' for pattern patch from HandyBalatro\lovely\controls_animation_skip.toml resulted in no matches
WARN - [♥] Pattern 'func = (function() if eval_func(card) then if not first or first then card:juice_up(0.1, 0.1) end;juice_card_until(card, eval_func, nil, 0.8) end return true end)' on target 'functions/common_events.lua' for pattern patch from HandyBalatro\lovely\controls_animation_skip.toml resulted in no matches
WARN - [♥] Pattern 'func = (function() if eval_func(card) then if not first or first then card:juice_up(0.1, 0.1) end;juice_card_until(card, eval_func, nil, 0.8) end return true end)' on target 'functions/common_events.lua' for pattern patch from Saturn-main\lovely\rem_anim.toml resulted in no matches
WARN - [♥] Pattern 'func = (function() card:juice_up(0.7);return true end)' on target 'functions/common_events.lua' for pattern patch from Saturn-main\lovely\rem_anim.toml resulted in no matches
WARN - [♥] Pattern 'if card then card:juice_up(0.8, 0.5) end' on target 'functions/common_events.lua' for pattern patch from Saturn-main\lovely\rem_anim.toml resulted in no matches
WARN - [♥] Pattern 'card:juice_up(0.6, 0.1)' on target 'functions/common_events.lua' for pattern patch from Saturn-main\lovely\rem_anim.toml resulted in no matches
WARN - [♥] Pattern 'func = (function() if eval_func(card) then if not first or first then card:juice_up(0.1, 0.1) end;juice_card_until(card, eval_func, nil, 0.8) end return true end)' on target 'functions/common_events.lua' for pattern patch from Saturn-main\lovely\rem_anim.toml resulted in no matches
WARN - [♥] Pattern 'func = (function() if eval_func(card) then if not first or first then card:juice_up(0.1, 0.1) end;juice_card_until(card, eval_func, nil, 0.8) end return true end)' on target 'functions/common_events.lua' for pattern patch from Saturn-main\lovely\rem_anim.toml resulted in no matches
WARN - [♥] Pattern 'local delta = (type(vals.chips) == \'number\' and type(G.GAME.current_round.current_hand.chips) == \'number\') and (vals.chips - G.GAME.current_round.current_hand.chips) or 0' on target 'functions/common_events.lua' for pattern patch from Talisman-main\lovely.toml resulted in no matches
WARN - [♥] Pattern 'local delta = (type(vals.mult) == \'number\' and type(G.GAME.current_round.current_hand.mult) == \'number\')and (vals.mult - G.GAME.current_round.current_hand.mult) or 0' on target 'functions/common_events.lua' for pattern patch from Talisman-main\lovely.toml resulted in no matches
WARN - [♥] Pattern 'if num_dollars > 60 then' on target 'functions/common_events.lua' for pattern patch from Talisman-main\lovely.toml resulted in no matches
WARN - [♥] Pattern 'func = (function() card:juice_up(0.7);return true end)' on target 'functions/common_events.lua' for pattern patch from Talisman-main\lovely.toml resulted in no matches
WARN - [♥] Pattern 'if card then card:juice_up(0.8, 0.5) end' on target 'functions/common_events.lua' for pattern patch from Talisman-main\lovely.toml resulted in no matches
WARN - [♥] Pattern 'card:juice_up(0.6, 0.1)' on target 'functions/common_events.lua' for pattern patch from Talisman-main\lovely.toml resulted in no matches
WARN - [♥] Pattern 'func = (function() if eval_func(card) then if not first or first then card:juice_up(0.1, 0.1) end;juice_card_until(card, eval_func, nil, 0.8) end return true end)' on target 'functions/common_events.lua' for pattern patch from Talisman-main\lovely.toml resulted in no matches
WARN - [♥] Pattern 'func = (function() if eval_func(card) then if not first or first then card:juice_up(0.1, 0.1) end;juice_card_until(card, eval_func, nil, 0.8) end return true end)' on target 'functions/common_events.lua' for pattern patch from Talisman-main\lovely.toml resulted in no matches
INFO - [♥] Applied 175 patches to 'functions/common_events.lua'
WARN - [♥] Pattern 'if G.pack_cards and (G.pack_cards.cards[1]) and' on target 'functions/button_callbacks.lua' for pattern patch from MobileLikeDragging\lovely\button_callbacks.toml resulted in no matches
WARN - [♥] Pattern 'if #G.hand.highlighted <= 0 or G.GAME.blind.block_play or #G.hand.highlighted > 5 then' on target 'functions/button_callbacks.lua' for pattern patch from CardSleeves-1.8.0\lovely\expected_to_fail.toml resulted in no matches
INFO - [♥] Applied 84 patches to 'functions/button_callbacks.lua'
WARN - [♥] Pattern 'if G.GAME.blind then G.E_MANAGER:add_event(Event({ func = function() G.GAME.blind:set_blind(nil, true, nil); return true end })) end' on target 'card.lua' for pattern patch from Saturn-main\lovely\rem_anim.toml resulted in no matches
WARN - [♥] Pattern 'G.E_MANAGER:add_event(Event({func = (function() G.GAME.dollar_buffer = 0; return true end)}))' on target 'card.lua' for pattern patch from Saturn-main\lovely\rem_anim.toml resulted in no matches
WARN - [♥] Pattern 'Xmult_mod = G.P_CENTERS.v_observatory.config.extra' on target 'card.lua' for pattern patch from Saturn-main\lovely\stack.toml resulted in no matches
WARN - [♥] Pattern 'message = localize{type = \'variable\', key = \'a_xmult\', vars = {G.P_CENTERS.v_observatory.config.extra}},' on target 'card.lua' for pattern patch from Saturn-main\lovely\stack.toml resulted in no matches
WARN - [♥] Pattern 'if self.edition and not silent then' on target 'card.lua' for pattern patch from Talisman-main\lovely.toml resulted in no matches
WARN - [♥] Pattern 'G.E_MANAGER:add_event(Event({func = (function() G.GAME.dollar_buffer = 0; return true end)}))' on target 'card.lua' for pattern patch from Talisman-main\lovely.toml resulted in no matches
WARN - [♥] Pattern 'if G.GAME.blind then G.E_MANAGER:add_event(Event({ func = function() G.GAME.blind:set_blind(nil, true, nil); return true end })) end' on target 'card.lua' for pattern patch from Talisman-main\lovely.toml resulted in no matches
WARN - [♥] Pattern 'x_mult = center.config.Xmult or 1,' on target 'card.lua' for pattern patch from Talisman-main\lovely.toml resulted in no matches
WARN - [♥] Pattern 'local currentBack = self.params.viewed_back and G.GAME.viewed_back or G.GAME.selected_back' on target 'card.lua' for pattern patch from Galdur\lovely.toml resulted in no matches
WARN - [♥] Regex 'self.params.viewed_back and G.GAME.viewed_back or G.GAME.selected_back' on target 'card.lua' for regex patch from CardSleeves-1.8.0\lovely\expected_to_fail.toml resulted in no matches
INFO - [♥] Applied 259 patches to 'card.lua'
INFO - [♥] Applied 33 patches to 'cardarea.lua'
INFO - [♥] Applied 45 patches to 'blind.lua'
INFO - [♥] Applied 10 patches to 'card_character.lua'
INFO - [♥] Applied 19 patches to 'engine/text.lua'
WARN - [♥] Regex '= amount > 0' on target '=[SMODS _ "src/utils.lua"]' for regex patch from Talisman-main\lovely.toml resulted in no matches
INFO - [♥] Applied 2 patches to '=[SMODS _ "src/utils.lua"]'
WARN - [♥] Pattern 'card_limit = #SUITS[suit_map[j]],' on target '=[SMODS _ "src/overrides.lua"]' for pattern patch from Cartomancer-v4.17\lovely\stackable-deck-steamodded.toml resulted in no matches
WARN - [♥] Pattern 'card_limit = #SUITS[visible_suit[j]],' on target '=[SMODS _ "src/overrides.lua"]' for pattern patch from Cartomancer-v4.17\lovely\stackable-deck-steamodded.toml resulted in no matches
WARN - [♥] Regex '\t\t\tfor i = 1\\, \\#SUITS\\[suit_map\\[j\\]\\] do\n\t\t\t\tif SUITS\\[suit_map\\[j\\]\\]\\[i\\] then\n\t\t\t\t\tlocal greyed\\, _scale = nil\\, 0\\.7\n\t\t\t\t\tif unplayed_only and not \\(\\(SUITS\\[suit_map\\[j\\]\\]\\[i\\]\\.area and SUITS\\[suit_map\\[j\\]\\]\\[i\\]\\.area == G\\.deck\\) or SUITS\\[suit_map\\[j\\]\\]\\[i\\]\\.ability\\.wheel_flipped\\) then\n\t\t\t\t\t\tgreyed = true\n\t\t\t\t\tend\n\t\t\t\t\tlocal copy = copy_card\\(SUITS\\[suit_map\\[j\\]\\]\\[i\\]\\, nil\\, _scale[^\\)\\n]*\\)\n\t\t\t\t\tcopy\\.greyed = greyed\n\t\t\t\t\tcopy\\.T\\.x = view_deck\\.T\\.x \\+ view_deck\\.T\\.w \\/ 2\n\t\t\t\t\tcopy\\.T\\.y = view_deck\\.T\\.y\n\n\t\t\t\t\tcopy:hard_set_T\\(\\)\n\t\t\t\t\tview_deck:emplace\\(copy\\)\n\t\t\t\tend\n\t\t\tend' on target '=[SMODS _ "src/overrides.lua"]' for regex patch from Cartomancer-v4.17\lovely\stackable-deck-steamodded.toml resulted in no matches
INFO - [♥] Applied 9 patches to '=[SMODS _ "src/overrides.lua"]'
WARN - [♥] Pattern 'x_mult = card.ability.extra' on target '=[SMODS _ "src/game_object.lua"]' for pattern patch from Saturn-main\lovely\stack.toml resulted in no matches
INFO - [♥] Applied 3 patches to '=[SMODS _ "src/game_object.lua"]'
INFO - [G] Failed to connect to the debug server
INFO - [G] 2026-01-31 00:37:02 :: DEBUG :: DebugConsole :: Steamodded Debug Socket started !
INFO - [G] 2026-01-31 00:37:02 :: INFO  :: SMODS :: Steamodded v1.0.0~BETA-1224a
INFO - [G] Order not set for config dictionary: speed_multiplier_settings_toggle
INFO - [G] Order not set for config dictionary: speed_multiplier_default_value
INFO - [G] Order not set for config dictionary: animation_skip_settings_toggle
INFO - [G] Order not set for config dictionary: animation_skip_default_value
INFO - [♥] Applied 9 patches to 'engine/sound_manager.lua'
INFO - [♥] Applied 3 patches to 'engine/save_manager.lua'
INFO - [♥] Applied 2 patches to 'engine/string_packer.lua'
INFO - [G] 2026-01-31 00:37:03 :: WARN  :: Loader :: Found lone Lua file AbsoluteDeck.lua in Mods directory :: Please place the files for each mod in its own subdirectory.
INFO - [G] 2026-01-31 00:37:03 :: TRACE :: Loader :: Processing Mod file (Legacy header): AbsoluteDeck.lua
INFO - [G] 2026-01-31 00:37:03 :: TRACE :: Loader :: Saving Mod Info: AbsoluteDeck
INFO - [G] 2026-01-31 00:37:03 :: TRACE :: Loader :: Processing Mod file (Legacy header): AdevntureTimeCards.lua
INFO - [G] 2026-01-31 00:37:03 :: TRACE :: Loader :: Saving Mod Info: adv_deck
INFO - [G] 2026-01-31 00:37:03 :: TRACE :: Loader :: Processing Mod file (Legacy header): AdevntureTimeCards.lua
INFO - [G] 2026-01-31 00:37:03 :: WARN  :: Loader :: Duplicate Mod ID: adv_deck
INFO - [G] 2026-01-31 00:37:03 :: WARN  :: Loader :: Duplicate Mod prefix adv used by adv_deck, adv_deck
INFO - [G] 2026-01-31 00:37:03 :: TRACE :: Loader :: Processing Mod file (Legacy header): Alice in wonderland.lua
INFO - [G] 2026-01-31 00:37:03 :: TRACE :: Loader :: Saving Mod Info: Alice_in_wonderland
INFO - [G] 2026-01-31 00:37:03 :: TRACE :: Loader :: Processing Mod file (Legacy header): BalatroSouls.lua
INFO - [G] 2026-01-31 00:37:03 :: TRACE :: Loader :: Saving Mod Info: souls_deck
INFO - [G] 2026-01-31 00:37:03 :: TRACE :: Loader :: Processing Mod file (Legacy header): BicycleStandardCards.lua
INFO - [G] 2026-01-31 00:37:03 :: TRACE :: Loader :: Saving Mod Info: BicycleStandardCards
INFO - [G] 2026-01-31 00:37:03 :: INFO  :: Loader :: Valid JSON file found
INFO - [G] 2026-01-31 00:37:03 :: TRACE :: Loader :: Processing Mod file (Legacy header): mod.lua
INFO - [G] 2026-01-31 00:37:03 :: TRACE :: Loader :: Saving Mod Info: cartomancer
INFO - [G] 2026-01-31 00:37:03 :: TRACE :: Loader :: Processing Mod file (Legacy header): main.lua
INFO - [G] 2026-01-31 00:37:03 :: TRACE :: Loader :: Saving Mod Info: celestial_funk_limeeffy
INFO - [G] 2026-01-31 00:37:03 :: TRACE :: Loader :: Processing Mod file (Legacy header): CupHead.lua
INFO - [G] 2026-01-31 00:37:03 :: TRACE :: Loader :: Saving Mod Info: CH_deck
INFO - [G] 2026-01-31 00:37:03 :: TRACE :: Loader :: Processing Mod file (Legacy header): FancyDecks.lua
INFO - [G] 2026-01-31 00:37:03 :: TRACE :: Loader :: Saving Mod Info: FancyDecks
INFO - [G] 2026-01-31 00:37:03 :: INFO  :: Loader :: Valid JSON file found
INFO - [G] 2026-01-31 00:37:03 :: INFO  :: Loader :: Valid JSON file found
INFO - [G] 2026-01-31 00:37:03 :: TRACE :: Loader :: Processing Mod file (Legacy header): GravityFallsDeck.lua
INFO - [G] 2026-01-31 00:37:03 :: TRACE :: Loader :: Saving Mod Info: GravityFalls
INFO - [G] 2026-01-31 00:37:03 :: TRACE :: Loader :: Processing Mod file (Legacy header): HadesCards.lua
INFO - [G] 2026-01-31 00:37:03 :: TRACE :: Loader :: Saving Mod Info: hades
INFO - [G] 2026-01-31 00:37:03 :: INFO  :: Loader :: Valid JSON file found
INFO - [G] 2026-01-31 00:37:03 :: TRACE :: Loader :: Processing Mod file (Legacy header): steamodded.lua
INFO - [G] 2026-01-31 00:37:03 :: WARN  :: Loader :: Duplicate Mod ID: Handy
INFO - [G] 2026-01-31 00:37:03 :: INFO  :: Loader :: Valid JSON file found
INFO - [G] 2026-01-31 00:37:03 :: TRACE :: Loader :: Processing Mod file (Legacy header): HollowKnightCards.lua
INFO - [G] 2026-01-31 00:37:03 :: TRACE :: Loader :: Saving Mod Info: hk_deck
INFO - [G] 2026-01-31 00:37:03 :: TRACE :: Loader :: Processing Mod file (Legacy header): RunReviewer.lua
INFO - [G] 2026-01-31 00:37:03 :: TRACE :: Loader :: Saving Mod Info: RunReviewer
INFO - [G] 2026-01-31 00:37:03 :: INFO  :: Loader :: Valid JSON file found
INFO - [G] 2026-01-31 00:37:03 :: ERROR :: Loader :: Found invalid metadata JSON file at C:\users\steamuser\AppData\Roaming\Balatro\Mods/JokerDisplay-main/manifest.json, ignoring: [SMODS _ "src/loader.lua"]:226: id
INFO - [G] 2026-01-31 00:37:03 :: INFO  :: Loader :: Valid JSON file found
INFO - [G] 2026-01-31 00:37:03 :: WARN  :: Loader :: Found lone Lua file LabyrinthDeck.lua in Mods directory :: Please place the files for each mod in its own subdirectory.
INFO - [G] 2026-01-31 00:37:03 :: TRACE :: Loader :: Processing Mod file (Legacy header): LabyrinthDeck.lua
INFO - [G] 2026-01-31 00:37:03 :: TRACE :: Loader :: Saving Mod Info: LabyrinthDeck
INFO - [G] 2026-01-31 00:37:03 :: INFO  :: Loader :: Valid JSON file found
INFO - [G] 2026-01-31 00:37:03 :: TRACE :: Loader :: Processing Mod file (Legacy header): MidnightTarot.lua
INFO - [G] 2026-01-31 00:37:03 :: TRACE :: Loader :: Saving Mod Info: MidnightTs
INFO - [G] 2026-01-31 00:37:03 :: ERROR :: Loader :: Found invalid metadata JSON file at C:\users\steamuser\AppData\Roaming\Balatro\Mods/MobileLikeDragging/manifest.json, ignoring: [SMODS _ "src/loader.lua"]:226: id
INFO - [G] 2026-01-31 00:37:03 :: TRACE :: Loader :: Processing Mod file (Legacy header): RefreshedDecks.lua
INFO - [G] 2026-01-31 00:37:03 :: TRACE :: Loader :: Saving Mod Info: RefreshedDecks
INFO - [G] 2026-01-31 00:37:03 :: TRACE :: Loader :: Processing Mod file (Legacy header): RegularShowDeck.lua
INFO - [G] 2026-01-31 00:37:03 :: TRACE :: Loader :: Saving Mod Info: RegularShowDeck
INFO - [G] 2026-01-31 00:37:03 :: INFO  :: Loader :: Valid JSON file found
INFO - [G] 2026-01-31 00:37:03 :: INFO  :: Loader :: Valid JSON file found
INFO - [G] 2026-01-31 00:37:03 :: TRACE :: Loader :: Processing Mod file (Legacy header): steamodded_metadata.lua
INFO - [G] 2026-01-31 00:37:03 :: TRACE :: Loader :: Saving Mod Info: Talisman
INFO - [G] 2026-01-31 00:37:03 :: WARN  :: Loader :: Found lone Lua file UltimateRandom.lua in Mods directory :: Please place the files for each mod in its own subdirectory.
INFO - [G] 2026-01-31 00:37:03 :: TRACE :: Loader :: Processing Mod file (Legacy header): UltimateRandom.lua
INFO - [G] 2026-01-31 00:37:03 :: TRACE :: Loader :: Saving Mod Info: UltimateRandomDeck
INFO - [G] 2026-01-31 00:37:03 :: TRACE :: Loader :: Processing Mod file (Legacy header): ultrakillskin.lua
INFO - [G] 2026-01-31 00:37:03 :: TRACE :: Loader :: Saving Mod Info: Ultrakill_deck
INFO - [G] 2026-01-31 00:37:03 :: INFO  :: Loader :: Valid JSON file found
INFO - [G] 2026-01-31 00:37:03 :: TRACE :: Loader :: Processing Mod file (Legacy header): facesofsin.lua
INFO - [G] 2026-01-31 00:37:03 :: TRACE :: Loader :: Saving Mod Info: fos
INFO - [G] 2026-01-31 00:37:03 :: TRACE :: Loader :: Processing Mod file (Legacy header): main.lua
INFO - [G] 2026-01-31 00:37:03 :: TRACE :: Loader :: Saving Mod Info: balatro-safety
INFO - [G] 2026-01-31 00:37:03 :: ERROR :: Loader :: Found invalid metadata JSON file at C:\users\steamuser\AppData\Roaming\Balatro\Mods/lovely/dump/back.lua.json, ignoring: [SMODS _ "src/loader.lua"]:226: id
INFO - [G] 2026-01-31 00:37:03 :: ERROR :: Loader :: Found invalid metadata JSON file at C:\users\steamuser\AppData\Roaming\Balatro\Mods/lovely/dump/blind.lua.json, ignoring: [SMODS _ "src/loader.lua"]:226: id
INFO - [G] 2026-01-31 00:37:03 :: ERROR :: Loader :: Found invalid metadata JSON file at C:\users\steamuser\AppData\Roaming\Balatro\Mods/lovely/dump/card.lua.json, ignoring: [SMODS _ "src/loader.lua"]:226: id
INFO - [G] 2026-01-31 00:37:03 :: ERROR :: Loader :: Found invalid metadata JSON file at C:\users\steamuser\AppData\Roaming\Balatro\Mods/lovely/dump/card_character.lua.json, ignoring: [SMODS _ "src/loader.lua"]:226: id
INFO - [G] 2026-01-31 00:37:03 :: ERROR :: Loader :: Found invalid metadata JSON file at C:\users\steamuser\AppData\Roaming\Balatro\Mods/lovely/dump/cardarea.lua.json, ignoring: [SMODS _ "src/loader.lua"]:226: id
INFO - [G] 2026-01-31 00:37:03 :: ERROR :: Loader :: Found invalid metadata JSON file at C:\users\steamuser\AppData\Roaming\Balatro\Mods/lovely/dump/game.lua.json, ignoring: [SMODS _ "src/loader.lua"]:226: id
INFO - [G] 2026-01-31 00:37:03 :: ERROR :: Loader :: Found invalid metadata JSON file at C:\users\steamuser\AppData\Roaming\Balatro\Mods/lovely/dump/globals.lua.json, ignoring: [SMODS _ "src/loader.lua"]:226: id
INFO - [G] 2026-01-31 00:37:03 :: ERROR :: Loader :: Found invalid metadata JSON file at C:\users\steamuser\AppData\Roaming\Balatro\Mods/lovely/dump/main.lua.json, ignoring: [SMODS _ "src/loader.lua"]:226: id
INFO - [G] 2026-01-31 00:37:03 :: ERROR :: Loader :: Found invalid metadata JSON file at C:\users\steamuser\AppData\Roaming\Balatro\Mods/lovely/dump/tag.lua.json, ignoring: [SMODS _ "src/loader.lua"]:226: id
INFO - [G] 2026-01-31 00:37:03 :: ERROR :: Loader :: Found invalid metadata JSON file at C:\users\steamuser\AppData\Roaming\Balatro\Mods/lovely/game-dump/back.lua.json, ignoring: [SMODS _ "src/loader.lua"]:226: id
INFO - [G] 2026-01-31 00:37:03 :: ERROR :: Loader :: Found invalid metadata JSON file at C:\users\steamuser\AppData\Roaming\Balatro\Mods/lovely/game-dump/blind.lua.json, ignoring: [SMODS _ "src/loader.lua"]:226: id
INFO - [G] 2026-01-31 00:37:03 :: ERROR :: Loader :: Found invalid metadata JSON file at C:\users\steamuser\AppData\Roaming\Balatro\Mods/lovely/game-dump/card.lua.json, ignoring: [SMODS _ "src/loader.lua"]:226: id
INFO - [G] 2026-01-31 00:37:03 :: ERROR :: Loader :: Found invalid metadata JSON file at C:\users\steamuser\AppData\Roaming\Balatro\Mods/lovely/game-dump/card_character.lua.json, ignoring: [SMODS _ "src/loader.lua"]:226: id
INFO - [G] 2026-01-31 00:37:03 :: ERROR :: Loader :: Found invalid metadata JSON file at C:\users\steamuser\AppData\Roaming\Balatro\Mods/lovely/game-dump/cardarea.lua.json, ignoring: [SMODS _ "src/loader.lua"]:226: id
INFO - [G] 2026-01-31 00:37:03 :: ERROR :: Loader :: Found invalid metadata JSON file at C:\users\steamuser\AppData\Roaming\Balatro\Mods/lovely/game-dump/game.lua.json, ignoring: [SMODS _ "src/loader.lua"]:226: id
INFO - [G] 2026-01-31 00:37:03 :: ERROR :: Loader :: Found invalid metadata JSON file at C:\users\steamuser\AppData\Roaming\Balatro\Mods/lovely/game-dump/globals.lua.json, ignoring: [SMODS _ "src/loader.lua"]:226: id
INFO - [G] 2026-01-31 00:37:03 :: ERROR :: Loader :: Found invalid metadata JSON file at C:\users\steamuser\AppData\Roaming\Balatro\Mods/lovely/game-dump/main.lua.json, ignoring: [SMODS _ "src/loader.lua"]:226: id
INFO - [G] 2026-01-31 00:37:03 :: ERROR :: Loader :: Found invalid metadata JSON file at C:\users\steamuser\AppData\Roaming\Balatro\Mods/lovely/game-dump/tag.lua.json, ignoring: [SMODS _ "src/loader.lua"]:226: id
INFO - [G] 2026-01-31 00:37:03 :: TRACE :: Loader :: Processing Mod file (Legacy header): rustdeck.lua
INFO - [G] 2026-01-31 00:37:03 :: TRACE :: Loader :: Saving Mod Info: rustydeck
INFO - [G] 2026-01-31 00:37:03 :: INFO  :: CardSleeves :: CardSleeves v1.8.0 loaded~!
INFO - [G] 2026-01-31 00:37:03 :: WARN  :: DeckSkin :: Old DeckSkin formatting detected on DeckSkin Alice_hearts_skin!
INFO - [G] 2026-01-31 00:37:03 :: WARN  :: DeckSkin :: Old DeckSkin formatting detected on DeckSkin Alice_clubs_skin!
INFO - [G] 2026-01-31 00:37:03 :: WARN  :: DeckSkin :: Old DeckSkin formatting detected on DeckSkin Alice_diamonds_skin!
INFO - [G] 2026-01-31 00:37:03 :: WARN  :: DeckSkin :: Old DeckSkin formatting detected on DeckSkin Alice_spades_skin!
INFO - [G] 2026-01-31 00:37:03 :: WARN  :: DeckSkin :: Old DeckSkin formatting detected on DeckSkin bicycle_hearts_skin!
INFO - [G] 2026-01-31 00:37:03 :: WARN  :: DeckSkin :: Old DeckSkin formatting detected on DeckSkin bicycle_clubs_skin!
INFO - [G] 2026-01-31 00:37:03 :: WARN  :: DeckSkin :: Old DeckSkin formatting detected on DeckSkin bicycle_diamonds_skin!
INFO - [G] 2026-01-31 00:37:03 :: WARN  :: DeckSkin :: Old DeckSkin formatting detected on DeckSkin bicycle_spades_skin!
INFO - [G] 2026-01-31 00:37:03 :: WARN  :: DeckSkin :: Old DeckSkin formatting detected on DeckSkin CH_hearts_skin!
INFO - [G] 2026-01-31 00:37:03 :: TRACE :: Loader :: Mod FancyDecks was unable to load: 
INFO - [G] 2026-01-31 00:37:03 :: WARN  :: DeckSkin :: Old DeckSkin formatting detected on DeckSkin GravityFalls_spades_skin!
INFO - [G] 2026-01-31 00:37:03 :: WARN  :: DeckSkin :: Old DeckSkin formatting detected on DeckSkin GravityFalls_diamonds_skin!
INFO - [G] 2026-01-31 00:37:03 :: WARN  :: DeckSkin :: Old DeckSkin formatting detected on DeckSkin GravityFalls_hearts_skin!
INFO - [G] 2026-01-31 00:37:03 :: WARN  :: DeckSkin :: Old DeckSkin formatting detected on DeckSkin GravityFalls_clubs_skin!
INFO - [G] 2026-01-31 00:37:03 :: WARN  :: DeckSkin :: Old DeckSkin formatting detected on DeckSkin RSD_clubs_skin!
INFO - [G] 2026-01-31 00:37:03 :: WARN  :: DeckSkin :: Old DeckSkin formatting detected on DeckSkin UK_hearts_skin!
INFO - [G] 2026-01-31 00:37:03 :: WARN  :: DeckSkin :: Old DeckSkin formatting detected on DeckSkin UK_clubs_skin!
INFO - [G] 2026-01-31 00:37:03 :: WARN  :: DeckSkin :: Old DeckSkin formatting detected on DeckSkin UK_diamonds_skin!
INFO - [G] 2026-01-31 00:37:03 :: WARN  :: DeckSkin :: Old DeckSkin formatting detected on DeckSkin UK_spades_skin!
INFO - [G] 2026-01-31 00:37:03 :: WARN  :: DeckSkin :: Old DeckSkin formatting detected on DeckSkin adv_spades_skin!
INFO - [G] 2026-01-31 00:37:03 :: WARN  :: DeckSkin :: Old DeckSkin formatting detected on DeckSkin fos_hearts_skin!
INFO - [G] 2026-01-31 00:37:03 :: WARN  :: DeckSkin :: Old DeckSkin formatting detected on DeckSkin fos_clubs_skin!
INFO - [G] 2026-01-31 00:37:03 :: WARN  :: DeckSkin :: Old DeckSkin formatting detected on DeckSkin fos_diamonds_skin!
INFO - [G] 2026-01-31 00:37:03 :: WARN  :: DeckSkin :: Old DeckSkin formatting detected on DeckSkin fos_spades_skin!
INFO - [G] 2026-01-31 00:37:03 :: DEBUG :: DefaultLogger :: FacesOfSin :: Loaded Textures
INFO - [G] 2026-01-31 00:37:03 :: WARN  :: DeckSkin :: Old DeckSkin formatting detected on DeckSkin hades_diamonds_skin!
INFO - [G] 2026-01-31 00:37:03 :: WARN  :: DeckSkin :: Old DeckSkin formatting detected on DeckSkin hk_spades_skin!
INFO - [G] 2026-01-31 00:37:03 :: WARN  :: DeckSkin :: Old DeckSkin formatting detected on DeckSkin rusty_Hotel!
INFO - [G] 2026-01-31 00:37:03 :: WARN  :: DeckSkin :: Old DeckSkin formatting detected on DeckSkin rusty_Past within!
INFO - [G] 2026-01-31 00:37:03 :: WARN  :: DeckSkin :: Old DeckSkin formatting detected on DeckSkin rusty_Samsara!
INFO - [G] 2026-01-31 00:37:03 :: WARN  :: DeckSkin :: Old DeckSkin formatting detected on DeckSkin rusty_Paradox!
INFO - [G] 2026-01-31 00:37:03 :: WARN  :: DeckSkin :: Old DeckSkin formatting detected on DeckSkin souls_hearts_skin!
INFO - [G] 2026-01-31 00:37:03 :: WARN  :: DeckSkin :: Old DeckSkin formatting detected on DeckSkin souls_clubs_skin!
INFO - [G] 2026-01-31 00:37:03 :: WARN  :: DeckSkin :: Old DeckSkin formatting detected on DeckSkin souls_diamonds_skin!
INFO - [G] 2026-01-31 00:37:03 :: WARN  :: DeckSkin :: Old DeckSkin formatting detected on DeckSkin souls_spades_skin!
INFO - [G] 2026-01-31 00:37:03 :: INFO  :: TIMER :: [0000] Injected Fonts in 0.004 ms
INFO - [G] 2026-01-31 00:37:03 :: INFO  :: TIMER :: [0000] Injected DynaTextEffects in 0.004 ms
INFO - [G] 2026-01-31 00:37:03 :: INFO  :: TIMER :: [0000] Injected Language in 0.004 ms
INFO - [G] 2026-01-31 00:37:03 :: INFO  :: TIMER :: [0000] Injected [INTERNAL] in 1.333 ms
INFO - [G] 2026-01-31 00:37:03 :: INFO  :: TIMER :: [0047] Injected Atlas in 570.240 ms
INFO - [G] 2026-01-31 00:37:03 :: INFO  :: TIMER :: [0008] Injected Sound in 7.777 ms
INFO - [G] 2026-01-31 00:37:03 :: INFO  :: TIMER :: [0002] Injected nil in 0.014 ms
INFO - [G] 2026-01-31 00:37:03 :: INFO  :: TIMER :: [0008] Injected Stake in 0.171 ms
INFO - [G] 2026-01-31 00:37:03 :: INFO  :: TIMER :: [0004] Injected Rarity in 0.021 ms
INFO - [G] 2026-01-31 00:37:03 :: INFO  :: TIMER :: [0004] Injected ObjectType in 0.040 ms
INFO - [G] 2026-01-31 00:37:03 :: INFO  :: TIMER :: [0070] Injected Center in 0.784 ms
INFO - [G] 2026-01-31 00:37:03 :: INFO  :: TIMER :: [0007] Injected Undiscovered Sprite in 0.030 ms
INFO - [G] 2026-01-31 00:37:03 :: INFO  :: TIMER :: [0002] Injected Blind in 0.025 ms
INFO - [G] 2026-01-31 00:37:03 :: INFO  :: TIMER :: [0004] Injected Seal in 0.260 ms
INFO - [G] 2026-01-31 00:37:03 :: INFO  :: TIMER :: [0004] Injected Suit in 0.102 ms
INFO - [G] 2026-01-31 00:37:03 :: INFO  :: TIMER :: [0013] Injected Rank in 0.113 ms
INFO - [G] 2026-01-31 00:37:03 :: INFO  :: TIMER :: [0062] Injected DeckSkin in 0.386 ms
INFO - [G] 2026-01-31 00:37:03 :: INFO  :: TIMER :: [0017] Injected JimboQuip in 0.040 ms
INFO - [G] 2026-01-31 00:37:03 :: INFO  :: TIMER :: [0012] Injected PokerHand in 0.049 ms
INFO - [G] 2026-01-31 00:37:03 :: INFO  :: TIMER :: [0020] Injected Challenge in 0.045 ms
INFO - [G] 2026-01-31 00:37:03 :: INFO  :: TIMER :: [0000] Injected Tag in 0.005 ms
INFO - [G] 2026-01-31 00:37:03 :: INFO  :: TIMER :: [0004] Injected Sticker in 0.113 ms
INFO - [G] 2026-01-31 00:37:03 :: INFO  :: TIMER :: [0001] Injected Shader in 5.881 ms
INFO - [G] 2026-01-31 00:37:03 :: INFO  :: TIMER :: [0002] Injected Keybind in 0.013 ms
INFO - [G] 2026-01-31 00:37:03 :: INFO  :: TIMER :: [0000] Injected Achievement in 0.020 ms
INFO - [G] 2026-01-31 00:37:03 :: INFO  :: TIMER :: [0002] Injected Scoring_Parameters in 0.220 ms
INFO - [G] 2026-01-31 00:37:03 :: INFO  :: TIMER :: [0007] Injected Scoring_Calculations in 0.023 ms
INFO - [G] 2026-01-31 00:37:03 :: INFO  :: TIMER :: [0021] Injected Draw Step in 0.063 ms
INFO - [G] 2026-01-31 00:37:03 :: INFO  :: TIMER :: [0000] Injected [INTERNAL] in 11.550 ms
INFO - [G] 2026-01-31 00:37:04 :: INFO  :: TIMER :: [0004] Injected AltTexture in 88.846 ms
INFO - [G] 2026-01-31 00:37:04 :: INFO  :: TIMER :: [0002] Injected Texture Pack in 0.026 ms
INFO - [G] line not found
INFO - [G] file not found: main.lua: No such file or directory
INFO - [G] file not found: main.lua: No such file or directory
INFO - [G] file not found: main.lua: No such file or directory
INFO - [G] file not found: main.lua: No such file or directory
INFO - [G] 2026-01-31 00:38:00 :: ERROR :: StackTrace :: Oops! The game crashed
main.lua:2840: [string " Cartomancer - cartomancer.qol "]:72: attempt to compare number with table
Stack Traceback
===============
(1) Lua local 'handler' at file 'main.lua:610'
	Local variables:
	 msg = string: "main.lua:2840: [string \" Cartomancer - cartomancer.qol \"]:72: attempt to compare number with table"
	 (*temporary) = Lua function '?' (defined at line 31 of chunk [SMODS _ "src/logging.lua"])
	 (*temporary) = string: "Oops! The game crashed\
"
(2) LÖVE function at file 'boot.lua:352' (best guess)
	Local variables:
	 errhand = Lua function '?' (defined at line 596 of chunk main.lua)
	 handler = Lua function '?' (defined at line 596 of chunk main.lua)
(3) global C function 'error'
(4) Lua upvalue 'gfep' at file 'main.lua:2840'
	Local variables:
	 success = boolean: false
	 err = string: "[string \" Cartomancer - cartomancer.qol \"]:72: attempt to compare number with table"
(5) Lua upvalue 'evaluatePlayRef' at file 'main.lua:2982'
	Local variables:
	 e = table: 0x086bc168  {pixellated_rect:table: 0x0d2c1e18, click_offset:table: 0x0b279ad0, children:table: 0x086bc190, parent:table: 0x086bbfc8, T:table: 0x0b279858 (more...)}
(6) Lua field 'evaluate_play' at line 152 of chunk '"5060"]'
(7) Lua field 'func' at file 'functions/state_events.lua:508'
(8) Lua method 'handle' at file 'engine/event.lua:96'
	Local variables:
	 self = table: 0x07f1fa78  {start_timer:true, timer:TOTAL, blockable:true, trigger:immediate, func:function: 0x0d2dddd8, delay:0, complete:false, time:78.601702247441, blocking:true (more...)}
	 _results = table: 0x0d2888a8  {blocking:true, pause_skip:false, time_done:false, completed:false}
(9) Lua method 'update' at file 'engine/event.lua:185'
	Local variables:
	 self = table: 0x0d276ff8  {queues:table: 0x0d277020, queue_last_processed:56.483333333331, append_count:0, append_queue:base, queue_dt:0.016666666666667, queue_timer:56.484425550391 (more...)}
	 dt = number: 0.00843401
	 forced = nil
	 (for generator) = C function: next
	 (for state) = table: 0x0d277020  {unlock:table: 0x07f89808, galdur:table: 0x138222d8, other:table: 0x0d279bc0, tutorial:table: 0x0d279b70, base:table: 0x07f89830, achievement:table: 0x0d279b98 (more...)}
	 (for control) = number: nan
	 k = string: "base"
	 v = table: 0x07f89830  {1:table: 0x0d292c00, 2:table: 0x0a8e48c8, 3:table: 0x0aa11860, 4:table: 0x07f1fa78, 5:table: 0x0e241db0, 6:table: 0x085ff0f0, 7:table: 0x0d2d26c8 (more...)}
	 blocked = boolean: false
	 i = number: 4
	 results = table: 0x0d2888a8  {blocking:true, pause_skip:false, time_done:false, completed:false}
(10) Lua upvalue 'gameUpdateRef' at file 'game.lua:2610'
	Local variables:
	 self = table: 0x0358a4b0  {F_GUIDE:false, F_CRASH_REPORTS:false, F_QUIT_BUTTON:true, HUD_tags:table: 0x06ba6038, F_ENGLISH_ONLY:false, viewed_stake:1, HUD:table: 0x0b39bcc8 (more...)}
	 dt = number: 0.00843401
	 http_resp = nil
(11) Lua upvalue 'orig_game_update' at Steamodded file 'src/ui.lua:124' 
	Local variables:
	 self = table: 0x0358a4b0  {F_GUIDE:false, F_CRASH_REPORTS:false, F_QUIT_BUTTON:true, HUD_tags:table: 0x06ba6038, F_ENGLISH_ONLY:false, viewed_stake:1, HUD:table: 0x0b39bcc8 (more...)}
	 dt = number: 0.00843401
(12) Lua upvalue 'upd' at file 'main.lua:1832'
	Local variables:
	 self = table: 0x0358a4b0  {F_GUIDE:false, F_CRASH_REPORTS:false, F_QUIT_BUTTON:true, HUD_tags:table: 0x06ba6038, F_ENGLISH_ONLY:false, viewed_stake:1, HUD:table: 0x0b39bcc8 (more...)}
	 dt = number: 0.00843401
(13) Lua upvalue 'game_update_ref' at file 'main.lua:2818'
	Local variables:
	 self = table: 0x0358a4b0  {F_GUIDE:false, F_CRASH_REPORTS:false, F_QUIT_BUTTON:true, HUD_tags:table: 0x06ba6038, F_ENGLISH_ONLY:false, viewed_stake:1, HUD:table: 0x0b39bcc8 (more...)}
	 dt = number: 0.00843401
(14) Lua upvalue 'gameUpdateRef' at file 'src/core.lua:121' (from lovely module systemclock.core)
	Local variables:
	 self = table: 0x0358a4b0  {F_GUIDE:false, F_CRASH_REPORTS:false, F_QUIT_BUTTON:true, HUD_tags:table: 0x06ba6038, F_ENGLISH_ONLY:false, viewed_stake:1, HUD:table: 0x0b39bcc8 (more...)}
	 dt = number: 0.00843401
(15) Lua method 'update' at line 32 of chunk '"5060"]'
	Local variables:
	 self = table: 0x0358a4b0  {F_GUIDE:false, F_CRASH_REPORTS:false, F_QUIT_BUTTON:true, HUD_tags:table: 0x06ba6038, F_ENGLISH_ONLY:false, viewed_stake:1, HUD:table: 0x0b39bcc8 (more...)}
	 dt = number: 0.00843401
(16) Lua upvalue 'love_update_ref' at file 'main.lua:1005'
	Local variables:
	 dt = number: 0.00843401
(17) Lua upvalue 'oldupd' at file 'modules/controller.lua:1079' (from lovely module handy/controller)
	Local variables:
	 dt = number: 0.00843401
(18) Lua field 'update' at file 'main.lua:2851'
	Local variables:
	 dt = number: 0.00843401
(19) Lua function '?' at file 'main.lua:944' (best guess)
(20) global C function 'xpcall'
(21) LÖVE function at file 'boot.lua:377' (best guess)
	Local variables:
	 func = Lua function '?' (defined at line 915 of chunk main.lua)
	 inerror = boolean: true
	 deferErrhand = Lua function '(LÖVE Function)' (defined at line 348 of chunk [love "boot.lua"])
	 earlyinit = Lua function '(LÖVE Function)' (defined at line 355 of chunk [love "boot.lua"])

INFO - [G] file not found: main.lua: No such file or directory
INFO - [G] file not found: main.lua: No such file or directory
INFO - [G] 2026-01-31 00:38:00 :: INFO  :: StackTrace :: Additional Context:
Balatro Version: 1.0.1o-FULL
Modded Version: 1.0.0~BETA-1224a-STEAMODDED
LÖVE Version: 11.5.0
Lovely Version: 0.9.0
Platform: Windows
Steamodded Mods:
    1: JokerSellValue by OppositeWolf770 [ID: JokerSellValue, Priority: 100000, Version: 1.3.0]
    2: Card Sleeves by Larswijn [ID: CardSleeves, Priority: -10, Version: 1.8.0, Uses Lovely]
    3: Bicycle Standard Cards by Amari [ID: BicycleStandardCards, Version: 1.0.0]
    4: Souls Borne Ring Shadow Die Twice by Mahuru [ID: souls_deck, Version: 1.0.1]
    5: Galdur by Eremel_ [ID: galdur, Priority: -10000, Version: 1.2.1e, Uses Lovely]
    6: Talisman by MathIsFun_, Mathguy24, jenwalter666, cg, lord.ruby [ID: Talisman, Version: 2.7, Uses Lovely]
    7: CupHead by Mahuru [ID: CH_deck, Version: 1.0.0]
    8: Run Reviewer by MilcK [ID: RunReviewer]
    9: rusty lake deck by pixal [ID: rustydeck]
    10: Regular Show Deck by rynagon and NyxForKicks [ID: RegularShowDeck, Version: 1.0.0]
    11: Gravity Falls by therealdan55 [ID: GravityFalls, Version: 1.0.1]
    12: Saturn by OceanRamen [ID: Saturn, Version: 0.2.2-E-ALPHA, Uses Lovely]
    13: Labyrinth Deck by MathIsFun_ [ID: LabyrinthDeck]
    14: Marvel's Midnight Suns Tarot Cards by SeijiPuu [ID: MidnightTs, Version: 1.0.0]
    15: SystemClock by Breezebuilder [ID: SystemClock, Priority: 100000, Version: 1.7.1, Uses Lovely]
    16: JokerDisplay by nh6574 [ID: JokerDisplay, Priority: -1000000000, Version: 1.9.2, Uses Lovely]
    17: Faces of Sin by TiltedHat, Victin [ID: fos, Version: 1.1.2]
    18: Hitman Cards by WaKa [ID: HitmanHearts, Version: 1.0.0]
    19: ULTRAKILL Deck by Wael and cookieee [ID: Ultrakill_deck, Version: 1.0.0]
    20: Adventure Time Cards by Mahuru [ID: adv_deck, Version: 1.0.0]
    21: Hades Cards by Galeandra [ID: hades, Version: 1.0.0]
    22: Ultimate Random Deck by Steamo [ID: UltimateRandomDeck]
    23: Hollow Knight Cards by Galeandra [ID: hk_deck, Version: 1.0.0]
    24: Balatro Safety by Zei33 [ID: balatro-safety, Version: 1.0.0]
    25: Malverk by Eremel_ [ID: malverk, Priority: -999999, Version: 1.1.4, Uses Lovely]
    26: unBlind - shop GUI by Soap (MeraGenio) [ID: unBlindShopGUI, Priority: 3, Version: 1.0.0, Uses Lovely]
    27: Cartomancer by stupxd aka stupid [ID: cartomancer, Priority: 69, Version: 4.17, Uses Lovely]
    28: Absolute Deck by Steamo [ID: AbsoluteDeck]
    29: Alice in wonderland by Iroks [ID: Alice_in_wonderland, Version: 1.0.0]
    30: Go to bed, Minty by wingedcatgirl [ID: gotobed, Priority: 10, Version: 1.1.1, Uses Lovely]
    31: Handy by SleepyG11 [ID: Handy, Version: 1.5.1m, Uses Lovely]
    32: Refreshed Decks by NooberTheAbsolute [ID: RefreshedDecks, Version: 1.0.0]
    33: Celestial Funk by Lime_Effy [ID: celestial_funk_limeeffy, Version: 1.0.0]
Lovely Mods:
    1: MobileLikeDragging
    2: DVPreview_v4.1.2
