INFO - [♥] Lovely 0.9.0
INFO - [♥] Game directory is at "Z:\\home\\aechewhy\\Games\\Balatro"
INFO - [♥] Writing logs to "C:\\users\\steamuser\\AppData\\Roaming\\Balatro\\Mods\\lovely\\log"
INFO - [♥] Using mod directory at "C:\\users\\steamuser\\AppData\\Roaming\\Balatro\\Mods"
INFO - [♥] No blacklist.txt in Mods/lovely.
INFO - [♥] Found .lovelyignore in 'FancyDecks', skipping it.
WARN - [♥] Unknown key `patches.2.?.match_indent` found in patch file "C:\\users\\steamuser\\AppData\\Roaming\\Balatro\\Mods\\DVPreview_v4.1.2\\lovely\\settings.toml", ignoring it
WARN - [♥] Unknown key `patches.2.?.overwrite` found in patch file "C:\\users\\steamuser\\AppData\\Roaming\\Balatro\\Mods\\DVPreview_v4.1.2\\lovely\\settings.toml", ignoring it
WARN - [♥] Unknown key `patches.1.?.match_indent` found in patch file "C:\\users\\steamuser\\AppData\\Roaming\\Balatro\\Mods\\HandyBalatro\\lovely\\controls_misc.toml", ignoring it
WARN - [♥] Unknown key `patches.1.?.overwrite` found in patch file "C:\\users\\steamuser\\AppData\\Roaming\\Balatro\\Mods\\HandyBalatro\\lovely\\controls_misc.toml", ignoring it
WARN - [♥] Unknown key `patches.0.?.overwrite` found in patch file "C:\\users\\steamuser\\AppData\\Roaming\\Balatro\\Mods\\HandyBalatro\\lovely\\controls_show_deck_preview.toml", ignoring it
WARN - [♥] Unknown key `patches.10.?.match_indent` found in patch file "C:\\users\\steamuser\\AppData\\Roaming\\Balatro\\Mods\\Saturn-main\\lovely\\rem_anim.toml", ignoring it
WARN - [♥] Unknown key `patches.10.?.overwrite` found in patch file "C:\\users\\steamuser\\AppData\\Roaming\\Balatro\\Mods\\Saturn-main\\lovely\\rem_anim.toml", ignoring it
WARN - [♥] Unknown key `patches.111.?.match_indent` found in patch file "C:\\users\\steamuser\\AppData\\Roaming\\Balatro\\Mods\\Talisman-main\\lovely.toml", ignoring it
WARN - [♥] Unknown key `patches.2.?.match_indent` found in patch file "C:\\users\\steamuser\\AppData\\Roaming\\Balatro\\Mods\\DVPreview_v4.1.2\\lovely\\settings.toml", ignoring it
WARN - [♥] Unknown key `patches.2.?.overwrite` found in patch file "C:\\users\\steamuser\\AppData\\Roaming\\Balatro\\Mods\\DVPreview_v4.1.2\\lovely\\settings.toml", ignoring it
WARN - [♥] Unknown key `patches.1.?.match_indent` found in patch file "C:\\users\\steamuser\\AppData\\Roaming\\Balatro\\Mods\\HandyBalatro\\lovely\\controls_misc.toml", ignoring it
WARN - [♥] Unknown key `patches.1.?.overwrite` found in patch file "C:\\users\\steamuser\\AppData\\Roaming\\Balatro\\Mods\\HandyBalatro\\lovely\\controls_misc.toml", ignoring it
WARN - [♥] Unknown key `patches.0.?.overwrite` found in patch file "C:\\users\\steamuser\\AppData\\Roaming\\Balatro\\Mods\\HandyBalatro\\lovely\\controls_show_deck_preview.toml", ignoring it
WARN - [♥] Unknown key `patches.10.?.match_indent` found in patch file "C:\\users\\steamuser\\AppData\\Roaming\\Balatro\\Mods\\Saturn-main\\lovely\\rem_anim.toml", ignoring it
WARN - [♥] Unknown key `patches.10.?.overwrite` found in patch file "C:\\users\\steamuser\\AppData\\Roaming\\Balatro\\Mods\\Saturn-main\\lovely\\rem_anim.toml", ignoring it
WARN - [♥] Unknown key `patches.111.?.match_indent` found in patch file "C:\\users\\steamuser\\AppData\\Roaming\\Balatro\\Mods\\Talisman-main\\lovely.toml", ignoring it
INFO - [♥] Cleaning up dump directory at "C:\\users\\steamuser\\AppData\\Roaming\\Balatro\\Mods\\lovely\\dump"
INFO - [♥] Cleaning up game-dump directory at "C:\\users\\steamuser\\AppData\\Roaming\\Balatro\\Mods\\lovely\\game-dump"
INFO - [♥] Initialization complete in 179ms
WARN - [♥] Pattern 'G.ARGS.score_intensity.organ = G.video_organ or G.ARGS.score_intensity.required_score > 0 and math.max(math.min(0.4, 0.1*math.log(G.ARGS.score_intensity.earned_score/(G.ARGS.score_intensity.required_score+1), 5)),0.) or 0' on target 'main.lua' for pattern patch from Talisman-main\lovely.toml resulted in no matches
WARN - [♥] Pattern 'if type(G.GAME.current_round.current_hand.chips) ~= \'number\' or type(G.GAME.current_round.current_hand.mult) ~= \'number\' then' on target 'main.lua' for pattern patch from Talisman-main\lovely.toml resulted in no matches
INFO - [♥] Applied 21 patches to 'main.lua'
INFO - [♥] Applied 2 patches to 'engine/string_packer.lua'
WARN - [♥] Regex 'function Controller:update([\s\S]+?)^end' on target 'engine/controller.lua' for regex patch from MobileLikeDragging\lovely\controller.toml resulted in 4 matches, wanted 1
WARN - [♥] Ignoring excess matches
WARN - [♥] Pattern 'if self.hovering.target and self.hovering.target == self.dragging.target and not self.HID.touch then' on target 'engine/controller.lua' for pattern patch from Galdur\lovely.toml resulted in no matches
INFO - [♥] Applied 21 patches to 'engine/controller.lua'
INFO - [♥] Applied 15 patches to 'back.lua'
INFO - [♥] Applied 11 patches to 'tag.lua'
INFO - [♥] Applied 6 patches to 'engine/event.lua'
INFO - [♥] Applied 2 patches to 'engine/node.lua'
INFO - [♥] Applied 3 patches to 'engine/moveable.lua'
INFO - [♥] Applied 4 patches to 'engine/sprite.lua'
INFO - [♥] Applied 4 patches to 'engine/animatedsprite.lua'
WARN - [♥] Pattern 'assembled_string = assembled_string..(type(subpart) == \'string\' and subpart or args.vars[tonumber(subpart[1])] or \'ERROR\')' on target 'functions/misc_functions.lua' for pattern patch from Talisman-main\lovely.toml resulted in no matches
WARN - [♥] Pattern 'G.ARGS.score_intensity.earned_score = G.GAME.current_round.current_hand.chips*G.GAME.current_round.current_hand.mult\n' on target 'functions/misc_functions.lua' for pattern patch from Talisman-main\lovely.toml resulted in no matches
WARN - [♥] Pattern 'function localize(args, misc_cat)\nif args and args.vars then\n' on target 'functions/misc_functions.lua' for pattern patch from UnBlind-main\lovely.toml resulted in no matches
INFO - [♥] Applied 92 patches to 'functions/misc_functions.lua'
INFO - [♥] Applied 74 patches to 'game.lua'
INFO - [♥] Applied 7 patches to 'globals.lua'
INFO - [♥] Applied 16 patches to 'engine/ui.lua'
WARN - [♥] Pattern '{n=G.UIT.T, config={text = G.GAME.hands[handname].chips, scale = 0.45, colour = G.C.UI.TEXT_LIGHT}},' on target 'functions/UI_definitions.lua' for pattern patch from Talisman-main\lovely.toml resulted in no matches
WARN - [♥] Pattern '{n=G.UIT.T, config={text = G.GAME.hands[handname].mult, scale = 0.45, colour = G.C.UI.TEXT_LIGHT}}' on target 'functions/UI_definitions.lua' for pattern patch from Talisman-main\lovely.toml resulted in no matches
INFO - [♥] Applied 149 patches to 'functions/UI_definitions.lua'
WARN - [♥] Pattern 'if effects[ii].card then' on target 'functions/state_events.lua' for pattern patch from HandyBalatro\lovely\controls_animation_skip.toml resulted in no matches
WARN - [♥] Pattern 'if hand_chips*mult > 0 then' on target 'functions/state_events.lua' for pattern patch from HandyBalatro\lovely\controls_scoring_hold.toml resulted in no matches
WARN - [♥] Pattern 'if effects[ii].card then' on target 'functions/state_events.lua' for pattern patch from Saturn-main\lovely\rem_anim.toml resulted in no matches
WARN - [♥] Pattern 'if hand_chips*mult > 0 then' on target 'functions/state_events.lua' for pattern patch from Talisman-main\lovely.toml resulted in no matches
WARN - [♥] Pattern 'if effects[ii].card then' on target 'functions/state_events.lua' for pattern patch from Talisman-main\lovely.toml resulted in no matches
WARN - [♥] Pattern 'if effects.jokers.Xmult_mod then mult = mod_mult(mult*effects.jokers.Xmult_mod);extras.mult = true  end' on target 'functions/state_events.lua' for pattern patch from Talisman-main\lovely.toml resulted in no matches
WARN - [♥] Pattern 'if effect.Xmult_mod then mult = mod_mult(mult*effect.Xmult_mod);extras.mult = true  end' on target 'functions/state_events.lua' for pattern patch from Talisman-main\lovely.toml resulted in no matches
WARN - [♥] Pattern 'if effects[ii].message then' on target 'functions/state_events.lua' for pattern patch from Talisman-main\lovely.toml resulted in no matches
WARN - [♥] Pattern '--calculate the card edition effects' on target 'functions/state_events.lua' for pattern patch from Talisman-main\lovely.toml resulted in no matches
WARN - [♥] Pattern 'if effects[ii].edition.p_dollars_mod then' on target 'functions/state_events.lua' for pattern patch from Talisman-main\lovely.toml resulted in no matches
WARN - [♥] Pattern 'if edition_effects.jokers.x_mult_mod then' on target 'functions/state_events.lua' for pattern patch from Talisman-main\lovely.toml resulted in no matches
INFO - [♥] Applied 83 patches to 'functions/state_events.lua'
WARN - [♥] Pattern 'func = (function() if eval_func(card) then if not first or first then card:juice_up(0.1, 0.1) end;juice_card_until(card, eval_func, nil, 0.8) end return true end)' on target 'functions/common_events.lua' for pattern patch from HandyBalatro\lovely\controls_animation_skip.toml resulted in no matches
WARN - [♥] Pattern 'func = (function() if eval_func(card) then if not first or first then card:juice_up(0.1, 0.1) end;juice_card_until(card, eval_func, nil, 0.8) end return true end)' on target 'functions/common_events.lua' for pattern patch from HandyBalatro\lovely\controls_animation_skip.toml resulted in no matches
WARN - [♥] Pattern 'func = (function() if eval_func(card) then if not first or first then card:juice_up(0.1, 0.1) end;juice_card_until(card, eval_func, nil, 0.8) end return true end)' on target 'functions/common_events.lua' for pattern patch from Saturn-main\lovely\rem_anim.toml resulted in no matches
WARN - [♥] Pattern 'func = (function() card:juice_up(0.7);return true end)' on target 'functions/common_events.lua' for pattern patch from Saturn-main\lovely\rem_anim.toml resulted in no matches
WARN - [♥] Pattern 'if card then card:juice_up(0.8, 0.5) end' on target 'functions/common_events.lua' for pattern patch from Saturn-main\lovely\rem_anim.toml resulted in no matches
WARN - [♥] Pattern 'card:juice_up(0.6, 0.1)' on target 'functions/common_events.lua' for pattern patch from Saturn-main\lovely\rem_anim.toml resulted in no matches
WARN - [♥] Pattern 'func = (function() if eval_func(card) then if not first or first then card:juice_up(0.1, 0.1) end;juice_card_until(card, eval_func, nil, 0.8) end return true end)' on target 'functions/common_events.lua' for pattern patch from Saturn-main\lovely\rem_anim.toml resulted in no matches
WARN - [♥] Pattern 'func = (function() if eval_func(card) then if not first or first then card:juice_up(0.1, 0.1) end;juice_card_until(card, eval_func, nil, 0.8) end return true end)' on target 'functions/common_events.lua' for pattern patch from Saturn-main\lovely\rem_anim.toml resulted in no matches
WARN - [♥] Pattern 'local delta = (type(vals.chips) == \'number\' and type(G.GAME.current_round.current_hand.chips) == \'number\') and (vals.chips - G.GAME.current_round.current_hand.chips) or 0' on target 'functions/common_events.lua' for pattern patch from Talisman-main\lovely.toml resulted in no matches
WARN - [♥] Pattern 'local delta = (type(vals.mult) == \'number\' and type(G.GAME.current_round.current_hand.mult) == \'number\')and (vals.mult - G.GAME.current_round.current_hand.mult) or 0' on target 'functions/common_events.lua' for pattern patch from Talisman-main\lovely.toml resulted in no matches
WARN - [♥] Pattern 'if num_dollars > 60 then' on target 'functions/common_events.lua' for pattern patch from Talisman-main\lovely.toml resulted in no matches
WARN - [♥] Pattern 'func = (function() card:juice_up(0.7);return true end)' on target 'functions/common_events.lua' for pattern patch from Talisman-main\lovely.toml resulted in no matches
WARN - [♥] Pattern 'if card then card:juice_up(0.8, 0.5) end' on target 'functions/common_events.lua' for pattern patch from Talisman-main\lovely.toml resulted in no matches
WARN - [♥] Pattern 'card:juice_up(0.6, 0.1)' on target 'functions/common_events.lua' for pattern patch from Talisman-main\lovely.toml resulted in no matches
WARN - [♥] Pattern 'func = (function() if eval_func(card) then if not first or first then card:juice_up(0.1, 0.1) end;juice_card_until(card, eval_func, nil, 0.8) end return true end)' on target 'functions/common_events.lua' for pattern patch from Talisman-main\lovely.toml resulted in no matches
WARN - [♥] Pattern 'func = (function() if eval_func(card) then if not first or first then card:juice_up(0.1, 0.1) end;juice_card_until(card, eval_func, nil, 0.8) end return true end)' on target 'functions/common_events.lua' for pattern patch from Talisman-main\lovely.toml resulted in no matches
INFO - [♥] Applied 174 patches to 'functions/common_events.lua'
WARN - [♥] Pattern 'if G.pack_cards and (G.pack_cards.cards[1]) and' on target 'functions/button_callbacks.lua' for pattern patch from MobileLikeDragging\lovely\button_callbacks.toml resulted in no matches
WARN - [♥] Pattern 'if #G.hand.highlighted <= 0 or G.GAME.blind.block_play or #G.hand.highlighted > 5 then' on target 'functions/button_callbacks.lua' for pattern patch from CardSleeves-1.8.0\lovely\expected_to_fail.toml resulted in no matches
INFO - [♥] Applied 80 patches to 'functions/button_callbacks.lua'
WARN - [♥] Pattern 'if G.GAME.blind then G.E_MANAGER:add_event(Event({ func = function() G.GAME.blind:set_blind(nil, true, nil); return true end })) end' on target 'card.lua' for pattern patch from Saturn-main\lovely\rem_anim.toml resulted in no matches
WARN - [♥] Pattern 'G.E_MANAGER:add_event(Event({func = (function() G.GAME.dollar_buffer = 0; return true end)}))' on target 'card.lua' for pattern patch from Saturn-main\lovely\rem_anim.toml resulted in no matches
WARN - [♥] Pattern 'Xmult_mod = G.P_CENTERS.v_observatory.config.extra' on target 'card.lua' for pattern patch from Saturn-main\lovely\stack.toml resulted in no matches
WARN - [♥] Pattern 'message = localize{type = \'variable\', key = \'a_xmult\', vars = {G.P_CENTERS.v_observatory.config.extra}},' on target 'card.lua' for pattern patch from Saturn-main\lovely\stack.toml resulted in no matches
WARN - [♥] Pattern 'if self.edition and not silent then' on target 'card.lua' for pattern patch from Talisman-main\lovely.toml resulted in no matches
WARN - [♥] Pattern 'G.E_MANAGER:add_event(Event({func = (function() G.GAME.dollar_buffer = 0; return true end)}))' on target 'card.lua' for pattern patch from Talisman-main\lovely.toml resulted in no matches
WARN - [♥] Pattern 'if G.GAME.blind then G.E_MANAGER:add_event(Event({ func = function() G.GAME.blind:set_blind(nil, true, nil); return true end })) end' on target 'card.lua' for pattern patch from Talisman-main\lovely.toml resulted in no matches
WARN - [♥] Pattern 'x_mult = center.config.Xmult or 1,' on target 'card.lua' for pattern patch from Talisman-main\lovely.toml resulted in no matches
WARN - [♥] Pattern 'local currentBack = self.params.viewed_back and G.GAME.viewed_back or G.GAME.selected_back' on target 'card.lua' for pattern patch from Galdur\lovely.toml resulted in no matches
WARN - [♥] Regex 'self.params.viewed_back and G.GAME.viewed_back or G.GAME.selected_back' on target 'card.lua' for regex patch from CardSleeves-1.8.0\lovely\expected_to_fail.toml resulted in no matches
INFO - [♥] Applied 258 patches to 'card.lua'
INFO - [♥] Applied 25 patches to 'cardarea.lua'
INFO - [♥] Applied 45 patches to 'blind.lua'
INFO - [♥] Applied 10 patches to 'card_character.lua'
INFO - [♥] Applied 19 patches to 'engine/text.lua'
WARN - [♥] Regex '= amount > 0' on target '=[SMODS _ "src/utils.lua"]' for regex patch from Talisman-main\lovely.toml resulted in no matches
INFO - [♥] Applied 2 patches to '=[SMODS _ "src/utils.lua"]'
INFO - [♥] Applied 1 patch to '=[SMODS _ "src/overrides.lua"]'
WARN - [♥] Pattern 'x_mult = card.ability.extra' on target '=[SMODS _ "src/game_object.lua"]' for pattern patch from Saturn-main\lovely\stack.toml resulted in no matches
INFO - [♥] Applied 2 patches to '=[SMODS _ "src/game_object.lua"]'
INFO - [G] Failed to connect to the debug server
INFO - [G] 2026-01-31 00:39:50 :: DEBUG :: DebugConsole :: Steamodded Debug Socket started !
INFO - [G] 2026-01-31 00:39:50 :: INFO  :: SMODS :: Steamodded v1.0.0~BETA-1224a
INFO - [G] Order not set for config dictionary: speed_multiplier_settings_toggle
INFO - [G] Order not set for config dictionary: speed_multiplier_default_value
INFO - [G] Order not set for config dictionary: animation_skip_settings_toggle
INFO - [G] Order not set for config dictionary: animation_skip_default_value
INFO - [♥] Applied 9 patches to 'engine/sound_manager.lua'
INFO - [♥] Applied 3 patches to 'engine/save_manager.lua'
INFO - [♥] Applied 2 patches to 'engine/string_packer.lua'
INFO - [G] 2026-01-31 00:39:51 :: WARN  :: Loader :: Found lone Lua file AbsoluteDeck.lua in Mods directory :: Please place the files for each mod in its own subdirectory.
INFO - [G] 2026-01-31 00:39:51 :: TRACE :: Loader :: Processing Mod file (Legacy header): AbsoluteDeck.lua
INFO - [G] 2026-01-31 00:39:51 :: TRACE :: Loader :: Saving Mod Info: AbsoluteDeck
INFO - [G] 2026-01-31 00:39:51 :: TRACE :: Loader :: Processing Mod file (Legacy header): AdevntureTimeCards.lua
INFO - [G] 2026-01-31 00:39:51 :: TRACE :: Loader :: Saving Mod Info: adv_deck
INFO - [G] 2026-01-31 00:39:51 :: TRACE :: Loader :: Processing Mod file (Legacy header): AdevntureTimeCards.lua
INFO - [G] 2026-01-31 00:39:51 :: WARN  :: Loader :: Duplicate Mod ID: adv_deck
INFO - [G] 2026-01-31 00:39:51 :: WARN  :: Loader :: Duplicate Mod prefix adv used by adv_deck, adv_deck
INFO - [G] 2026-01-31 00:39:51 :: TRACE :: Loader :: Processing Mod file (Legacy header): Alice in wonderland.lua
INFO - [G] 2026-01-31 00:39:51 :: TRACE :: Loader :: Saving Mod Info: Alice_in_wonderland
INFO - [G] 2026-01-31 00:39:51 :: TRACE :: Loader :: Processing Mod file (Legacy header): BalatroSouls.lua
INFO - [G] 2026-01-31 00:39:51 :: TRACE :: Loader :: Saving Mod Info: souls_deck
INFO - [G] 2026-01-31 00:39:51 :: TRACE :: Loader :: Processing Mod file (Legacy header): BicycleStandardCards.lua
INFO - [G] 2026-01-31 00:39:51 :: TRACE :: Loader :: Saving Mod Info: BicycleStandardCards
INFO - [G] 2026-01-31 00:39:51 :: INFO  :: Loader :: Valid JSON file found
INFO - [G] 2026-01-31 00:39:51 :: TRACE :: Loader :: Processing Mod file (Legacy header): main.lua
INFO - [G] 2026-01-31 00:39:51 :: TRACE :: Loader :: Saving Mod Info: celestial_funk_limeeffy
INFO - [G] 2026-01-31 00:39:51 :: TRACE :: Loader :: Processing Mod file (Legacy header): CupHead.lua
INFO - [G] 2026-01-31 00:39:51 :: TRACE :: Loader :: Saving Mod Info: CH_deck
INFO - [G] 2026-01-31 00:39:51 :: TRACE :: Loader :: Processing Mod file (Legacy header): FancyDecks.lua
INFO - [G] 2026-01-31 00:39:51 :: TRACE :: Loader :: Saving Mod Info: FancyDecks
INFO - [G] 2026-01-31 00:39:51 :: INFO  :: Loader :: Valid JSON file found
INFO - [G] 2026-01-31 00:39:51 :: INFO  :: Loader :: Valid JSON file found
INFO - [G] 2026-01-31 00:39:51 :: TRACE :: Loader :: Processing Mod file (Legacy header): GravityFallsDeck.lua
INFO - [G] 2026-01-31 00:39:51 :: TRACE :: Loader :: Saving Mod Info: GravityFalls
INFO - [G] 2026-01-31 00:39:51 :: TRACE :: Loader :: Processing Mod file (Legacy header): HadesCards.lua
INFO - [G] 2026-01-31 00:39:51 :: TRACE :: Loader :: Saving Mod Info: hades
INFO - [G] 2026-01-31 00:39:51 :: INFO  :: Loader :: Valid JSON file found
INFO - [G] 2026-01-31 00:39:51 :: TRACE :: Loader :: Processing Mod file (Legacy header): steamodded.lua
INFO - [G] 2026-01-31 00:39:51 :: WARN  :: Loader :: Duplicate Mod ID: Handy
INFO - [G] 2026-01-31 00:39:51 :: INFO  :: Loader :: Valid JSON file found
INFO - [G] 2026-01-31 00:39:51 :: TRACE :: Loader :: Processing Mod file (Legacy header): HollowKnightCards.lua
INFO - [G] 2026-01-31 00:39:51 :: TRACE :: Loader :: Saving Mod Info: hk_deck
INFO - [G] 2026-01-31 00:39:51 :: TRACE :: Loader :: Processing Mod file (Legacy header): RunReviewer.lua
INFO - [G] 2026-01-31 00:39:51 :: TRACE :: Loader :: Saving Mod Info: RunReviewer
INFO - [G] 2026-01-31 00:39:51 :: INFO  :: Loader :: Valid JSON file found
INFO - [G] 2026-01-31 00:39:51 :: ERROR :: Loader :: Found invalid metadata JSON file at C:\users\steamuser\AppData\Roaming\Balatro\Mods/JokerDisplay-main/manifest.json, ignoring: [SMODS _ "src/loader.lua"]:226: id
INFO - [G] 2026-01-31 00:39:51 :: INFO  :: Loader :: Valid JSON file found
INFO - [G] 2026-01-31 00:39:51 :: WARN  :: Loader :: Found lone Lua file LabyrinthDeck.lua in Mods directory :: Please place the files for each mod in its own subdirectory.
INFO - [G] 2026-01-31 00:39:51 :: TRACE :: Loader :: Processing Mod file (Legacy header): LabyrinthDeck.lua
INFO - [G] 2026-01-31 00:39:51 :: TRACE :: Loader :: Saving Mod Info: LabyrinthDeck
INFO - [G] 2026-01-31 00:39:51 :: INFO  :: Loader :: Valid JSON file found
INFO - [G] 2026-01-31 00:39:51 :: TRACE :: Loader :: Processing Mod file (Legacy header): MidnightTarot.lua
INFO - [G] 2026-01-31 00:39:51 :: TRACE :: Loader :: Saving Mod Info: MidnightTs
INFO - [G] 2026-01-31 00:39:51 :: ERROR :: Loader :: Found invalid metadata JSON file at C:\users\steamuser\AppData\Roaming\Balatro\Mods/MobileLikeDragging/manifest.json, ignoring: [SMODS _ "src/loader.lua"]:226: id
INFO - [G] 2026-01-31 00:39:51 :: TRACE :: Loader :: Processing Mod file (Legacy header): RefreshedDecks.lua
INFO - [G] 2026-01-31 00:39:51 :: TRACE :: Loader :: Saving Mod Info: RefreshedDecks
INFO - [G] 2026-01-31 00:39:51 :: TRACE :: Loader :: Processing Mod file (Legacy header): RegularShowDeck.lua
INFO - [G] 2026-01-31 00:39:51 :: TRACE :: Loader :: Saving Mod Info: RegularShowDeck
INFO - [G] 2026-01-31 00:39:51 :: INFO  :: Loader :: Valid JSON file found
INFO - [G] 2026-01-31 00:39:51 :: INFO  :: Loader :: Valid JSON file found
INFO - [G] 2026-01-31 00:39:51 :: TRACE :: Loader :: Processing Mod file (Legacy header): steamodded_metadata.lua
INFO - [G] 2026-01-31 00:39:51 :: TRACE :: Loader :: Saving Mod Info: Talisman
INFO - [G] 2026-01-31 00:39:51 :: WARN  :: Loader :: Found lone Lua file UltimateRandom.lua in Mods directory :: Please place the files for each mod in its own subdirectory.
INFO - [G] 2026-01-31 00:39:51 :: TRACE :: Loader :: Processing Mod file (Legacy header): UltimateRandom.lua
INFO - [G] 2026-01-31 00:39:51 :: TRACE :: Loader :: Saving Mod Info: UltimateRandomDeck
INFO - [G] 2026-01-31 00:39:51 :: TRACE :: Loader :: Processing Mod file (Legacy header): ultrakillskin.lua
INFO - [G] 2026-01-31 00:39:51 :: TRACE :: Loader :: Saving Mod Info: Ultrakill_deck
INFO - [G] 2026-01-31 00:39:51 :: INFO  :: Loader :: Valid JSON file found
INFO - [G] 2026-01-31 00:39:51 :: TRACE :: Loader :: Processing Mod file (Legacy header): facesofsin.lua
INFO - [G] 2026-01-31 00:39:51 :: TRACE :: Loader :: Saving Mod Info: fos
INFO - [G] 2026-01-31 00:39:51 :: TRACE :: Loader :: Processing Mod file (Legacy header): main.lua
INFO - [G] 2026-01-31 00:39:51 :: TRACE :: Loader :: Saving Mod Info: balatro-safety
INFO - [G] 2026-01-31 00:39:51 :: ERROR :: Loader :: Found invalid metadata JSON file at C:\users\steamuser\AppData\Roaming\Balatro\Mods/jimbos_metrics-master/.luarc.json, ignoring: [SMODS _ "src/loader.lua"]:226: id
INFO - [G] 2026-01-31 00:39:51 :: INFO  :: Loader :: Valid JSON file found
INFO - [G] 2026-01-31 00:39:51 :: ERROR :: Loader :: Found invalid metadata JSON file at C:\users\steamuser\AppData\Roaming\Balatro\Mods/lovely/dump/back.lua.json, ignoring: [SMODS _ "src/loader.lua"]:226: id
INFO - [G] 2026-01-31 00:39:51 :: ERROR :: Loader :: Found invalid metadata JSON file at C:\users\steamuser\AppData\Roaming\Balatro\Mods/lovely/dump/blind.lua.json, ignoring: [SMODS _ "src/loader.lua"]:226: id
INFO - [G] 2026-01-31 00:39:51 :: ERROR :: Loader :: Found invalid metadata JSON file at C:\users\steamuser\AppData\Roaming\Balatro\Mods/lovely/dump/card.lua.json, ignoring: [SMODS _ "src/loader.lua"]:226: id
INFO - [G] 2026-01-31 00:39:51 :: ERROR :: Loader :: Found invalid metadata JSON file at C:\users\steamuser\AppData\Roaming\Balatro\Mods/lovely/dump/card_character.lua.json, ignoring: [SMODS _ "src/loader.lua"]:226: id
INFO - [G] 2026-01-31 00:39:51 :: ERROR :: Loader :: Found invalid metadata JSON file at C:\users\steamuser\AppData\Roaming\Balatro\Mods/lovely/dump/cardarea.lua.json, ignoring: [SMODS _ "src/loader.lua"]:226: id
INFO - [G] 2026-01-31 00:39:51 :: ERROR :: Loader :: Found invalid metadata JSON file at C:\users\steamuser\AppData\Roaming\Balatro\Mods/lovely/dump/game.lua.json, ignoring: [SMODS _ "src/loader.lua"]:226: id
INFO - [G] 2026-01-31 00:39:51 :: ERROR :: Loader :: Found invalid metadata JSON file at C:\users\steamuser\AppData\Roaming\Balatro\Mods/lovely/dump/globals.lua.json, ignoring: [SMODS _ "src/loader.lua"]:226: id
INFO - [G] 2026-01-31 00:39:51 :: ERROR :: Loader :: Found invalid metadata JSON file at C:\users\steamuser\AppData\Roaming\Balatro\Mods/lovely/dump/main.lua.json, ignoring: [SMODS _ "src/loader.lua"]:226: id
INFO - [G] 2026-01-31 00:39:51 :: ERROR :: Loader :: Found invalid metadata JSON file at C:\users\steamuser\AppData\Roaming\Balatro\Mods/lovely/dump/tag.lua.json, ignoring: [SMODS _ "src/loader.lua"]:226: id
INFO - [G] 2026-01-31 00:39:51 :: ERROR :: Loader :: Found invalid metadata JSON file at C:\users\steamuser\AppData\Roaming\Balatro\Mods/lovely/game-dump/back.lua.json, ignoring: [SMODS _ "src/loader.lua"]:226: id
INFO - [G] 2026-01-31 00:39:51 :: ERROR :: Loader :: Found invalid metadata JSON file at C:\users\steamuser\AppData\Roaming\Balatro\Mods/lovely/game-dump/blind.lua.json, ignoring: [SMODS _ "src/loader.lua"]:226: id
INFO - [G] 2026-01-31 00:39:51 :: ERROR :: Loader :: Found invalid metadata JSON file at C:\users\steamuser\AppData\Roaming\Balatro\Mods/lovely/game-dump/card.lua.json, ignoring: [SMODS _ "src/loader.lua"]:226: id
INFO - [G] 2026-01-31 00:39:51 :: ERROR :: Loader :: Found invalid metadata JSON file at C:\users\steamuser\AppData\Roaming\Balatro\Mods/lovely/game-dump/card_character.lua.json, ignoring: [SMODS _ "src/loader.lua"]:226: id
INFO - [G] 2026-01-31 00:39:51 :: ERROR :: Loader :: Found invalid metadata JSON file at C:\users\steamuser\AppData\Roaming\Balatro\Mods/lovely/game-dump/cardarea.lua.json, ignoring: [SMODS _ "src/loader.lua"]:226: id
INFO - [G] 2026-01-31 00:39:51 :: ERROR :: Loader :: Found invalid metadata JSON file at C:\users\steamuser\AppData\Roaming\Balatro\Mods/lovely/game-dump/game.lua.json, ignoring: [SMODS _ "src/loader.lua"]:226: id
INFO - [G] 2026-01-31 00:39:51 :: ERROR :: Loader :: Found invalid metadata JSON file at C:\users\steamuser\AppData\Roaming\Balatro\Mods/lovely/game-dump/globals.lua.json, ignoring: [SMODS _ "src/loader.lua"]:226: id
INFO - [G] 2026-01-31 00:39:51 :: ERROR :: Loader :: Found invalid metadata JSON file at C:\users\steamuser\AppData\Roaming\Balatro\Mods/lovely/game-dump/main.lua.json, ignoring: [SMODS _ "src/loader.lua"]:226: id
INFO - [G] 2026-01-31 00:39:51 :: ERROR :: Loader :: Found invalid metadata JSON file at C:\users\steamuser\AppData\Roaming\Balatro\Mods/lovely/game-dump/tag.lua.json, ignoring: [SMODS _ "src/loader.lua"]:226: id
INFO - [G] 2026-01-31 00:39:51 :: TRACE :: Loader :: Processing Mod file (Legacy header): rustdeck.lua
INFO - [G] 2026-01-31 00:39:51 :: TRACE :: Loader :: Saving Mod Info: rustydeck
INFO - [G] 2026-01-31 00:39:51 :: INFO  :: CardSleeves :: CardSleeves v1.8.0 loaded~!
INFO - [G] 2026-01-31 00:39:51 :: WARN  :: DeckSkin :: Old DeckSkin formatting detected on DeckSkin Alice_hearts_skin!
INFO - [G] 2026-01-31 00:39:51 :: WARN  :: DeckSkin :: Old DeckSkin formatting detected on DeckSkin Alice_clubs_skin!
INFO - [G] 2026-01-31 00:39:51 :: WARN  :: DeckSkin :: Old DeckSkin formatting detected on DeckSkin Alice_diamonds_skin!
INFO - [G] 2026-01-31 00:39:51 :: WARN  :: DeckSkin :: Old DeckSkin formatting detected on DeckSkin Alice_spades_skin!
INFO - [G] 2026-01-31 00:39:51 :: WARN  :: DeckSkin :: Old DeckSkin formatting detected on DeckSkin bicycle_hearts_skin!
INFO - [G] 2026-01-31 00:39:51 :: WARN  :: DeckSkin :: Old DeckSkin formatting detected on DeckSkin bicycle_clubs_skin!
INFO - [G] 2026-01-31 00:39:51 :: WARN  :: DeckSkin :: Old DeckSkin formatting detected on DeckSkin bicycle_diamonds_skin!
INFO - [G] 2026-01-31 00:39:51 :: WARN  :: DeckSkin :: Old DeckSkin formatting detected on DeckSkin bicycle_spades_skin!
INFO - [G] 2026-01-31 00:39:51 :: WARN  :: DeckSkin :: Old DeckSkin formatting detected on DeckSkin CH_hearts_skin!
INFO - [G] 2026-01-31 00:39:51 :: TRACE :: Loader :: Mod FancyDecks was unable to load: 
INFO - [G] 2026-01-31 00:39:51 :: WARN  :: DeckSkin :: Old DeckSkin formatting detected on DeckSkin GravityFalls_spades_skin!
INFO - [G] 2026-01-31 00:39:51 :: WARN  :: DeckSkin :: Old DeckSkin formatting detected on DeckSkin GravityFalls_diamonds_skin!
INFO - [G] 2026-01-31 00:39:51 :: WARN  :: DeckSkin :: Old DeckSkin formatting detected on DeckSkin GravityFalls_hearts_skin!
INFO - [G] 2026-01-31 00:39:51 :: WARN  :: DeckSkin :: Old DeckSkin formatting detected on DeckSkin GravityFalls_clubs_skin!
INFO - [G] 2026-01-31 00:39:51 :: WARN  :: DeckSkin :: Old DeckSkin formatting detected on DeckSkin RSD_clubs_skin!
INFO - [G] 2026-01-31 00:39:51 :: WARN  :: DeckSkin :: Old DeckSkin formatting detected on DeckSkin UK_hearts_skin!
INFO - [G] 2026-01-31 00:39:51 :: WARN  :: DeckSkin :: Old DeckSkin formatting detected on DeckSkin UK_clubs_skin!
INFO - [G] 2026-01-31 00:39:51 :: WARN  :: DeckSkin :: Old DeckSkin formatting detected on DeckSkin UK_diamonds_skin!
INFO - [G] 2026-01-31 00:39:51 :: WARN  :: DeckSkin :: Old DeckSkin formatting detected on DeckSkin UK_spades_skin!
INFO - [G] 2026-01-31 00:39:51 :: WARN  :: DeckSkin :: Old DeckSkin formatting detected on DeckSkin adv_spades_skin!
INFO - [G] 2026-01-31 00:39:51 :: WARN  :: DeckSkin :: Old DeckSkin formatting detected on DeckSkin fos_hearts_skin!
INFO - [G] 2026-01-31 00:39:51 :: WARN  :: DeckSkin :: Old DeckSkin formatting detected on DeckSkin fos_clubs_skin!
INFO - [G] 2026-01-31 00:39:51 :: WARN  :: DeckSkin :: Old DeckSkin formatting detected on DeckSkin fos_diamonds_skin!
INFO - [G] 2026-01-31 00:39:51 :: WARN  :: DeckSkin :: Old DeckSkin formatting detected on DeckSkin fos_spades_skin!
INFO - [G] 2026-01-31 00:39:51 :: DEBUG :: DefaultLogger :: FacesOfSin :: Loaded Textures
INFO - [G] 2026-01-31 00:39:51 :: WARN  :: DeckSkin :: Old DeckSkin formatting detected on DeckSkin hades_diamonds_skin!
INFO - [G] 2026-01-31 00:39:51 :: WARN  :: DeckSkin :: Old DeckSkin formatting detected on DeckSkin hk_spades_skin!
INFO - [G] 2026-01-31 00:39:51 :: WARN  :: DeckSkin :: Old DeckSkin formatting detected on DeckSkin rusty_Hotel!
INFO - [G] 2026-01-31 00:39:51 :: WARN  :: DeckSkin :: Old DeckSkin formatting detected on DeckSkin rusty_Past within!
INFO - [G] 2026-01-31 00:39:51 :: WARN  :: DeckSkin :: Old DeckSkin formatting detected on DeckSkin rusty_Samsara!
INFO - [G] 2026-01-31 00:39:51 :: WARN  :: DeckSkin :: Old DeckSkin formatting detected on DeckSkin rusty_Paradox!
INFO - [G] 2026-01-31 00:39:51 :: WARN  :: DeckSkin :: Old DeckSkin formatting detected on DeckSkin souls_hearts_skin!
INFO - [G] 2026-01-31 00:39:51 :: WARN  :: DeckSkin :: Old DeckSkin formatting detected on DeckSkin souls_clubs_skin!
INFO - [G] 2026-01-31 00:39:51 :: WARN  :: DeckSkin :: Old DeckSkin formatting detected on DeckSkin souls_diamonds_skin!
INFO - [G] 2026-01-31 00:39:51 :: WARN  :: DeckSkin :: Old DeckSkin formatting detected on DeckSkin souls_spades_skin!
INFO - [G] 2026-01-31 00:39:51 :: INFO  :: TIMER :: [0000] Injected Fonts in 0.005 ms
INFO - [G] 2026-01-31 00:39:51 :: INFO  :: TIMER :: [0000] Injected DynaTextEffects in 0.004 ms
INFO - [G] 2026-01-31 00:39:51 :: INFO  :: TIMER :: [0000] Injected Language in 0.005 ms
INFO - [G] 2026-01-31 00:39:51 :: INFO  :: TIMER :: [0000] Injected [INTERNAL] in 1.183 ms
INFO - [G] 2026-01-31 00:39:52 :: INFO  :: TIMER :: [0047] Injected Atlas in 590.836 ms
INFO - [G] 2026-01-31 00:39:52 :: INFO  :: TIMER :: [0008] Injected Sound in 8.651 ms
INFO - [G] 2026-01-31 00:39:52 :: INFO  :: TIMER :: [0002] Injected nil in 0.012 ms
INFO - [G] 2026-01-31 00:39:52 :: INFO  :: TIMER :: [0008] Injected Stake in 0.192 ms
INFO - [G] 2026-01-31 00:39:52 :: INFO  :: TIMER :: [0004] Injected Rarity in 0.034 ms
INFO - [G] 2026-01-31 00:39:52 :: INFO  :: TIMER :: [0004] Injected ObjectType in 0.072 ms
INFO - [G] 2026-01-31 00:39:52 :: INFO  :: TIMER :: [0070] Injected Center in 0.610 ms
INFO - [G] 2026-01-31 00:39:52 :: INFO  :: TIMER :: [0007] Injected Undiscovered Sprite in 0.068 ms
INFO - [G] 2026-01-31 00:39:52 :: INFO  :: TIMER :: [0002] Injected Blind in 0.080 ms
INFO - [G] 2026-01-31 00:39:52 :: INFO  :: TIMER :: [0004] Injected Seal in 0.161 ms
INFO - [G] 2026-01-31 00:39:52 :: INFO  :: TIMER :: [0004] Injected Suit in 0.078 ms
INFO - [G] 2026-01-31 00:39:52 :: INFO  :: TIMER :: [0013] Injected Rank in 0.123 ms
INFO - [G] 2026-01-31 00:39:52 :: INFO  :: TIMER :: [0062] Injected DeckSkin in 0.588 ms
INFO - [G] 2026-01-31 00:39:52 :: INFO  :: TIMER :: [0017] Injected JimboQuip in 0.072 ms
INFO - [G] 2026-01-31 00:39:52 :: INFO  :: TIMER :: [0012] Injected PokerHand in 0.050 ms
INFO - [G] 2026-01-31 00:39:52 :: INFO  :: TIMER :: [0020] Injected Challenge in 0.113 ms
INFO - [G] 2026-01-31 00:39:52 :: INFO  :: TIMER :: [0000] Injected Tag in 0.005 ms
INFO - [G] 2026-01-31 00:39:52 :: INFO  :: TIMER :: [0004] Injected Sticker in 0.110 ms
INFO - [G] 2026-01-31 00:39:52 :: INFO  :: TIMER :: [0001] Injected Shader in 5.340 ms
INFO - [G] 2026-01-31 00:39:52 :: INFO  :: TIMER :: [0002] Injected Keybind in 0.019 ms
INFO - [G] 2026-01-31 00:39:52 :: INFO  :: TIMER :: [0000] Injected Achievement in 0.025 ms
INFO - [G] 2026-01-31 00:39:52 :: INFO  :: TIMER :: [0002] Injected Scoring_Parameters in 0.190 ms
INFO - [G] 2026-01-31 00:39:52 :: INFO  :: TIMER :: [0007] Injected Scoring_Calculations in 0.102 ms
INFO - [G] 2026-01-31 00:39:52 :: INFO  :: TIMER :: [0021] Injected Draw Step in 0.141 ms
INFO - [G] 2026-01-31 00:39:52 :: INFO  :: TIMER :: [0000] Injected [INTERNAL] in 12.819 ms
INFO - [G] 2026-01-31 00:39:52 :: INFO  :: TIMER :: [0004] Injected AltTexture in 95.193 ms
INFO - [G] 2026-01-31 00:39:52 :: INFO  :: TIMER :: [0002] Injected Texture Pack in 0.028 ms
