INFO - [♥] Lovely 0.9.0
INFO - [♥] Game directory is at "Z:\\home\\aechewhy\\Games\\Balatro"
INFO - [♥] Writing logs to "C:\\users\\steamuser\\AppData\\Roaming\\Balatro\\Mods\\lovely\\log"
INFO - [♥] Using mod directory at "C:\\users\\steamuser\\AppData\\Roaming\\Balatro\\Mods"
INFO - [♥] No blacklist.txt in Mods/lovely.
INFO - [♥] Initialization complete in 61ms
INFO - [♥] Applied 9 patches to 'main.lua'
INFO - [♥] Applied 5 patches to 'engine/controller.lua'
INFO - [♥] Applied 15 patches to 'back.lua'
INFO - [♥] Applied 10 patches to 'tag.lua'
INFO - [♥] Applied 5 patches to 'engine/event.lua'
INFO - [♥] Applied 1 patch to 'engine/node.lua'
INFO - [♥] Applied 2 patches to 'engine/moveable.lua'
INFO - [♥] Applied 2 patches to 'engine/sprite.lua'
INFO - [♥] Applied 4 patches to 'engine/animatedsprite.lua'
INFO - [♥] Applied 78 patches to 'functions/misc_functions.lua'
INFO - [♥] Applied 54 patches to 'game.lua'
INFO - [♥] Applied 1 patch to 'globals.lua'
INFO - [♥] Applied 7 patches to 'engine/ui.lua'
INFO - [♥] Applied 113 patches to 'functions/UI_definitions.lua'
INFO - [♥] Applied 59 patches to 'functions/state_events.lua'
INFO - [♥] Applied 127 patches to 'functions/common_events.lua'
INFO - [♥] Applied 57 patches to 'functions/button_callbacks.lua'
INFO - [♥] Applied 222 patches to 'card.lua'
INFO - [♥] Applied 19 patches to 'cardarea.lua'
INFO - [♥] Applied 42 patches to 'blind.lua'
INFO - [♥] Applied 10 patches to 'card_character.lua'
INFO - [♥] Applied 15 patches to 'engine/text.lua'
INFO - [G] Failed to connect to the debug server
INFO - [G] 2026-01-30 22:09:27 :: DEBUG :: DebugConsole :: Steamodded Debug Socket started !
INFO - [G] 2026-01-30 22:09:27 :: INFO  :: SMODS :: Steamodded v1.0.0~BETA-1224a
INFO - [♥] Applied 9 patches to 'engine/sound_manager.lua'
INFO - [♥] Applied 1 patch to 'engine/save_manager.lua'
INFO - [G] 2026-01-30 22:09:28 :: TRACE :: Loader :: Processing Mod file (Legacy header): facesofsin.lua
INFO - [G] 2026-01-30 22:09:28 :: TRACE :: Loader :: Saving Mod Info: fos
INFO - [G] 2026-01-30 22:09:28 :: ERROR :: Loader :: Found invalid metadata JSON file at C:\users\steamuser\AppData\Roaming\Balatro\Mods/lovely/dump/back.lua.json, ignoring: [SMODS _ "src/loader.lua"]:226: id
INFO - [G] 2026-01-30 22:09:28 :: ERROR :: Loader :: Found invalid metadata JSON file at C:\users\steamuser\AppData\Roaming\Balatro\Mods/lovely/dump/blind.lua.json, ignoring: [SMODS _ "src/loader.lua"]:226: id
INFO - [G] 2026-01-30 22:09:28 :: ERROR :: Loader :: Found invalid metadata JSON file at C:\users\steamuser\AppData\Roaming\Balatro\Mods/lovely/dump/card.lua.json, ignoring: [SMODS _ "src/loader.lua"]:226: id
INFO - [G] 2026-01-30 22:09:28 :: ERROR :: Loader :: Found invalid metadata JSON file at C:\users\steamuser\AppData\Roaming\Balatro\Mods/lovely/dump/card_character.lua.json, ignoring: [SMODS _ "src/loader.lua"]:226: id
INFO - [G] 2026-01-30 22:09:28 :: ERROR :: Loader :: Found invalid metadata JSON file at C:\users\steamuser\AppData\Roaming\Balatro\Mods/lovely/dump/cardarea.lua.json, ignoring: [SMODS _ "src/loader.lua"]:226: id
INFO - [G] 2026-01-30 22:09:28 :: ERROR :: Loader :: Found invalid metadata JSON file at C:\users\steamuser\AppData\Roaming\Balatro\Mods/lovely/dump/game.lua.json, ignoring: [SMODS _ "src/loader.lua"]:226: id
INFO - [G] 2026-01-30 22:09:28 :: ERROR :: Loader :: Found invalid metadata JSON file at C:\users\steamuser\AppData\Roaming\Balatro\Mods/lovely/dump/globals.lua.json, ignoring: [SMODS _ "src/loader.lua"]:226: id
INFO - [G] 2026-01-30 22:09:28 :: ERROR :: Loader :: Found invalid metadata JSON file at C:\users\steamuser\AppData\Roaming\Balatro\Mods/lovely/dump/main.lua.json, ignoring: [SMODS _ "src/loader.lua"]:226: id
INFO - [G] 2026-01-30 22:09:28 :: ERROR :: Loader :: Found invalid metadata JSON file at C:\users\steamuser\AppData\Roaming\Balatro\Mods/lovely/dump/tag.lua.json, ignoring: [SMODS _ "src/loader.lua"]:226: id
INFO - [G] 2026-01-30 22:09:28 :: ERROR :: Loader :: Found invalid metadata JSON file at C:\users\steamuser\AppData\Roaming\Balatro\Mods/lovely/game-dump/back.lua.json, ignoring: [SMODS _ "src/loader.lua"]:226: id
INFO - [G] 2026-01-30 22:09:28 :: ERROR :: Loader :: Found invalid metadata JSON file at C:\users\steamuser\AppData\Roaming\Balatro\Mods/lovely/game-dump/blind.lua.json, ignoring: [SMODS _ "src/loader.lua"]:226: id
INFO - [G] 2026-01-30 22:09:28 :: ERROR :: Loader :: Found invalid metadata JSON file at C:\users\steamuser\AppData\Roaming\Balatro\Mods/lovely/game-dump/card.lua.json, ignoring: [SMODS _ "src/loader.lua"]:226: id
INFO - [G] 2026-01-30 22:09:28 :: ERROR :: Loader :: Found invalid metadata JSON file at C:\users\steamuser\AppData\Roaming\Balatro\Mods/lovely/game-dump/card_character.lua.json, ignoring: [SMODS _ "src/loader.lua"]:226: id
INFO - [G] 2026-01-30 22:09:28 :: ERROR :: Loader :: Found invalid metadata JSON file at C:\users\steamuser\AppData\Roaming\Balatro\Mods/lovely/game-dump/cardarea.lua.json, ignoring: [SMODS _ "src/loader.lua"]:226: id
INFO - [G] 2026-01-30 22:09:28 :: ERROR :: Loader :: Found invalid metadata JSON file at C:\users\steamuser\AppData\Roaming\Balatro\Mods/lovely/game-dump/game.lua.json, ignoring: [SMODS _ "src/loader.lua"]:226: id
INFO - [G] 2026-01-30 22:09:28 :: ERROR :: Loader :: Found invalid metadata JSON file at C:\users\steamuser\AppData\Roaming\Balatro\Mods/lovely/game-dump/globals.lua.json, ignoring: [SMODS _ "src/loader.lua"]:226: id
INFO - [G] 2026-01-30 22:09:28 :: ERROR :: Loader :: Found invalid metadata JSON file at C:\users\steamuser\AppData\Roaming\Balatro\Mods/lovely/game-dump/main.lua.json, ignoring: [SMODS _ "src/loader.lua"]:226: id
INFO - [G] 2026-01-30 22:09:28 :: ERROR :: Loader :: Found invalid metadata JSON file at C:\users\steamuser\AppData\Roaming\Balatro\Mods/lovely/game-dump/tag.lua.json, ignoring: [SMODS _ "src/loader.lua"]:226: id
INFO - [G] 2026-01-30 22:09:28 :: WARN  :: DeckSkin :: Old DeckSkin formatting detected on DeckSkin fos_hearts_skin!
INFO - [G] 2026-01-30 22:09:28 :: WARN  :: DeckSkin :: Old DeckSkin formatting detected on DeckSkin fos_clubs_skin!
INFO - [G] 2026-01-30 22:09:28 :: WARN  :: DeckSkin :: Old DeckSkin formatting detected on DeckSkin fos_diamonds_skin!
INFO - [G] 2026-01-30 22:09:28 :: WARN  :: DeckSkin :: Old DeckSkin formatting detected on DeckSkin fos_spades_skin!
INFO - [G] 2026-01-30 22:09:28 :: DEBUG :: DefaultLogger :: FacesOfSin :: Loaded Textures
INFO - [G] 2026-01-30 22:09:28 :: INFO  :: TIMER :: [0000] Injected Fonts in 0.004 ms
INFO - [G] 2026-01-30 22:09:28 :: INFO  :: TIMER :: [0000] Injected DynaTextEffects in 0.002 ms
INFO - [G] 2026-01-30 22:09:28 :: INFO  :: TIMER :: [0000] Injected Language in 0.004 ms
INFO - [G] 2026-01-30 22:09:28 :: INFO  :: TIMER :: [0000] Injected [INTERNAL] in 1.435 ms
INFO - [G] 2026-01-30 22:09:28 :: INFO  :: TIMER :: [0004] Injected Atlas in 465.207 ms
INFO - [G] 2026-01-30 22:09:28 :: INFO  :: TIMER :: [0001] Injected Sound in 0.218 ms
INFO - [G] 2026-01-30 22:09:28 :: INFO  :: TIMER :: [0002] Injected nil in 0.013 ms
INFO - [G] 2026-01-30 22:09:28 :: INFO  :: TIMER :: [0008] Injected Stake in 0.314 ms
INFO - [G] 2026-01-30 22:09:29 :: INFO  :: TIMER :: [0004] Injected Rarity in 0.045 ms
INFO - [G] 2026-01-30 22:09:29 :: INFO  :: TIMER :: [0004] Injected ObjectType in 0.046 ms
INFO - [G] 2026-01-30 22:09:29 :: INFO  :: TIMER :: [0050] Injected Center in 0.595 ms
INFO - [G] 2026-01-30 22:09:29 :: INFO  :: TIMER :: [0007] Injected Undiscovered Sprite in 0.023 ms
INFO - [G] 2026-01-30 22:09:29 :: INFO  :: TIMER :: [0002] Injected Blind in 0.026 ms
INFO - [G] 2026-01-30 22:09:29 :: INFO  :: TIMER :: [0004] Injected Seal in 0.205 ms
INFO - [G] 2026-01-30 22:09:29 :: INFO  :: TIMER :: [0004] Injected Suit in 0.097 ms
INFO - [G] 2026-01-30 22:09:29 :: INFO  :: TIMER :: [0013] Injected Rank in 0.157 ms
INFO - [G] 2026-01-30 22:09:29 :: INFO  :: TIMER :: [0032] Injected DeckSkin in 0.299 ms
INFO - [G] 2026-01-30 22:09:29 :: INFO  :: TIMER :: [0017] Injected JimboQuip in 0.063 ms
INFO - [G] 2026-01-30 22:09:29 :: INFO  :: TIMER :: [0012] Injected PokerHand in 0.104 ms
INFO - [G] 2026-01-30 22:09:29 :: INFO  :: TIMER :: [0020] Injected Challenge in 0.043 ms
INFO - [G] 2026-01-30 22:09:29 :: INFO  :: TIMER :: [0000] Injected Tag in 0.006 ms
INFO - [G] 2026-01-30 22:09:29 :: INFO  :: TIMER :: [0004] Injected Sticker in 0.103 ms
INFO - [G] 2026-01-30 22:09:29 :: INFO  :: TIMER :: [0000] Injected Shader in 0.006 ms
INFO - [G] 2026-01-30 22:09:29 :: INFO  :: TIMER :: [0002] Injected Keybind in 0.027 ms
INFO - [G] 2026-01-30 22:09:29 :: INFO  :: TIMER :: [0000] Injected Achievement in 0.025 ms
INFO - [G] 2026-01-30 22:09:29 :: INFO  :: TIMER :: [0002] Injected Scoring_Parameters in 0.209 ms
INFO - [G] 2026-01-30 22:09:29 :: INFO  :: TIMER :: [0003] Injected Scoring_Calculations in 0.018 ms
INFO - [G] 2026-01-30 22:09:29 :: INFO  :: TIMER :: [0021] Injected Draw Step in 0.072 ms
INFO - [G] 2026-01-30 22:09:29 :: INFO  :: TIMER :: [0000] Injected [INTERNAL] in 0.330 ms
